#
# A fatal error has been detected by the Java Runtime Environment:
#
#  EXCEPTION_ACCESS_VIOLATION (0xc0000005) at pc=0x00007ffc02314c8a, pid=75644, tid=85884
#
# JRE version: Java(TM) SE Runtime Environment (16.0.1+9) (build 16.0.1+9-24)
# Java VM: Java HotSpot(TM) 64-Bit Server VM (16.0.1+9-24, mixed mode, sharing, tiered, compressed oops, compressed class ptrs, g1 gc, windows-amd64)
# Problematic frame:
# C  [ig12icd64.dll+0xf4c8a]
#
# No core dump will be written. Minidumps are not enabled by default on client versions of Windows
#
# If you would like to submit a bug report, please visit:
#   https://bugreport.java.com/bugreport/crash.jsp
#

---------------  S U M M A R Y ------------

Command Line: -Djava.library.path=C:\Users\zivor\eclipse-workspace\graphics\libs\natives;C:\Users\zivor\eclipse-workspace\graphics\libs\natives -Dfile.encoding=Cp1255 -XX:+ShowCodeDetailsInExceptionMessages graphics.MainGameLoop

Host: 11th Gen Intel(R) Core(TM) i5-1135G7 @ 2.40GHz, 8 cores, 7G,  Windows 10 , 64 bit Build 22000 (10.0.22000.434)
Time: Wed Apr 20 19:20:29 2022  Windows 10 , 64 bit Build 22000 (10.0.22000.434) elapsed time: 1.281567 seconds (0d 0h 0m 1s)

---------------  T H R E A D  ---------------

Current thread (0x000001e5007b9aa0):  VMThread "VM Thread" [stack: 0x000000dfe6a00000,0x000000dfe6b00000] [id=85884]

Stack: [0x000000dfe6a00000,0x000000dfe6b00000],  sp=0x000000dfe6afe5d0,  free space=1017k
Native frames: (J=compiled Java code, j=interpreted, Vv=VM code, C=native code)
C  [ig12icd64.dll+0xf4c8a]


siginfo: EXCEPTION_ACCESS_VIOLATION (0xc0000005), reading address 0x00000000000353a8


Register to memory mapping:

RIP=0x00007ffc02314c8a ig12icd64.dll
RAX=0x000001e50c7ced28 points into unknown readable memory: 0x0000000000000290 | 90 02 00 00 00 00 00 00
RBX=0x000001e50c7cf130 points into unknown readable memory: 0x000001e50c7d2950 | 50 29 7d 0c e5 01 00 00
RCX=0x0000000000000001 is an unknown value
RDX=0x0 is NULL
RSP=0x000000dfe6afe5d0 points into unknown readable memory: 0x000001e501556a20 | 20 6a 55 01 e5 01 00 00
RBP=0x000000dfe6afe6d0 points into unknown readable memory: 0x0191e5ca00cad7c9 | c9 d7 ca 00 ca e5 91 01
RSI=0x000001e50c7cec20 points into unknown readable memory: 0x000001e5628b5660 | 60 56 8b 62 e5 01 00 00
RDI=0x000001e503688b80 points into unknown readable memory: 0x00007ffc02ce5d00 | 00 5d ce 02 fc 7f 00 00
R8 =0x000001e50c7cece8 points into unknown readable memory: 0x0000000000000000 | 00 00 00 00 00 00 00 00
R9 =0x0 is NULL
R10=0x0 is NULL
R11=0x0000000000000246 is an unknown value
R12=0x0000000000000016 is an unknown value
R13=0x000001e50c7cec20 points into unknown readable memory: 0x000001e5628b5660 | 60 56 8b 62 e5 01 00 00
R14=0x0 is NULL
R15=0x0 is NULL


Registers:
RAX=0x000001e50c7ced28, RBX=0x000001e50c7cf130, RCX=0x0000000000000001, RDX=0x0000000000000000
RSP=0x000000dfe6afe5d0, RBP=0x000000dfe6afe6d0, RSI=0x000001e50c7cec20, RDI=0x000001e503688b80
R8 =0x000001e50c7cece8, R9 =0x0000000000000000, R10=0x0000000000000000, R11=0x0000000000000246
R12=0x0000000000000016, R13=0x000001e50c7cec20, R14=0x0000000000000000, R15=0x0000000000000000
RIP=0x00007ffc02314c8a, EFLAGS=0x0000000000010206

Top of Stack: (sp=0x000000dfe6afe5d0)
0x000000dfe6afe5d0:   000001e501556a20 0000000000000000
0x000000dfe6afe5e0:   0000000000000000 0000000000000000
0x000000dfe6afe5f0:   0000001601000000 0000000000000000
0x000000dfe6afe600:   000001e50c7d2950 0141b9600156aa60
0x000000dfe6afe610:   0185436100e0c160 000001e501556a20
0x000000dfe6afe620:   0190326f010e7f65 01d35d7801d19a70
0x000000dfe6afe630:   01693a8101a66478 018c508501a3c781
0x000000dfe6afe640:   008a509101693a8f 00c7699300718292
0x000000dfe6afe650:   010b399600d49694 013b2097016f6c96
0x000000dfe6afe660:   01b9479b01680e99 01da609c00a4569b
0x000000dfe6afe670:   00c3609f00d5379f 00cac89f013c839f
0x000000dfe6afe680:   011cada0018566a0 01a84aa2010ab5a0
0x000000dfe6afe690:   00cfdba4016b7ba3 01e0c5a70133c2a7
0x000000dfe6afe6a0:   013086ab00dbb2a9 010e84ac01c99fab
0x000000dfe6afe6b0:   0098ceb101a65bad 012289b401454ab2
0x000000dfe6afe6c0:   005d51b601c5d7b4 00d121c2013ab3bc 

Instructions: (pc=0x00007ffc02314c8a)
0x00007ffc02314b8a:   30 48 8b 05 2e a3 cd 00 8b 80 1c 0a 00 00 89 44
0x00007ffc02314b9a:   24 24 45 32 e4 44 88 64 24 20 48 c7 87 80 02 00
0x00007ffc02314baa:   00 00 00 00 00 c7 87 88 02 00 00 00 00 00 00 48
0x00007ffc02314bba:   c7 87 a0 02 00 00 00 00 00 00 48 c7 87 90 02 00
0x00007ffc02314bca:   00 00 00 00 00 4d 85 f6 75 3e 8b 35 96 32 dd 00
0x00007ffc02314bda:   65 48 8b 04 25 58 00 00 00 ba 30 00 00 00 48 8b
0x00007ffc02314bea:   04 f0 44 38 24 02 0f 84 13 d5 88 00 65 48 8b 04
0x00007ffc02314bfa:   25 58 00 00 00 41 be 08 00 00 00 48 8b 04 f0 4d
0x00007ffc02314c0a:   8b 34 06 4c 89 74 24 28 4c 3b 35 87 56 dd 00 0f
0x00007ffc02314c1a:   84 ce 10 00 00 44 8b 64 24 24 48 85 c9 0f 84 77
0x00007ffc02314c2a:   0b 00 00 0f 1f 00 48 8b f1 4c 8b e9 48 8d 99 10
0x00007ffc02314c3a:   05 00 00 48 8b 03 48 89 44 24 30 45 84 ff 0f 85
0x00007ffc02314c4a:   57 0f 00 00 8b 8f d0 01 00 00 48 8b 05 65 a2 cd
0x00007ffc02314c5a:   00 83 b8 54 03 00 00 02 75 33 4d 8d 85 c8 00 00
0x00007ffc02314c6a:   00 83 f9 10 0f 83 60 08 00 00 8b c1 48 c1 e0 06
0x00007ffc02314c7a:   49 03 c0 48 85 c0 0f 84 c0 08 00 00 48 8b 50 08
0x00007ffc02314c8a:   49 3b 96 a8 53 03 00 0f 87 1e 0f 00 00 48 83 be
0x00007ffc02314c9a:   68 05 00 00 00 0f 85 99 d4 88 00 44 8b 8f d0 01
0x00007ffc02314caa:   00 00 48 8b 87 e8 01 00 00 4c 8b 00 8b 8f d0 01
0x00007ffc02314cba:   00 00 4c 8d b6 c8 00 00 00 83 f9 10 0f 83 3f 08
0x00007ffc02314cca:   00 00 8b c1 48 c1 e0 06 49 03 c6 48 85 c0 0f 84
0x00007ffc02314cda:   6f 08 00 00 4c 39 40 08 0f 86 65 08 00 00 48 8b
0x00007ffc02314cea:   87 80 02 00 00 48 89 03 48 89 b7 80 02 00 00 ff
0x00007ffc02314cfa:   87 88 02 00 00 48 8b 4e 08 48 8b 01 ba 01 00 00
0x00007ffc02314d0a:   00 48 8b 80 e0 02 00 00 ff 15 e8 08 9c 00 0f b7
0x00007ffc02314d1a:   c8 48 2b c1 48 05 00 00 01 00 48 01 87 90 02 00
0x00007ffc02314d2a:   00 48 8b 4e 08 48 8b 01 ba 01 00 00 00 48 8b 80
0x00007ffc02314d3a:   e0 02 00 00 ff 15 bc 08 9c 00 48 01 87 a0 02 00
0x00007ffc02314d4a:   00 e9 61 07 00 00 48 8b c3 48 c1 e0 06 49 03 c6
0x00007ffc02314d5a:   48 85 c0 0f 84 77 09 00 00 4c 89 60 10 4c 8d b7
0x00007ffc02314d6a:   f0 02 00 00 49 8b 1e 48 89 5c 24 78 48 b8 aa aa
0x00007ffc02314d7a:   aa aa aa aa aa 0a 49 39 46 08 0f 84 d3 d4 88 00 


Stack slot to memory mapping:
stack at sp + 0 slots: 0x000001e501556a20 points into unknown readable memory: 0xffffffffffffffff | ff ff ff ff ff ff ff ff
stack at sp + 1 slots: 0x0 is NULL
stack at sp + 2 slots: 0x0 is NULL
stack at sp + 3 slots: 0x0 is NULL
stack at sp + 4 slots: 0x0000001601000000 is an unknown value
stack at sp + 5 slots: 0x0 is NULL
stack at sp + 6 slots: 0x000001e50c7d2950 points into unknown readable memory: 0x000001e5628b5660 | 60 56 8b 62 e5 01 00 00
stack at sp + 7 slots: 0x0141b9600156aa60 is an unknown value

VM_Operation (0x000000dfe64ff080): Exit, mode: safepoint, requested by thread 0x000001e56285a040


---------------  P R O C E S S  ---------------

Threads class SMR info:
_java_thread_list=0x000001e50c8446b0, length=13, elements={
0x000001e56285a040, 0x000001e5007bf4b0, 0x000001e5007bffc0, 0x000001e5007d6cf0,
0x000001e5007d9610, 0x000001e5007daf30, 0x000001e5007e0d80, 0x000001e5007df3f0,
0x000001e50080b6c0, 0x000001e500813e20, 0x000001e5014ccbe0, 0x000001e5014cd800,
0x000001e50c653890
}

Java Threads: ( => current thread )
  0x000001e56285a040 JavaThread "main" [_thread_blocked, id=85464, stack(0x000000dfe6400000,0x000000dfe6500000)]
  0x000001e5007bf4b0 JavaThread "Reference Handler" daemon [_thread_blocked, id=91088, stack(0x000000dfe6b00000,0x000000dfe6c00000)]
  0x000001e5007bffc0 JavaThread "Finalizer" daemon [_thread_blocked, id=98384, stack(0x000000dfe6c00000,0x000000dfe6d00000)]
  0x000001e5007d6cf0 JavaThread "Signal Dispatcher" daemon [_thread_blocked, id=100416, stack(0x000000dfe6d00000,0x000000dfe6e00000)]
  0x000001e5007d9610 JavaThread "Attach Listener" daemon [_thread_blocked, id=81540, stack(0x000000dfe6e00000,0x000000dfe6f00000)]
  0x000001e5007daf30 JavaThread "Service Thread" daemon [_thread_blocked, id=98680, stack(0x000000dfe6f00000,0x000000dfe7000000)]
  0x000001e5007e0d80 JavaThread "Monitor Deflation Thread" daemon [_thread_blocked, id=97204, stack(0x000000dfe7000000,0x000000dfe7100000)]
  0x000001e5007df3f0 JavaThread "C2 CompilerThread0" daemon [_thread_blocked, id=100380, stack(0x000000dfe7100000,0x000000dfe7200000)]
  0x000001e50080b6c0 JavaThread "C1 CompilerThread0" daemon [_thread_blocked, id=91864, stack(0x000000dfe7200000,0x000000dfe7300000)]
  0x000001e500813e20 JavaThread "Sweeper thread" daemon [_thread_blocked, id=101580, stack(0x000000dfe7300000,0x000000dfe7400000)]
  0x000001e5014ccbe0 JavaThread "Notification Thread" daemon [_thread_blocked, id=10096, stack(0x000000dfe7400000,0x000000dfe7500000)]
  0x000001e5014cd800 JavaThread "Common-Cleaner" daemon [_thread_blocked, id=99816, stack(0x000000dfe7600000,0x000000dfe7700000)]
  0x000001e50c653890 JavaThread "Java2D Disposer" daemon [_thread_blocked, id=71796, stack(0x000000dfe7d00000,0x000000dfe7e00000)]

Other Threads:
=>0x000001e5007b9aa0 VMThread "VM Thread" [stack: 0x000000dfe6a00000,0x000000dfe6b00000] [id=85884]
  0x000001e56289b850 GCTaskThread "GC Thread#0" [stack: 0x000000dfe6500000,0x000000dfe6600000] [id=101208]
  0x000001e50c6335e0 GCTaskThread "GC Thread#1" [stack: 0x000000dfe7e00000,0x000000dfe7f00000] [id=89696]
  0x000001e50c4fd380 GCTaskThread "GC Thread#2" [stack: 0x000000dfe7f00000,0x000000dfe8000000] [id=98932]
  0x000001e50c84bfa0 GCTaskThread "GC Thread#3" [stack: 0x000000dfe8000000,0x000000dfe8100000] [id=102060]
  0x000001e50c649760 GCTaskThread "GC Thread#4" [stack: 0x000000dfe8100000,0x000000dfe8200000] [id=102168]
  0x000001e503cf4c10 GCTaskThread "GC Thread#5" [stack: 0x000000dfe8200000,0x000000dfe8300000] [id=102232]
  0x000001e50c5403d0 GCTaskThread "GC Thread#6" [stack: 0x000000dfe8300000,0x000000dfe8400000] [id=83560]
  0x000001e50c5406e0 GCTaskThread "GC Thread#7" [stack: 0x000000dfe8400000,0x000000dfe8500000] [id=83508]
  0x000001e5628ad910 ConcurrentGCThread "G1 Main Marker" terminated
  0x000001e5628ae8a0 ConcurrentGCThread "G1 Conc#0" [stack: 0x000000dfe6700000,0x000000dfe6800000] [id=99756]
  0x000001e50c53f790 ConcurrentGCThread "G1 Conc#1" [stack: 0x000000dfe8500000,0x000000dfe8600000] [id=90188]
  0x000001e562935dd0 ConcurrentGCThread "G1 Refine#0" terminated
  0x000001e50c7941b0 ConcurrentGCThread "G1 Refine#1" terminated
  0x000001e562936760 ConcurrentGCThread "G1 Service" terminated

Threads with active compile tasks:

VM state: at safepoint (shutting down)

VM Mutex/Monitor currently owned by a thread:  ([mutex/lock_event])
[0x000001e562856c30] Threads_lock - owner thread: 0x000001e5007b9aa0
[0x000001e5628570b0] Heap_lock - owner thread: 0x000001e56285a040

Heap address: 0x0000000083200000, size: 1998 MB, Compressed Oops mode: 32-bit

CDS archive(s) mapped at: [0x0000000800000000-0x0000000800bb0000-0x0000000800bb0000), size 12255232, SharedBaseAddress: 0x0000000800000000, ArchiveRelocationMode: 0.
Compressed class space mapped at: 0x0000000800c00000-0x0000000840c00000, reserved size: 1073741824
Narrow klass base: 0x0000000800000000, Narrow klass shift: 3, Narrow klass range: 0x100000000

GC Precious Log:
 CPUs: 8 total, 8 available
 Memory: 7991M
 Large Page Support: Disabled
 NUMA Support: Disabled
 Compressed Oops: Enabled (32-bit)
 Heap Region Size: 1M
 Heap Min Capacity: 8M
 Heap Initial Capacity: 126M
 Heap Max Capacity: 1998M
 Pre-touch: Disabled
 Parallel Workers: 8
 Concurrent Workers: 2
 Concurrent Refinement Workers: 8
 Periodic GC: Disabled

Heap:
 garbage-first heap   total 204800K, used 121159K [0x0000000083200000, 0x0000000100000000)
  region size 1024K, 106 young (108544K), 2 survivors (2048K)
 Metaspace       used 4259K, committed 4416K, reserved 1056768K
  class space    used 290K, committed 384K, reserved 1048576K

Heap Regions: E=young(eden), S=young(survivor), O=old, HS=humongous(starts), HC=humongous(continues), CS=collection set, F=free, OA=open archive, CA=closed archive, TAMS=top-at-mark-start (previous, next)
|   0|0x0000000083200000, 0x0000000083300000, 0x0000000083300000|100%| O|  |TAMS 0x0000000083300000, 0x0000000083200000| Untracked 
|   1|0x0000000083300000, 0x0000000083400000, 0x0000000083400000|100%| O|  |TAMS 0x0000000083400000, 0x0000000083300000| Untracked 
|   2|0x0000000083400000, 0x0000000083500000, 0x0000000083500000|100%|HS|  |TAMS 0x0000000083500000, 0x0000000083400000| Complete 
|   3|0x0000000083500000, 0x0000000083600000, 0x0000000083600000|100%|HC|  |TAMS 0x0000000083600000, 0x0000000083500000| Complete 
|   4|0x0000000083600000, 0x0000000083700000, 0x0000000083700000|100%|HC|  |TAMS 0x0000000083700000, 0x0000000083600000| Complete 
|   5|0x0000000083700000, 0x0000000083800000, 0x0000000083800000|100%|HC|  |TAMS 0x0000000083800000, 0x0000000083700000| Complete 
|   6|0x0000000083800000, 0x0000000083900000, 0x0000000083900000|100%|HC|  |TAMS 0x0000000083900000, 0x0000000083800000| Complete 
|   7|0x0000000083900000, 0x0000000083a00000, 0x0000000083a00000|100%|HS|  |TAMS 0x0000000083900000, 0x0000000083900000| Complete 
|   8|0x0000000083a00000, 0x0000000083b00000, 0x0000000083b00000|100%|HS|  |TAMS 0x0000000083a00000, 0x0000000083a00000| Complete 
|   9|0x0000000083b00000, 0x0000000083c00000, 0x0000000083c00000|100%|HS|  |TAMS 0x0000000083b00000, 0x0000000083b00000| Complete 
|  10|0x0000000083c00000, 0x0000000083c00000, 0x0000000083d00000|  0%| F|  |TAMS 0x0000000083c00000, 0x0000000083c00000| Untracked 
|  11|0x0000000083d00000, 0x0000000083d00000, 0x0000000083e00000|  0%| F|  |TAMS 0x0000000083d00000, 0x0000000083d00000| Untracked 
|  12|0x0000000083e00000, 0x0000000083e00000, 0x0000000083f00000|  0%| F|  |TAMS 0x0000000083e00000, 0x0000000083e00000| Untracked 
|  13|0x0000000083f00000, 0x0000000083f00000, 0x0000000084000000|  0%| F|  |TAMS 0x0000000083f00000, 0x0000000083f00000| Untracked 
|  14|0x0000000084000000, 0x0000000084000000, 0x0000000084100000|  0%| F|  |TAMS 0x0000000084000000, 0x0000000084000000| Untracked 
|  15|0x0000000084100000, 0x0000000084100000, 0x0000000084200000|  0%| F|  |TAMS 0x0000000084100000, 0x0000000084100000| Untracked 
|  16|0x0000000084200000, 0x0000000084200000, 0x0000000084300000|  0%| F|  |TAMS 0x0000000084200000, 0x0000000084200000| Untracked 
|  17|0x0000000084300000, 0x0000000084300000, 0x0000000084400000|  0%| F|  |TAMS 0x0000000084300000, 0x0000000084300000| Untracked 
|  18|0x0000000084400000, 0x0000000084400000, 0x0000000084500000|  0%| F|  |TAMS 0x0000000084400000, 0x0000000084400000| Untracked 
|  19|0x0000000084500000, 0x0000000084500000, 0x0000000084600000|  0%| F|  |TAMS 0x0000000084500000, 0x0000000084500000| Untracked 
|  20|0x0000000084600000, 0x0000000084600000, 0x0000000084700000|  0%| F|  |TAMS 0x0000000084600000, 0x0000000084600000| Untracked 
|  21|0x0000000084700000, 0x0000000084700000, 0x0000000084800000|  0%| F|  |TAMS 0x0000000084700000, 0x0000000084700000| Untracked 
|  22|0x0000000084800000, 0x0000000084800000, 0x0000000084900000|  0%| F|  |TAMS 0x0000000084800000, 0x0000000084800000| Untracked 
|  23|0x0000000084900000, 0x0000000084900000, 0x0000000084a00000|  0%| F|  |TAMS 0x0000000084900000, 0x0000000084900000| Untracked 
|  24|0x0000000084a00000, 0x0000000084a00000, 0x0000000084b00000|  0%| F|  |TAMS 0x0000000084a00000, 0x0000000084a00000| Untracked 
|  25|0x0000000084b00000, 0x0000000084b00000, 0x0000000084c00000|  0%| F|  |TAMS 0x0000000084b00000, 0x0000000084b00000| Untracked 
|  26|0x0000000084c00000, 0x0000000084c00000, 0x0000000084d00000|  0%| F|  |TAMS 0x0000000084c00000, 0x0000000084c00000| Untracked 
|  27|0x0000000084d00000, 0x0000000084d00000, 0x0000000084e00000|  0%| F|  |TAMS 0x0000000084d00000, 0x0000000084d00000| Untracked 
|  28|0x0000000084e00000, 0x0000000084e00000, 0x0000000084f00000|  0%| F|  |TAMS 0x0000000084e00000, 0x0000000084e00000| Untracked 
|  29|0x0000000084f00000, 0x0000000084f00000, 0x0000000085000000|  0%| F|  |TAMS 0x0000000084f00000, 0x0000000084f00000| Untracked 
|  30|0x0000000085000000, 0x0000000085000000, 0x0000000085100000|  0%| F|  |TAMS 0x0000000085000000, 0x0000000085000000| Untracked 
|  31|0x0000000085100000, 0x0000000085100000, 0x0000000085200000|  0%| F|  |TAMS 0x0000000085100000, 0x0000000085100000| Untracked 
|  32|0x0000000085200000, 0x0000000085200000, 0x0000000085300000|  0%| F|  |TAMS 0x0000000085200000, 0x0000000085200000| Untracked 
|  33|0x0000000085300000, 0x0000000085300000, 0x0000000085400000|  0%| F|  |TAMS 0x0000000085300000, 0x0000000085300000| Untracked 
|  34|0x0000000085400000, 0x0000000085400000, 0x0000000085500000|  0%| F|  |TAMS 0x0000000085400000, 0x0000000085400000| Untracked 
|  35|0x0000000085500000, 0x0000000085500000, 0x0000000085600000|  0%| F|  |TAMS 0x0000000085500000, 0x0000000085500000| Untracked 
|  36|0x0000000085600000, 0x0000000085600000, 0x0000000085700000|  0%| F|  |TAMS 0x0000000085600000, 0x0000000085600000| Untracked 
|  37|0x0000000085700000, 0x0000000085700000, 0x0000000085800000|  0%| F|  |TAMS 0x0000000085700000, 0x0000000085700000| Untracked 
|  38|0x0000000085800000, 0x0000000085800000, 0x0000000085900000|  0%| F|  |TAMS 0x0000000085800000, 0x0000000085800000| Untracked 
|  39|0x0000000085900000, 0x0000000085900000, 0x0000000085a00000|  0%| F|  |TAMS 0x0000000085900000, 0x0000000085900000| Untracked 
|  40|0x0000000085a00000, 0x0000000085a00000, 0x0000000085b00000|  0%| F|  |TAMS 0x0000000085a00000, 0x0000000085a00000| Untracked 
|  41|0x0000000085b00000, 0x0000000085b00000, 0x0000000085c00000|  0%| F|  |TAMS 0x0000000085b00000, 0x0000000085b00000| Untracked 
|  42|0x0000000085c00000, 0x0000000085d00000, 0x0000000085d00000|100%| O|  |TAMS 0x0000000085d00000, 0x0000000085c00000| Untracked 
|  43|0x0000000085d00000, 0x0000000085e00000, 0x0000000085e00000|100%| O|  |TAMS 0x0000000085e00000, 0x0000000085d00000| Untracked 
|  44|0x0000000085e00000, 0x0000000085f00000, 0x0000000085f00000|100%| O|  |TAMS 0x0000000085f00000, 0x0000000085e00000| Untracked 
|  45|0x0000000085f00000, 0x0000000085f00000, 0x0000000086000000|  0%| F|  |TAMS 0x0000000085f00000, 0x0000000085f00000| Untracked 
|  46|0x0000000086000000, 0x0000000086000000, 0x0000000086100000|  0%| F|  |TAMS 0x0000000086000000, 0x0000000086000000| Untracked 
|  47|0x0000000086100000, 0x0000000086100000, 0x0000000086200000|  0%| F|  |TAMS 0x0000000086100000, 0x0000000086100000| Untracked 
|  48|0x0000000086200000, 0x0000000086200000, 0x0000000086300000|  0%| F|  |TAMS 0x0000000086200000, 0x0000000086200000| Untracked 
|  49|0x0000000086300000, 0x0000000086300000, 0x0000000086400000|  0%| F|  |TAMS 0x0000000086300000, 0x0000000086300000| Untracked 
|  50|0x0000000086400000, 0x0000000086400000, 0x0000000086500000|  0%| F|  |TAMS 0x0000000086400000, 0x0000000086400000| Untracked 
|  51|0x0000000086500000, 0x0000000086500000, 0x0000000086600000|  0%| F|  |TAMS 0x0000000086500000, 0x0000000086500000| Untracked 
|  52|0x0000000086600000, 0x0000000086600000, 0x0000000086700000|  0%| F|  |TAMS 0x0000000086600000, 0x0000000086600000| Untracked 
|  53|0x0000000086700000, 0x0000000086700000, 0x0000000086800000|  0%| F|  |TAMS 0x0000000086700000, 0x0000000086700000| Untracked 
|  54|0x0000000086800000, 0x0000000086800000, 0x0000000086900000|  0%| F|  |TAMS 0x0000000086800000, 0x0000000086800000| Untracked 
|  55|0x0000000086900000, 0x0000000086900000, 0x0000000086a00000|  0%| F|  |TAMS 0x0000000086900000, 0x0000000086900000| Untracked 
|  56|0x0000000086a00000, 0x0000000086a00000, 0x0000000086b00000|  0%| F|  |TAMS 0x0000000086a00000, 0x0000000086a00000| Untracked 
|  57|0x0000000086b00000, 0x0000000086b00000, 0x0000000086c00000|  0%| F|  |TAMS 0x0000000086b00000, 0x0000000086b00000| Untracked 
|  58|0x0000000086c00000, 0x0000000086c00000, 0x0000000086d00000|  0%| F|  |TAMS 0x0000000086c00000, 0x0000000086c00000| Untracked 
|  59|0x0000000086d00000, 0x0000000086d00000, 0x0000000086e00000|  0%| F|  |TAMS 0x0000000086d00000, 0x0000000086d00000| Untracked 
|  60|0x0000000086e00000, 0x0000000086e00000, 0x0000000086f00000|  0%| F|  |TAMS 0x0000000086e00000, 0x0000000086e00000| Untracked 
|  61|0x0000000086f00000, 0x0000000086f00000, 0x0000000087000000|  0%| F|  |TAMS 0x0000000086f00000, 0x0000000086f00000| Untracked 
|  62|0x0000000087000000, 0x0000000087000000, 0x0000000087100000|  0%| F|  |TAMS 0x0000000087000000, 0x0000000087000000| Untracked 
|  63|0x0000000087100000, 0x0000000087100000, 0x0000000087200000|  0%| F|  |TAMS 0x0000000087100000, 0x0000000087100000| Untracked 
|  64|0x0000000087200000, 0x0000000087200000, 0x0000000087300000|  0%| F|  |TAMS 0x0000000087200000, 0x0000000087200000| Untracked 
|  65|0x0000000087300000, 0x0000000087300000, 0x0000000087400000|  0%| F|  |TAMS 0x0000000087300000, 0x0000000087300000| Untracked 
|  66|0x0000000087400000, 0x0000000087400000, 0x0000000087500000|  0%| F|  |TAMS 0x0000000087400000, 0x0000000087400000| Untracked 
|  67|0x0000000087500000, 0x0000000087500000, 0x0000000087600000|  0%| F|  |TAMS 0x0000000087500000, 0x0000000087500000| Untracked 
|  68|0x0000000087600000, 0x0000000087600000, 0x0000000087700000|  0%| F|  |TAMS 0x0000000087600000, 0x0000000087600000| Untracked 
|  69|0x0000000087700000, 0x00000000877c3e00, 0x0000000087800000| 76%| O|  |TAMS 0x00000000877c3e00, 0x0000000087700000| Untracked 
|  70|0x0000000087800000, 0x0000000087800000, 0x0000000087900000|  0%| F|  |TAMS 0x0000000087800000, 0x0000000087800000| Untracked 
|  71|0x0000000087900000, 0x0000000087900000, 0x0000000087a00000|  0%| F|  |TAMS 0x0000000087900000, 0x0000000087900000| Untracked 
|  72|0x0000000087a00000, 0x0000000087a00000, 0x0000000087b00000|  0%| F|  |TAMS 0x0000000087a00000, 0x0000000087a00000| Untracked 
|  73|0x0000000087b00000, 0x0000000087b00000, 0x0000000087c00000|  0%| F|  |TAMS 0x0000000087b00000, 0x0000000087b00000| Untracked 
|  74|0x0000000087c00000, 0x0000000087c00000, 0x0000000087d00000|  0%| F|  |TAMS 0x0000000087c00000, 0x0000000087c00000| Untracked 
|  75|0x0000000087d00000, 0x0000000087d00000, 0x0000000087e00000|  0%| F|  |TAMS 0x0000000087d00000, 0x0000000087d00000| Untracked 
|  76|0x0000000087e00000, 0x0000000087e00000, 0x0000000087f00000|  0%| F|  |TAMS 0x0000000087e00000, 0x0000000087e00000| Untracked 
|  77|0x0000000087f00000, 0x0000000087f00000, 0x0000000088000000|  0%| F|  |TAMS 0x0000000087f00000, 0x0000000087f00000| Untracked 
|  78|0x0000000088000000, 0x0000000088000000, 0x0000000088100000|  0%| F|  |TAMS 0x0000000088000000, 0x0000000088000000| Untracked 
|  79|0x0000000088100000, 0x0000000088100000, 0x0000000088200000|  0%| F|  |TAMS 0x0000000088100000, 0x0000000088100000| Untracked 
|  80|0x0000000088200000, 0x0000000088200000, 0x0000000088300000|  0%| F|  |TAMS 0x0000000088200000, 0x0000000088200000| Untracked 
|  81|0x0000000088300000, 0x0000000088300000, 0x0000000088400000|  0%| F|  |TAMS 0x0000000088300000, 0x0000000088300000| Untracked 
|  82|0x0000000088400000, 0x0000000088400000, 0x0000000088500000|  0%| F|  |TAMS 0x0000000088400000, 0x0000000088400000| Untracked 
|  83|0x0000000088500000, 0x0000000088500000, 0x0000000088600000|  0%| F|  |TAMS 0x0000000088500000, 0x0000000088500000| Untracked 
|  84|0x0000000088600000, 0x0000000088600000, 0x0000000088700000|  0%| F|  |TAMS 0x0000000088600000, 0x0000000088600000| Untracked 
|  85|0x0000000088700000, 0x0000000088700000, 0x0000000088800000|  0%| F|  |TAMS 0x0000000088700000, 0x0000000088700000| Untracked 
|  86|0x0000000088800000, 0x0000000088800000, 0x0000000088900000|  0%| F|  |TAMS 0x0000000088800000, 0x0000000088800000| Untracked 
|  87|0x0000000088900000, 0x000000008898e1a0, 0x0000000088a00000| 55%| S|CS|TAMS 0x0000000088900000, 0x0000000088900000| Complete 
|  88|0x0000000088a00000, 0x0000000088b00000, 0x0000000088b00000|100%| S|CS|TAMS 0x0000000088a00000, 0x0000000088a00000| Complete 
|  89|0x0000000088b00000, 0x0000000088b00000, 0x0000000088c00000|  0%| F|  |TAMS 0x0000000088b00000, 0x0000000088b00000| Untracked 
|  90|0x0000000088c00000, 0x0000000088c00000, 0x0000000088d00000|  0%| F|  |TAMS 0x0000000088c00000, 0x0000000088c00000| Untracked 
|  91|0x0000000088d00000, 0x0000000088d00000, 0x0000000088e00000|  0%| F|  |TAMS 0x0000000088d00000, 0x0000000088d00000| Untracked 
|  92|0x0000000088e00000, 0x0000000088e00000, 0x0000000088f00000|  0%| F|  |TAMS 0x0000000088e00000, 0x0000000088e00000| Untracked 
|  93|0x0000000088f00000, 0x0000000088f00000, 0x0000000089000000|  0%| F|  |TAMS 0x0000000088f00000, 0x0000000088f00000| Untracked 
|  94|0x0000000089000000, 0x0000000089000000, 0x0000000089100000|  0%| F|  |TAMS 0x0000000089000000, 0x0000000089000000| Untracked 
|  95|0x0000000089100000, 0x0000000089100000, 0x0000000089200000|  0%| F|  |TAMS 0x0000000089100000, 0x0000000089100000| Untracked 
|  96|0x0000000089200000, 0x0000000089300000, 0x0000000089300000|100%| E|  |TAMS 0x0000000089200000, 0x0000000089200000| Complete 
|  97|0x0000000089300000, 0x0000000089400000, 0x0000000089400000|100%| E|CS|TAMS 0x0000000089300000, 0x0000000089300000| Complete 
|  98|0x0000000089400000, 0x0000000089500000, 0x0000000089500000|100%| E|CS|TAMS 0x0000000089400000, 0x0000000089400000| Complete 
|  99|0x0000000089500000, 0x0000000089600000, 0x0000000089600000|100%| E|CS|TAMS 0x0000000089500000, 0x0000000089500000| Complete 
| 100|0x0000000089600000, 0x0000000089700000, 0x0000000089700000|100%| E|CS|TAMS 0x0000000089600000, 0x0000000089600000| Complete 
| 101|0x0000000089700000, 0x0000000089800000, 0x0000000089800000|100%| E|CS|TAMS 0x0000000089700000, 0x0000000089700000| Complete 
| 102|0x0000000089800000, 0x0000000089900000, 0x0000000089900000|100%| E|CS|TAMS 0x0000000089800000, 0x0000000089800000| Complete 
| 103|0x0000000089900000, 0x0000000089a00000, 0x0000000089a00000|100%| E|CS|TAMS 0x0000000089900000, 0x0000000089900000| Complete 
| 104|0x0000000089a00000, 0x0000000089b00000, 0x0000000089b00000|100%| E|CS|TAMS 0x0000000089a00000, 0x0000000089a00000| Complete 
| 105|0x0000000089b00000, 0x0000000089c00000, 0x0000000089c00000|100%| E|CS|TAMS 0x0000000089b00000, 0x0000000089b00000| Complete 
| 106|0x0000000089c00000, 0x0000000089d00000, 0x0000000089d00000|100%| E|CS|TAMS 0x0000000089c00000, 0x0000000089c00000| Complete 
| 107|0x0000000089d00000, 0x0000000089e00000, 0x0000000089e00000|100%| E|CS|TAMS 0x0000000089d00000, 0x0000000089d00000| Complete 
| 108|0x0000000089e00000, 0x0000000089f00000, 0x0000000089f00000|100%| E|CS|TAMS 0x0000000089e00000, 0x0000000089e00000| Complete 
| 109|0x0000000089f00000, 0x000000008a000000, 0x000000008a000000|100%| E|CS|TAMS 0x0000000089f00000, 0x0000000089f00000| Complete 
| 110|0x000000008a000000, 0x000000008a100000, 0x000000008a100000|100%| E|CS|TAMS 0x000000008a000000, 0x000000008a000000| Complete 
| 111|0x000000008a100000, 0x000000008a200000, 0x000000008a200000|100%| E|CS|TAMS 0x000000008a100000, 0x000000008a100000| Complete 
| 112|0x000000008a200000, 0x000000008a300000, 0x000000008a300000|100%| E|CS|TAMS 0x000000008a200000, 0x000000008a200000| Complete 
| 113|0x000000008a300000, 0x000000008a400000, 0x000000008a400000|100%| E|CS|TAMS 0x000000008a300000, 0x000000008a300000| Complete 
| 114|0x000000008a400000, 0x000000008a500000, 0x000000008a500000|100%| E|CS|TAMS 0x000000008a400000, 0x000000008a400000| Complete 
| 115|0x000000008a500000, 0x000000008a600000, 0x000000008a600000|100%| E|CS|TAMS 0x000000008a500000, 0x000000008a500000| Complete 
| 116|0x000000008a600000, 0x000000008a700000, 0x000000008a700000|100%| E|CS|TAMS 0x000000008a600000, 0x000000008a600000| Complete 
| 117|0x000000008a700000, 0x000000008a800000, 0x000000008a800000|100%| E|CS|TAMS 0x000000008a700000, 0x000000008a700000| Complete 
| 118|0x000000008a800000, 0x000000008a900000, 0x000000008a900000|100%| E|CS|TAMS 0x000000008a800000, 0x000000008a800000| Complete 
| 119|0x000000008a900000, 0x000000008aa00000, 0x000000008aa00000|100%| E|CS|TAMS 0x000000008a900000, 0x000000008a900000| Complete 
| 120|0x000000008aa00000, 0x000000008ab00000, 0x000000008ab00000|100%| E|CS|TAMS 0x000000008aa00000, 0x000000008aa00000| Complete 
| 121|0x000000008ab00000, 0x000000008ac00000, 0x000000008ac00000|100%| E|CS|TAMS 0x000000008ab00000, 0x000000008ab00000| Complete 
| 122|0x000000008ac00000, 0x000000008ad00000, 0x000000008ad00000|100%| E|CS|TAMS 0x000000008ac00000, 0x000000008ac00000| Complete 
| 123|0x000000008ad00000, 0x000000008ae00000, 0x000000008ae00000|100%| E|CS|TAMS 0x000000008ad00000, 0x000000008ad00000| Complete 
| 124|0x000000008ae00000, 0x000000008af00000, 0x000000008af00000|100%| E|CS|TAMS 0x000000008ae00000, 0x000000008ae00000| Complete 
| 125|0x000000008af00000, 0x000000008b000000, 0x000000008b000000|100%| E|CS|TAMS 0x000000008af00000, 0x000000008af00000| Complete 
| 126|0x000000008b000000, 0x000000008b100000, 0x000000008b100000|100%| E|CS|TAMS 0x000000008b000000, 0x000000008b000000| Complete 
| 127|0x000000008b100000, 0x000000008b200000, 0x000000008b200000|100%| E|CS|TAMS 0x000000008b100000, 0x000000008b100000| Complete 
| 128|0x000000008b200000, 0x000000008b300000, 0x000000008b300000|100%| E|CS|TAMS 0x000000008b200000, 0x000000008b200000| Complete 
| 129|0x000000008b300000, 0x000000008b400000, 0x000000008b400000|100%| E|CS|TAMS 0x000000008b300000, 0x000000008b300000| Complete 
| 130|0x000000008b400000, 0x000000008b500000, 0x000000008b500000|100%| E|CS|TAMS 0x000000008b400000, 0x000000008b400000| Complete 
| 131|0x000000008b500000, 0x000000008b600000, 0x000000008b600000|100%| E|CS|TAMS 0x000000008b500000, 0x000000008b500000| Complete 
| 132|0x000000008b600000, 0x000000008b700000, 0x000000008b700000|100%| E|CS|TAMS 0x000000008b600000, 0x000000008b600000| Complete 
| 133|0x000000008b700000, 0x000000008b800000, 0x000000008b800000|100%| E|CS|TAMS 0x000000008b700000, 0x000000008b700000| Complete 
| 134|0x000000008b800000, 0x000000008b900000, 0x000000008b900000|100%| E|CS|TAMS 0x000000008b800000, 0x000000008b800000| Complete 
| 135|0x000000008b900000, 0x000000008ba00000, 0x000000008ba00000|100%| E|CS|TAMS 0x000000008b900000, 0x000000008b900000| Complete 
| 136|0x000000008ba00000, 0x000000008bb00000, 0x000000008bb00000|100%| E|CS|TAMS 0x000000008ba00000, 0x000000008ba00000| Complete 
| 137|0x000000008bb00000, 0x000000008bc00000, 0x000000008bc00000|100%| E|CS|TAMS 0x000000008bb00000, 0x000000008bb00000| Complete 
| 138|0x000000008bc00000, 0x000000008bd00000, 0x000000008bd00000|100%| E|CS|TAMS 0x000000008bc00000, 0x000000008bc00000| Complete 
| 139|0x000000008bd00000, 0x000000008be00000, 0x000000008be00000|100%| E|CS|TAMS 0x000000008bd00000, 0x000000008bd00000| Complete 
| 140|0x000000008be00000, 0x000000008bf00000, 0x000000008bf00000|100%| E|CS|TAMS 0x000000008be00000, 0x000000008be00000| Complete 
| 141|0x000000008bf00000, 0x000000008c000000, 0x000000008c000000|100%| E|CS|TAMS 0x000000008bf00000, 0x000000008bf00000| Complete 
| 142|0x000000008c000000, 0x000000008c100000, 0x000000008c100000|100%| E|CS|TAMS 0x000000008c000000, 0x000000008c000000| Complete 
| 143|0x000000008c100000, 0x000000008c200000, 0x000000008c200000|100%| E|CS|TAMS 0x000000008c100000, 0x000000008c100000| Complete 
| 144|0x000000008c200000, 0x000000008c300000, 0x000000008c300000|100%| E|CS|TAMS 0x000000008c200000, 0x000000008c200000| Complete 
| 145|0x000000008c300000, 0x000000008c400000, 0x000000008c400000|100%| E|CS|TAMS 0x000000008c300000, 0x000000008c300000| Complete 
| 146|0x000000008c400000, 0x000000008c500000, 0x000000008c500000|100%| E|CS|TAMS 0x000000008c400000, 0x000000008c400000| Complete 
| 147|0x000000008c500000, 0x000000008c600000, 0x000000008c600000|100%| E|CS|TAMS 0x000000008c500000, 0x000000008c500000| Complete 
| 148|0x000000008c600000, 0x000000008c700000, 0x000000008c700000|100%| E|CS|TAMS 0x000000008c600000, 0x000000008c600000| Complete 
| 149|0x000000008c700000, 0x000000008c800000, 0x000000008c800000|100%| E|CS|TAMS 0x000000008c700000, 0x000000008c700000| Complete 
| 150|0x000000008c800000, 0x000000008c900000, 0x000000008c900000|100%| E|CS|TAMS 0x000000008c800000, 0x000000008c800000| Complete 
| 151|0x000000008c900000, 0x000000008ca00000, 0x000000008ca00000|100%| E|CS|TAMS 0x000000008c900000, 0x000000008c900000| Complete 
| 152|0x000000008ca00000, 0x000000008cb00000, 0x000000008cb00000|100%| E|CS|TAMS 0x000000008ca00000, 0x000000008ca00000| Complete 
| 153|0x000000008cb00000, 0x000000008cc00000, 0x000000008cc00000|100%| E|CS|TAMS 0x000000008cb00000, 0x000000008cb00000| Complete 
| 154|0x000000008cc00000, 0x000000008cd00000, 0x000000008cd00000|100%| E|CS|TAMS 0x000000008cc00000, 0x000000008cc00000| Complete 
| 155|0x000000008cd00000, 0x000000008ce00000, 0x000000008ce00000|100%| E|CS|TAMS 0x000000008cd00000, 0x000000008cd00000| Complete 
| 156|0x000000008ce00000, 0x000000008cf00000, 0x000000008cf00000|100%| E|CS|TAMS 0x000000008ce00000, 0x000000008ce00000| Complete 
| 157|0x000000008cf00000, 0x000000008d000000, 0x000000008d000000|100%| E|CS|TAMS 0x000000008cf00000, 0x000000008cf00000| Complete 
| 158|0x000000008d000000, 0x000000008d100000, 0x000000008d100000|100%| E|CS|TAMS 0x000000008d000000, 0x000000008d000000| Complete 
| 159|0x000000008d100000, 0x000000008d200000, 0x000000008d200000|100%| E|CS|TAMS 0x000000008d100000, 0x000000008d100000| Complete 
| 160|0x000000008d200000, 0x000000008d300000, 0x000000008d300000|100%| E|CS|TAMS 0x000000008d200000, 0x000000008d200000| Complete 
| 161|0x000000008d300000, 0x000000008d400000, 0x000000008d400000|100%| E|CS|TAMS 0x000000008d300000, 0x000000008d300000| Complete 
| 162|0x000000008d400000, 0x000000008d500000, 0x000000008d500000|100%| E|CS|TAMS 0x000000008d400000, 0x000000008d400000| Complete 
| 163|0x000000008d500000, 0x000000008d600000, 0x000000008d600000|100%| E|CS|TAMS 0x000000008d500000, 0x000000008d500000| Complete 
| 164|0x000000008d600000, 0x000000008d700000, 0x000000008d700000|100%| E|CS|TAMS 0x000000008d600000, 0x000000008d600000| Complete 
| 165|0x000000008d700000, 0x000000008d800000, 0x000000008d800000|100%| E|CS|TAMS 0x000000008d700000, 0x000000008d700000| Complete 
| 166|0x000000008d800000, 0x000000008d900000, 0x000000008d900000|100%| E|CS|TAMS 0x000000008d800000, 0x000000008d800000| Complete 
| 167|0x000000008d900000, 0x000000008da00000, 0x000000008da00000|100%| E|CS|TAMS 0x000000008d900000, 0x000000008d900000| Complete 
| 168|0x000000008da00000, 0x000000008db00000, 0x000000008db00000|100%| E|CS|TAMS 0x000000008da00000, 0x000000008da00000| Complete 
| 169|0x000000008db00000, 0x000000008dc00000, 0x000000008dc00000|100%| E|CS|TAMS 0x000000008db00000, 0x000000008db00000| Complete 
| 170|0x000000008dc00000, 0x000000008dd00000, 0x000000008dd00000|100%| E|CS|TAMS 0x000000008dc00000, 0x000000008dc00000| Complete 
| 171|0x000000008dd00000, 0x000000008de00000, 0x000000008de00000|100%| E|CS|TAMS 0x000000008dd00000, 0x000000008dd00000| Complete 
| 172|0x000000008de00000, 0x000000008df00000, 0x000000008df00000|100%| E|CS|TAMS 0x000000008de00000, 0x000000008de00000| Complete 
| 173|0x000000008df00000, 0x000000008e000000, 0x000000008e000000|100%| E|CS|TAMS 0x000000008df00000, 0x000000008df00000| Complete 
| 174|0x000000008e000000, 0x000000008e100000, 0x000000008e100000|100%| E|CS|TAMS 0x000000008e000000, 0x000000008e000000| Complete 
| 175|0x000000008e100000, 0x000000008e200000, 0x000000008e200000|100%| E|CS|TAMS 0x000000008e100000, 0x000000008e100000| Complete 
| 176|0x000000008e200000, 0x000000008e300000, 0x000000008e300000|100%| E|CS|TAMS 0x000000008e200000, 0x000000008e200000| Complete 
| 177|0x000000008e300000, 0x000000008e400000, 0x000000008e400000|100%| E|CS|TAMS 0x000000008e300000, 0x000000008e300000| Complete 
| 178|0x000000008e400000, 0x000000008e500000, 0x000000008e500000|100%| E|CS|TAMS 0x000000008e400000, 0x000000008e400000| Complete 
| 179|0x000000008e500000, 0x000000008e600000, 0x000000008e600000|100%| E|CS|TAMS 0x000000008e500000, 0x000000008e500000| Complete 
| 180|0x000000008e600000, 0x000000008e700000, 0x000000008e700000|100%| E|CS|TAMS 0x000000008e600000, 0x000000008e600000| Complete 
| 181|0x000000008e700000, 0x000000008e800000, 0x000000008e800000|100%| E|CS|TAMS 0x000000008e700000, 0x000000008e700000| Complete 
| 182|0x000000008e800000, 0x000000008e900000, 0x000000008e900000|100%| E|CS|TAMS 0x000000008e800000, 0x000000008e800000| Complete 
| 183|0x000000008e900000, 0x000000008ea00000, 0x000000008ea00000|100%| E|CS|TAMS 0x000000008e900000, 0x000000008e900000| Complete 
| 184|0x000000008ea00000, 0x000000008eb00000, 0x000000008eb00000|100%| E|CS|TAMS 0x000000008ea00000, 0x000000008ea00000| Complete 
| 185|0x000000008eb00000, 0x000000008ec00000, 0x000000008ec00000|100%| E|CS|TAMS 0x000000008eb00000, 0x000000008eb00000| Complete 
| 186|0x000000008ec00000, 0x000000008ed00000, 0x000000008ed00000|100%| E|CS|TAMS 0x000000008ec00000, 0x000000008ec00000| Complete 
| 187|0x000000008ed00000, 0x000000008ee00000, 0x000000008ee00000|100%| E|CS|TAMS 0x000000008ed00000, 0x000000008ed00000| Complete 
| 188|0x000000008ee00000, 0x000000008ef00000, 0x000000008ef00000|100%| E|CS|TAMS 0x000000008ee00000, 0x000000008ee00000| Complete 
| 189|0x000000008ef00000, 0x000000008f000000, 0x000000008f000000|100%| E|CS|TAMS 0x000000008ef00000, 0x000000008ef00000| Complete 
| 190|0x000000008f000000, 0x000000008f100000, 0x000000008f100000|100%| E|CS|TAMS 0x000000008f000000, 0x000000008f000000| Complete 
| 191|0x000000008f100000, 0x000000008f200000, 0x000000008f200000|100%| E|CS|TAMS 0x000000008f100000, 0x000000008f100000| Complete 
| 192|0x000000008f200000, 0x000000008f300000, 0x000000008f300000|100%| E|CS|TAMS 0x000000008f200000, 0x000000008f200000| Complete 
| 193|0x000000008f300000, 0x000000008f400000, 0x000000008f400000|100%| E|CS|TAMS 0x000000008f300000, 0x000000008f300000| Complete 
| 194|0x000000008f400000, 0x000000008f500000, 0x000000008f500000|100%| E|CS|TAMS 0x000000008f400000, 0x000000008f400000| Complete 
| 195|0x000000008f500000, 0x000000008f600000, 0x000000008f600000|100%| E|CS|TAMS 0x000000008f500000, 0x000000008f500000| Complete 
| 196|0x000000008f600000, 0x000000008f700000, 0x000000008f700000|100%| E|CS|TAMS 0x000000008f600000, 0x000000008f600000| Complete 
| 197|0x000000008f700000, 0x000000008f800000, 0x000000008f800000|100%| E|CS|TAMS 0x000000008f700000, 0x000000008f700000| Complete 
| 198|0x000000008f800000, 0x000000008f900000, 0x000000008f900000|100%| E|CS|TAMS 0x000000008f800000, 0x000000008f800000| Complete 
| 199|0x000000008f900000, 0x000000008fa00000, 0x000000008fa00000|100%| E|CS|TAMS 0x000000008f900000, 0x000000008f900000| Complete 

Card table byte_map: [0x000001e579700000,0x000001e579af0000] _byte_map_base: 0x000001e5792e7000

Marking Bits (Prev, Next): (CMBitMap*) 0x000001e56289cde0, (CMBitMap*) 0x000001e56289ce20
 Prev Bits: [0x000001e579ee0000, 0x000001e57be18000)
 Next Bits: [0x000001e57be20000, 0x000001e57dd58000)

Polling page: 0x000001e560870000

Metaspace:

Usage:
  Non-class:      3.88 MB used.
      Class:    290.56 KB used.
       Both:      4.16 MB used.

Virtual space:
  Non-class space:        8.00 MB reserved,       3.94 MB ( 49%) committed,  1 nodes.
      Class space:        1.00 GB reserved,     384.00 KB ( <1%) committed,  1 nodes.
              Both:        1.01 GB reserved,       4.31 MB ( <1%) committed. 

Chunk freelists:
   Non-Class:  2.59 MB
       Class:  3.63 MB
        Both:  6.22 MB

MaxMetaspaceSize: 17179869184.00 GB
CompressedClassSpaceSize: 1.00 GB
 - commit_granule_bytes: 65536.
 - commit_granule_words: 8192.
 - virtual_space_node_default_size: 1048576.
 - enlarge_chunks_in_place: 1.
 - new_chunks_are_fully_committed: 0.
 - uncommit_free_chunks: 1.
 - use_allocation_guard: 0.
 - handle_deallocations: 1.


Internal statistics:

num_allocs_failed_limit: 0.
num_arena_births: 64.
num_arena_deaths: 0.
num_vsnodes_births: 2.
num_vsnodes_deaths: 0.
num_space_committed: 67.
num_space_uncommitted: 0.
num_chunks_returned_to_freelist: 0.
num_chunks_taken_from_freelist: 124.
num_chunk_merges: 0.
num_chunk_splits: 86.
num_chunks_enlarged: 57.
num_purges: 0.

CodeHeap 'non-profiled nmethods': size=120000Kb used=471Kb max_used=471Kb free=119528Kb
 bounds [0x000001e571ab0000, 0x000001e571d20000, 0x000001e578fe0000]
CodeHeap 'profiled nmethods': size=120000Kb used=1617Kb max_used=1617Kb free=118382Kb
 bounds [0x000001e56a580000, 0x000001e56a7f0000, 0x000001e571ab0000]
CodeHeap 'non-nmethods': size=5760Kb used=1249Kb max_used=1272Kb free=4511Kb
 bounds [0x000001e569fe0000, 0x000001e56a250000, 0x000001e56a580000]
 total_blobs=1444 nmethods=897 adapters=460
 compilation: enabled
              stopped_count=0, restarted_count=0
 full_count=0

Compilation events (20 events):
Event: 1.179 Thread 0x000001e50080b6c0  889 %     3       de.matthiasmann.twl.utils.PNGDecoder::copyPALtoRGBA @ 113 (199 bytes)
Event: 1.179 Thread 0x000001e50080b6c0 nmethod 889% 0x000001e56a711510 code [0x000001e56a711780, 0x000001e56a712378]
Event: 1.180 Thread 0x000001e50080b6c0  890       3       de.matthiasmann.twl.utils.PNGDecoder::copyPALtoRGBA (199 bytes)
Event: 1.180 Thread 0x000001e50080b6c0 nmethod 890 0x000001e56a712910 code [0x000001e56a712b80, 0x000001e56a713678]
Event: 1.181 Thread 0x000001e5007df3f0  892 %     4       de.matthiasmann.twl.utils.PNGDecoder::copyPALtoRGBA @ 113 (199 bytes)
Event: 1.181 Thread 0x000001e50080b6c0  891       3       de.matthiasmann.twl.utils.PNGDecoder::expand2 (106 bytes)
Event: 1.181 Thread 0x000001e50080b6c0 nmethod 891 0x000001e56a713b90 code [0x000001e56a713d40, 0x000001e56a714078]
Event: 1.186 Thread 0x000001e5007df3f0 nmethod 892% 0x000001e571b22690 code [0x000001e571b22840, 0x000001e571b22e78]
Event: 1.186 Thread 0x000001e5007df3f0  893 %     4       de.matthiasmann.twl.utils.PNGDecoder::expand2 @ 6 (106 bytes)
Event: 1.187 Thread 0x000001e5007df3f0 nmethod 893% 0x000001e571b23210 code [0x000001e571b233a0, 0x000001e571b235d8]
Event: 1.187 Thread 0x000001e5007df3f0  894       4       de.matthiasmann.twl.utils.PNGDecoder::copyPALtoRGBA (199 bytes)
Event: 1.190 Thread 0x000001e5007df3f0 nmethod 894 0x000001e571b23790 code [0x000001e571b23920, 0x000001e571b23cf8]
Event: 1.190 Thread 0x000001e5007df3f0  895       4       de.matthiasmann.twl.utils.PNGDecoder::expand2 (106 bytes)
Event: 1.192 Thread 0x000001e5007df3f0 nmethod 895 0x000001e571b24090 code [0x000001e571b24220, 0x000001e571b24538]
Event: 1.221 Thread 0x000001e5007df3f0  896   !   4       de.matthiasmann.twl.utils.PNGDecoder::readChunkUnzip (144 bytes)
Event: 1.224 Thread 0x000001e5007df3f0 nmethod 896 0x000001e571b24690 code [0x000001e571b24860, 0x000001e571b24e00]
Event: 1.224 Thread 0x000001e5007df3f0  897       4       de.matthiasmann.twl.utils.PNGDecoder::unfilter (104 bytes)
Event: 1.244 Thread 0x000001e50080b6c0  898       3       sun.nio.cs.SingleByte$Encoder::encode (32 bytes)
Event: 1.244 Thread 0x000001e50080b6c0 nmethod 898 0x000001e56a714210 code [0x000001e56a7143c0, 0x000001e56a714598]
Event: 1.247 Thread 0x000001e5007df3f0 nmethod 897 0x000001e571b25210 code [0x000001e571b253c0, 0x000001e571b25b18]

GC Heap History (12 events):
Event: 0.552 GC heap before
{Heap before GC invocations=0 (full 0):
 garbage-first heap   total 129024K, used 60416K [0x0000000083200000, 0x0000000100000000)
  region size 1024K, 19 young (19456K), 0 survivors (0K)
 Metaspace       used 3989K, committed 4160K, reserved 1056768K
  class space    used 276K, committed 320K, reserved 1048576K
}
Event: 0.556 GC heap after
{Heap after GC invocations=1 (full 0):
 garbage-first heap   total 129024K, used 46947K [0x0000000083200000, 0x0000000100000000)
  region size 1024K, 3 young (3072K), 3 survivors (3072K)
 Metaspace       used 3989K, committed 4160K, reserved 1056768K
  class space    used 276K, committed 320K, reserved 1048576K
}
Event: 0.607 GC heap before
{Heap before GC invocations=1 (full 0):
 garbage-first heap   total 129024K, used 99171K [0x0000000083200000, 0x0000000100000000)
  region size 1024K, 30 young (30720K), 3 survivors (3072K)
 Metaspace       used 4016K, committed 4160K, reserved 1056768K
  class space    used 276K, committed 320K, reserved 1048576K
}
Event: 0.609 GC heap after
{Heap after GC invocations=2 (full 0):
 garbage-first heap   total 129024K, used 71512K [0x0000000083200000, 0x0000000100000000)
  region size 1024K, 1 young (1024K), 1 survivors (1024K)
 Metaspace       used 4016K, committed 4160K, reserved 1056768K
  class space    used 276K, committed 320K, reserved 1048576K
}
Event: 0.633 GC heap before
{Heap before GC invocations=2 (full 0):
 garbage-first heap   total 129024K, used 101208K [0x0000000083200000, 0x0000000100000000)
  region size 1024K, 30 young (30720K), 1 survivors (1024K)
 Metaspace       used 4016K, committed 4160K, reserved 1056768K
  class space    used 276K, committed 320K, reserved 1048576K
}
Event: 0.633 GC heap after
{Heap after GC invocations=3 (full 0):
 garbage-first heap   total 129024K, used 71476K [0x0000000083200000, 0x0000000100000000)
  region size 1024K, 1 young (1024K), 1 survivors (1024K)
 Metaspace       used 4016K, committed 4160K, reserved 1056768K
  class space    used 276K, committed 320K, reserved 1048576K
}
Event: 0.682 GC heap before
{Heap before GC invocations=4 (full 0):
 garbage-first heap   total 129024K, used 105268K [0x0000000083200000, 0x0000000100000000)
  region size 1024K, 34 young (34816K), 1 survivors (1024K)
 Metaspace       used 4016K, committed 4160K, reserved 1056768K
  class space    used 276K, committed 320K, reserved 1048576K
}
Event: 0.683 GC heap after
{Heap after GC invocations=5 (full 0):
 garbage-first heap   total 129024K, used 71448K [0x0000000083200000, 0x0000000100000000)
  region size 1024K, 1 young (1024K), 1 survivors (1024K)
 Metaspace       used 4016K, committed 4160K, reserved 1056768K
  class space    used 276K, committed 320K, reserved 1048576K
}
Event: 0.715 GC heap before
{Heap before GC invocations=5 (full 0):
 garbage-first heap   total 129024K, used 107288K [0x0000000083200000, 0x0000000100000000)
  region size 1024K, 36 young (36864K), 1 survivors (1024K)
 Metaspace       used 4016K, committed 4160K, reserved 1056768K
  class space    used 276K, committed 320K, reserved 1048576K
}
Event: 0.716 GC heap after
{Heap after GC invocations=6 (full 0):
 garbage-first heap   total 129024K, used 71445K [0x0000000083200000, 0x0000000100000000)
  region size 1024K, 1 young (1024K), 1 survivors (1024K)
 Metaspace       used 4016K, committed 4160K, reserved 1056768K
  class space    used 276K, committed 320K, reserved 1048576K
}
Event: 0.872 GC heap before
{Heap before GC invocations=7 (full 0):
 garbage-first heap   total 129024K, used 108309K [0x0000000083200000, 0x0000000100000000)
  region size 1024K, 37 young (37888K), 1 survivors (1024K)
 Metaspace       used 4060K, committed 4224K, reserved 1056768K
  class space    used 278K, committed 320K, reserved 1048576K
}
Event: 0.875 GC heap after
{Heap after GC invocations=8 (full 0):
 garbage-first heap   total 204800K, used 12615K [0x0000000083200000, 0x0000000100000000)
  region size 1024K, 2 young (2048K), 2 survivors (2048K)
 Metaspace       used 4060K, committed 4224K, reserved 1056768K
  class space    used 278K, committed 320K, reserved 1048576K
}

Deoptimization events (20 events):
Event: 1.190 Thread 0x000001e56285a040 DEOPT PACKING pc=0x000001e56a713fe1 sp=0x000000dfe64ff280
Event: 1.190 Thread 0x000001e56285a040 DEOPT UNPACKING pc=0x000001e56a02e77e sp=0x000000dfe64fe710 mode 0
Event: 1.190 Thread 0x000001e56285a040 DEOPT PACKING pc=0x000001e56a713fe1 sp=0x000000dfe64ff280
Event: 1.190 Thread 0x000001e56285a040 DEOPT UNPACKING pc=0x000001e56a02e77e sp=0x000000dfe64fe710 mode 0
Event: 1.190 Thread 0x000001e56285a040 DEOPT PACKING pc=0x000001e56a713fe1 sp=0x000000dfe64ff280
Event: 1.190 Thread 0x000001e56285a040 DEOPT UNPACKING pc=0x000001e56a02e77e sp=0x000000dfe64fe710 mode 0
Event: 1.191 Thread 0x000001e56285a040 DEOPT PACKING pc=0x000001e56a713fe1 sp=0x000000dfe64ff280
Event: 1.191 Thread 0x000001e56285a040 DEOPT UNPACKING pc=0x000001e56a02e77e sp=0x000000dfe64fe710 mode 0
Event: 1.191 Thread 0x000001e56285a040 DEOPT PACKING pc=0x000001e56a713fe1 sp=0x000000dfe64ff280
Event: 1.191 Thread 0x000001e56285a040 DEOPT UNPACKING pc=0x000001e56a02e77e sp=0x000000dfe64fe710 mode 0
Event: 1.191 Thread 0x000001e56285a040 DEOPT PACKING pc=0x000001e56a713fe1 sp=0x000000dfe64ff280
Event: 1.191 Thread 0x000001e56285a040 DEOPT UNPACKING pc=0x000001e56a02e77e sp=0x000000dfe64fe710 mode 0
Event: 1.191 Thread 0x000001e56285a040 DEOPT PACKING pc=0x000001e56a713fe1 sp=0x000000dfe64ff280
Event: 1.191 Thread 0x000001e56285a040 DEOPT UNPACKING pc=0x000001e56a02e77e sp=0x000000dfe64fe710 mode 0
Event: 1.191 Thread 0x000001e56285a040 DEOPT PACKING pc=0x000001e56a713fe1 sp=0x000000dfe64ff280
Event: 1.191 Thread 0x000001e56285a040 DEOPT UNPACKING pc=0x000001e56a02e77e sp=0x000000dfe64fe710 mode 0
Event: 1.191 Thread 0x000001e56285a040 DEOPT PACKING pc=0x000001e56a713fe1 sp=0x000000dfe64ff280
Event: 1.191 Thread 0x000001e56285a040 DEOPT UNPACKING pc=0x000001e56a02e77e sp=0x000000dfe64fe710 mode 0
Event: 1.191 Thread 0x000001e56285a040 DEOPT PACKING pc=0x000001e56a713fe1 sp=0x000000dfe64ff280
Event: 1.191 Thread 0x000001e56285a040 DEOPT UNPACKING pc=0x000001e56a02e77e sp=0x000000dfe64fe710 mode 0

Classes unloaded (0 events):
No events

Classes redefined (0 events):
No events

Internal exceptions (6 events):
Event: 0.460 Thread 0x000001e56285a040 Exception <a 'java/lang/NoSuchMethodError'{0x000000008a6eb778}: 'void java.lang.invoke.DirectMethodHandle$Holder.invokeSpecial(java.lang.Object, java.lang.Object, java.lang.Object)'> (0x000000008a6eb778) 
thrown [t:\workspace\open\src\hotspot\share\interpreter\linkResolver.cpp, line 790]
Event: 0.466 Thread 0x000001e56285a040 Exception <a 'java/lang/ClassNotFoundException'{0x000000008a5020c0}: sun/awt/resources/spi/awtProvider> (0x000000008a5020c0) 
thrown [t:\workspace\open\src\hotspot\share\classfile\systemDictionary.cpp, line 256]
Event: 0.477 Thread 0x000001e56285a040 Exception <a 'java/io/FileNotFoundException'{0x000000008a559e90}> (0x000000008a559e90) 
thrown [t:\workspace\open\src\hotspot\share\prims\jni.cpp, line 579]
Event: 0.482 Thread 0x000001e56285a040 Exception <a 'java/io/FileNotFoundException'{0x000000008a588a50}> (0x000000008a588a50) 
thrown [t:\workspace\open\src\hotspot\share\prims\jni.cpp, line 579]
Event: 0.482 Thread 0x000001e56285a040 Exception <a 'java/lang/NoSuchMethodError'{0x000000008a589c48}: 'java.lang.Object java.lang.invoke.DirectMethodHandle$Holder.invokeStatic(java.lang.Object)'> (0x000000008a589c48) 
thrown [t:\workspace\open\src\hotspot\share\interpreter\linkResolver.cpp, line 790]
Event: 0.493 Thread 0x000001e56285a040 Exception <a 'java/lang/NoSuchMethodError'{0x000000008a5ce0d8}: 'java.lang.Object java.lang.invoke.DirectMethodHandle$Holder.invokeStaticInit(java.lang.Object)'> (0x000000008a5ce0d8) 
thrown [t:\workspace\open\src\hotspot\share\interpreter\linkResolver.cpp, line 790]

Events (20 events):
Event: 0.719 Executing  VM operation: G1Concurrent done
Event: 0.720 Executing  VM operation: G1Concurrent
Event: 0.721 Executing  VM operation: G1Concurrent done
Event: 0.729 Thread 0x000001e50c433720 Thread exited: 0x000001e50c433720
Event: 0.823 loading class java/lang/StrictMath
Event: 0.823 loading class java/lang/StrictMath done
Event: 0.843 Thread 0x000001e50c83c4e0 Thread added: 0x000001e50c83c4e0
Event: 0.872 Executing  VM operation: G1CollectForAllocation
Event: 0.875 Executing  VM operation: G1CollectForAllocation done
Event: 0.969 Thread 0x000001e50c83c4e0 Thread exited: 0x000001e50c83c4e0
Event: 0.980 Thread 0x000001e503740180 Thread exited: 0x000001e503740180
Event: 1.005 Executing  VM operation: HandshakeAllThreads
Event: 1.005 Executing  VM operation: HandshakeAllThreads done
Event: 1.070 loading class java/lang/AssertionError
Event: 1.070 loading class java/lang/AssertionError done
Event: 1.074 loading class java/lang/NoSuchFieldError
Event: 1.074 loading class java/lang/NoSuchFieldError done
Event: 1.244 Thread 0x000001e50d073ba0 Thread added: 0x000001e50d073ba0
Event: 1.260 Thread 0x000001e50d073ba0 Thread exited: 0x000001e50d073ba0
Event: 1.260 Executing  VM operation: Exit


Dynamic libraries:
0x00007ff732470000 - 0x00007ff732480000 	C:\Program Files\Java\jdk-16.0.1\bin\javaw.exe
0x00007ffc710e0000 - 0x00007ffc712e9000 	C:\WINDOWS\SYSTEM32\ntdll.dll
0x00007ffc70d80000 - 0x00007ffc70e3d000 	C:\WINDOWS\System32\KERNEL32.DLL
0x00007ffc6ea70000 - 0x00007ffc6ede4000 	C:\WINDOWS\System32\KERNELBASE.dll
0x00007ffc6ee60000 - 0x00007ffc6ef71000 	C:\WINDOWS\System32\ucrtbase.dll
0x00007ffc64970000 - 0x00007ffc64988000 	C:\Program Files\Java\jdk-16.0.1\bin\jli.dll
0x00007ffc59220000 - 0x00007ffc59239000 	C:\Program Files\Java\jdk-16.0.1\bin\VCRUNTIME140.dll
0x00007ffc6f240000 - 0x00007ffc6f2ee000 	C:\WINDOWS\System32\ADVAPI32.dll
0x00007ffc70620000 - 0x00007ffc706c3000 	C:\WINDOWS\System32\msvcrt.dll
0x00007ffc6eff0000 - 0x00007ffc6f08e000 	C:\WINDOWS\System32\sechost.dll
0x00007ffc70a80000 - 0x00007ffc70ba0000 	C:\WINDOWS\System32\RPCRT4.dll
0x00007ffc6f090000 - 0x00007ffc6f23c000 	C:\WINDOWS\System32\USER32.dll
0x00007ffc6e690000 - 0x00007ffc6e6b6000 	C:\WINDOWS\System32\win32u.dll
0x00007ffc70ba0000 - 0x00007ffc70bc9000 	C:\WINDOWS\System32\GDI32.dll
0x00007ffc49840000 - 0x00007ffc49ae5000 	C:\WINDOWS\WinSxS\amd64_microsoft.windows.common-controls_6595b64144ccf1df_6.0.22000.120_none_9d947278b86cc467\COMCTL32.dll
0x00007ffc6e7e0000 - 0x00007ffc6e8f2000 	C:\WINDOWS\System32\gdi32full.dll
0x00007ffc6e6c0000 - 0x00007ffc6e75d000 	C:\WINDOWS\System32\msvcp_win.dll
0x00007ffc5f340000 - 0x00007ffc5f34a000 	C:\WINDOWS\SYSTEM32\VERSION.dll
0x00007ffc70e40000 - 0x00007ffc70e71000 	C:\WINDOWS\System32\IMM32.DLL
0x00007ffc59210000 - 0x00007ffc5921c000 	C:\Program Files\Java\jdk-16.0.1\bin\vcruntime140_1.dll
0x00007ffc51910000 - 0x00007ffc519a1000 	C:\Program Files\Java\jdk-16.0.1\bin\msvcp140.dll
0x00007ffbfb270000 - 0x00007ffbfbe1b000 	C:\Program Files\Java\jdk-16.0.1\bin\server\jvm.dll
0x00007ffc6fba0000 - 0x00007ffc6fba8000 	C:\WINDOWS\System32\PSAPI.DLL
0x00007ffc56460000 - 0x00007ffc56469000 	C:\WINDOWS\SYSTEM32\WSOCK32.dll
0x00007ffc63d30000 - 0x00007ffc63d63000 	C:\WINDOWS\SYSTEM32\WINMM.dll
0x00007ffc6fbd0000 - 0x00007ffc6fc3f000 	C:\WINDOWS\System32\WS2_32.dll
0x00007ffc6d7c0000 - 0x00007ffc6d7d8000 	C:\WINDOWS\SYSTEM32\kernel.appcore.dll
0x00007ffc58860000 - 0x00007ffc5886a000 	C:\Program Files\Java\jdk-16.0.1\bin\jimage.dll
0x00007ffc6bf30000 - 0x00007ffc6c151000 	C:\WINDOWS\SYSTEM32\DBGHELP.DLL
0x00007ffc56f10000 - 0x00007ffc56f41000 	C:\WINDOWS\SYSTEM32\dbgcore.DLL
0x00007ffc6e760000 - 0x00007ffc6e7df000 	C:\WINDOWS\System32\bcryptPrimitives.dll
0x00007ffc58610000 - 0x00007ffc58635000 	C:\Program Files\Java\jdk-16.0.1\bin\java.dll
0x00007ffc6f2f0000 - 0x00007ffc6fa9e000 	C:\WINDOWS\System32\SHELL32.dll
0x00007ffc6c750000 - 0x00007ffc6cfb8000 	C:\WINDOWS\SYSTEM32\windows.storage.dll
0x00007ffc70290000 - 0x00007ffc70608000 	C:\WINDOWS\System32\combase.dll
0x00007ffc6c5d0000 - 0x00007ffc6c736000 	C:\WINDOWS\SYSTEM32\wintypes.dll
0x00007ffc700b0000 - 0x00007ffc7019a000 	C:\WINDOWS\System32\SHCORE.dll
0x00007ffc706d0000 - 0x00007ffc7072d000 	C:\WINDOWS\System32\shlwapi.dll
0x00007ffc6e500000 - 0x00007ffc6e521000 	C:\WINDOWS\SYSTEM32\profapi.dll
0x00007ffc58840000 - 0x00007ffc58859000 	C:\Program Files\Java\jdk-16.0.1\bin\net.dll
0x00007ffc65080000 - 0x00007ffc6518c000 	C:\WINDOWS\SYSTEM32\WINHTTP.dll
0x00007ffc6dbf0000 - 0x00007ffc6dc57000 	C:\WINDOWS\system32\mswsock.dll
0x00007ffc56570000 - 0x00007ffc56583000 	C:\Program Files\Java\jdk-16.0.1\bin\nio.dll
0x00007ffc52520000 - 0x00007ffc52538000 	C:\Program Files\Java\jdk-16.0.1\bin\zip.dll
0x00007ffc56560000 - 0x00007ffc56570000 	C:\Program Files\Java\jdk-16.0.1\bin\verify.dll
0x0000000180000000 - 0x0000000180053000 	C:\Users\zivor\eclipse-workspace\graphics\libs\natives\lwjgl64.dll
0x00007ffc54930000 - 0x00007ffc54a31000 	C:\WINDOWS\SYSTEM32\OPENGL32.dll
0x00007ffc5cd30000 - 0x00007ffc5cd5d000 	C:\WINDOWS\SYSTEM32\GLU32.dll
0x00007ffc6b790000 - 0x00007ffc6b7c8000 	C:\WINDOWS\SYSTEM32\dxcore.dll
0x00007ffc651e0000 - 0x00007ffc65299000 	C:\WINDOWS\SYSTEM32\mscms.dll
0x00007ffc6dfb0000 - 0x00007ffc6dfd7000 	C:\WINDOWS\SYSTEM32\bcrypt.dll
0x00007ffc6e2a0000 - 0x00007ffc6e2ec000 	C:\WINDOWS\SYSTEM32\cfgmgr32.dll
0x00007ffc70bf0000 - 0x00007ffc70c9f000 	C:\WINDOWS\System32\clbcatq.dll
0x00007ffc5f970000 - 0x00007ffc5f9ba000 	C:\Windows\System32\Windows.Internal.Graphics.Display.DisplayColorManagement.dll
0x00007ffc70ca0000 - 0x00007ffc70d76000 	C:\WINDOWS\System32\OLEAUT32.dll
0x00007ffc6b690000 - 0x00007ffc6b73c000 	C:\WINDOWS\system32\uxtheme.dll
0x00007ffc708d0000 - 0x00007ffc709ee000 	C:\WINDOWS\System32\MSCTF.dll
0x00007ffc64dd0000 - 0x00007ffc64e14000 	C:\WINDOWS\SYSTEM32\directxdatabasehelper.dll
0x00007ffc6b9d0000 - 0x00007ffc6ba04000 	C:\WINDOWS\SYSTEM32\ntmarta.dll
0x00007ffc62850000 - 0x00007ffc62984000 	C:\Windows\System32\AppXDeploymentClient.dll
0x00007ffc62530000 - 0x00007ffc6271f000 	C:\WINDOWS\SYSTEM32\urlmon.dll
0x00007ffc6d2e0000 - 0x00007ffc6d2ec000 	C:\Windows\System32\netutils.dll
0x00007ffc62a60000 - 0x00007ffc62a88000 	C:\Windows\System32\srvcli.dll
0x00007ffc62270000 - 0x00007ffc62523000 	C:\Windows\System32\iertutil.dll
0x00007ffc02220000 - 0x00007ffc031a2000 	C:\Windows\System32\DriverStore\FileRepository\iigd_dch.inf_amd64_87338286d71ee6ab\ig12icd64.dll
0x00007ffc70730000 - 0x00007ffc708ca000 	C:\WINDOWS\System32\ole32.dll
0x00007ffc6bd20000 - 0x00007ffc6bd4f000 	C:\WINDOWS\system32\dwmapi.dll
0x00007ffc6b7d0000 - 0x00007ffc6b8c3000 	C:\WINDOWS\system32\dxgi.dll
0x00007ffc5f4d0000 - 0x00007ffc5f712000 	C:\Windows\System32\DriverStore\FileRepository\iigd_dch.inf_amd64_87338286d71ee6ab\igdgmm64.dll
0x00007ffc529d0000 - 0x00007ffc52afd000 	C:\WINDOWS\SYSTEM32\textinputframework.dll
0x00007ffc6a760000 - 0x00007ffc6a892000 	C:\WINDOWS\SYSTEM32\CoreMessaging.dll
0x00007ffc63f60000 - 0x00007ffc642cd000 	C:\WINDOWS\SYSTEM32\CoreUIComponents.dll
0x00007ffc6de50000 - 0x00007ffc6de5c000 	C:\WINDOWS\SYSTEM32\CRYPTBASE.DLL
0x00007ffc547e0000 - 0x00007ffc54824000 	C:\WINDOWS\SYSTEM32\icm32.dll
0x00007ffc59e90000 - 0x00007ffc5ca82000 	C:\Windows\System32\DriverStore\FileRepository\iigd_dch.inf_amd64_87338286d71ee6ab\igc64.dll
0x00007ffc6cfd0000 - 0x00007ffc6d01d000 	C:\WINDOWS\SYSTEM32\powrprof.dll
0x00007ffc6d0c0000 - 0x00007ffc6d0d3000 	C:\WINDOWS\SYSTEM32\UMPDC.dll
0x00007ffc16830000 - 0x00007ffc16c3b000 	C:\Windows\System32\DriverStore\FileRepository\iigd_dch.inf_amd64_87338286d71ee6ab\igdml64.dll
0x00007ffc2cb20000 - 0x00007ffc2cca0000 	C:\Program Files\Java\jdk-16.0.1\bin\awt.dll
0x00007ffc6b4d0000 - 0x00007ffc6b561000 	C:\WINDOWS\SYSTEM32\apphelp.dll

dbghelp: loaded successfully - version: 4.0.5 - missing functions: none
symbol engine: initialized successfully - sym options: 0x614 - pdb path: .;C:\Program Files\Java\jdk-16.0.1\bin;C:\WINDOWS\SYSTEM32;C:\WINDOWS\WinSxS\amd64_microsoft.windows.common-controls_6595b64144ccf1df_6.0.22000.120_none_9d947278b86cc467;C:\Program Files\Java\jdk-16.0.1\bin\server;C:\Users\zivor\eclipse-workspace\graphics\libs\natives;C:\Windows\System32\DriverStore\FileRepository\iigd_dch.inf_amd64_87338286d71ee6ab

VM Arguments:
jvm_args: -Djava.library.path=C:\Users\zivor\eclipse-workspace\graphics\libs\natives;C:\Users\zivor\eclipse-workspace\graphics\libs\natives -Dfile.encoding=Cp1255 -XX:+ShowCodeDetailsInExceptionMessages 
java_command: graphics.MainGameLoop
java_class_path (initial): C:\Users\zivor\eclipse-workspace\graphics\bin;C:\Users\zivor\eclipse-workspace\graphics\libs\jars\lwjgl_util.jar;C:\Users\zivor\eclipse-workspace\graphics\libs\jars\lwjgl.jar;C:\Users\zivor\eclipse-workspace\graphics\libs\jars\slick-util.jar;C:\Users\zivor\eclipse-workspace\graphics\libs\jars\PNGDecoder.jar
Launcher Type: SUN_STANDARD

[Global flags]
     intx CICompilerCount                          = 4                                         {product} {ergonomic}
     uint ConcGCThreads                            = 2                                         {product} {ergonomic}
     uint G1ConcRefinementThreads                  = 8                                         {product} {ergonomic}
   size_t G1HeapRegionSize                         = 1048576                                   {product} {ergonomic}
    uintx GCDrainStackTargetSize                   = 64                                        {product} {ergonomic}
   size_t InitialHeapSize                          = 132120576                                 {product} {ergonomic}
   size_t MarkStackSize                            = 4194304                                   {product} {ergonomic}
   size_t MaxHeapSize                              = 2095054848                                {product} {ergonomic}
   size_t MaxNewSize                               = 1256194048                                {product} {ergonomic}
   size_t MinHeapDeltaBytes                        = 1048576                                   {product} {ergonomic}
   size_t MinHeapSize                              = 8388608                                   {product} {ergonomic}
    uintx NonNMethodCodeHeapSize                   = 5839372                                {pd product} {ergonomic}
    uintx NonProfiledCodeHeapSize                  = 122909434                              {pd product} {ergonomic}
    uintx ProfiledCodeHeapSize                     = 122909434                              {pd product} {ergonomic}
    uintx ReservedCodeCacheSize                    = 251658240                              {pd product} {ergonomic}
     bool SegmentedCodeCache                       = true                                      {product} {ergonomic}
     bool ShowCodeDetailsInExceptionMessages       = true                                   {manageable} {command line}
   size_t SoftMaxHeapSize                          = 2095054848                             {manageable} {ergonomic}
     bool UseCompressedClassPointers               = true                           {product lp64_product} {ergonomic}
     bool UseCompressedOops                        = true                           {product lp64_product} {ergonomic}
     bool UseG1GC                                  = true                                      {product} {ergonomic}
     bool UseLargePagesIndividualAllocation        = false                                  {pd product} {ergonomic}

Logging:
Log output configuration:
 #0: stdout all=off uptime,level,tags
 #1: stderr all=off uptime,level,tags

Environment Variables:
PATH=C:\Program Files\Common Files\Oracle\Java\javapath;C:\Program Files\Python39\Scripts\;C:\Program Files\Python39\;C:\WINDOWS\system32;C:\WINDOWS;C:\WINDOWS\System32\Wbem;C:\WINDOWS\System32\WindowsPowerShell\v1.0\;C:\WINDOWS\System32\OpenSSH\;C:\Program Files\Java\jdk-16.0.1\bin;C:\Program Files\Git\cmd;C:\Users\zivor\AppData\Local\Microsoft\WindowsApps;C:\Program Files\JetBrains\PyCharm Community Edition 2021.1.3\bin;;C:\Program Files\JetBrains\IntelliJ IDEA Community Edition 2021.1.3\bin;;C:\Users\zivor\AppData\Local\GitHubDesktop\bin
USERNAME=zivor
OS=Windows_NT
PROCESSOR_IDENTIFIER=Intel64 Family 6 Model 140 Stepping 1, GenuineIntel



---------------  S Y S T E M  ---------------

OS:
 Windows 10 , 64 bit Build 22000 (10.0.22000.434)
OS uptime: 34 days 3:30 hours

CPU: total 8 (initial active 8) (4 cores per cpu, 2 threads per core) family 6 model 140 stepping 1 microcode 0x78, cx8, cmov, fxsr, ht, mmx, 3dnowpref, sse, sse2, sse3, ssse3, sse4.1, sse4.2, popcnt, lzcnt, tsc, tscinvbit, avx, avx2, aes, erms, clmul, bmi1, bmi2, adx, avx512f, avx512dq, avx512cd, avx512bw, avx512vl, sha, fma, vzeroupper, avx512_vpopcntdq, avx512_vpclmulqdq, avx512_vaes, avx512_vnni, clflush, clflushopt, clwb, avx512_vmbi2, avx512_vmbi

Memory: 4k page, system-wide physical 7991M (1001M free)
TotalPageFile size 13120M (AvailPageFile size 2336M)
current process WorkingSet (physical memory assigned to process): 548M, peak: 559M
current process commit charge ("private bytes"): 555M, peak: 555M

vm_info: Java HotSpot(TM) 64-Bit Server VM (16.0.1+9-24) for windows-amd64 JRE (16.0.1+9-24), built on Mar 26 2021 19:31:42 by "mach5one" with MS VC++ 16.7 (VS2019)

END.
