#
# A fatal error has been detected by the Java Runtime Environment:
#
#  EXCEPTION_ACCESS_VIOLATION (0xc0000005) at pc=0x00007ffbfbd44c8a, pid=62668, tid=90460
#
# JRE version: Java(TM) SE Runtime Environment (16.0.1+9) (build 16.0.1+9-24)
# Java VM: Java HotSpot(TM) 64-Bit Server VM (16.0.1+9-24, mixed mode, sharing, tiered, compressed oops, compressed class ptrs, g1 gc, windows-amd64)
# Problematic frame:
# C  [ig12icd64.dll+0xf4c8a]
#
# No core dump will be written. Minidumps are not enabled by default on client versions of Windows
#
# If you would like to submit a bug report, please visit:
#   https://bugreport.java.com/bugreport/crash.jsp
#

---------------  S U M M A R Y ------------

Command Line: -Djava.library.path=C:\Users\zivor\eclipse-workspace\graphics\libs\natives;C:\Users\zivor\eclipse-workspace\graphics\libs\natives -Dfile.encoding=Cp1255 -XX:+ShowCodeDetailsInExceptionMessages graphics.MainGameLoop

Host: 11th Gen Intel(R) Core(TM) i5-1135G7 @ 2.40GHz, 8 cores, 7G,  Windows 10 , 64 bit Build 22000 (10.0.22000.434)
Time: Mon Apr 18 14:44:44 2022  Windows 10 , 64 bit Build 22000 (10.0.22000.434) elapsed time: 1.082789 seconds (0d 0h 0m 1s)

---------------  T H R E A D  ---------------

Current thread (0x0000024152c58670):  VMThread "VM Thread" [stack: 0x0000005fd6100000,0x0000005fd6200000] [id=90460]

Stack: [0x0000005fd6100000,0x0000005fd6200000],  sp=0x0000005fd61fe0d0,  free space=1016k
Native frames: (J=compiled Java code, j=interpreted, Vv=VM code, C=native code)
C  [ig12icd64.dll+0xf4c8a]


siginfo: EXCEPTION_ACCESS_VIOLATION (0xc0000005), reading address 0x00000000000353a8


Register to memory mapping:

RIP=0x00007ffbfbd44c8a ig12icd64.dll
RAX=0x000002415f0a9d98 points into unknown readable memory: 0x0000000000000290 | 90 02 00 00 00 00 00 00
RBX=0x000002415f0aa1a0 points into unknown readable memory: 0x000002415f0ab860 | 60 b8 0a 5f 41 02 00 00
RCX=0x0000000000000001 is an unknown value
RDX=0x0 is NULL
RSP=0x0000005fd61fe0d0 points into unknown readable memory: 0x00000241539251c0 | c0 51 92 53 41 02 00 00
RBP=0x0000005fd61fe1d0 points into unknown readable memory: 0x00007ffbfafa8f88 | 88 8f fa fa fb 7f 00 00
RSI=0x000002415f0a9c90 points into unknown readable memory: 0x00000241539828f0 | f0 28 98 53 41 02 00 00
RDI=0x0000024155b289f0 points into unknown readable memory: 0x0000000000000000 | 00 00 00 00 00 00 00 00
R8 =0x000002415f0a9d58 points into unknown readable memory: 0x0000000000000000 | 00 00 00 00 00 00 00 00
R9 =0x0 is NULL
R10=0x0 is NULL
R11=0x0000000000000246 is an unknown value
R12=0x0000000000000016 is an unknown value
R13=0x000002415f0a9c90 points into unknown readable memory: 0x00000241539828f0 | f0 28 98 53 41 02 00 00
R14=0x0 is NULL
R15=0x0 is NULL


Registers:
RAX=0x000002415f0a9d98, RBX=0x000002415f0aa1a0, RCX=0x0000000000000001, RDX=0x0000000000000000
RSP=0x0000005fd61fe0d0, RBP=0x0000005fd61fe1d0, RSI=0x000002415f0a9c90, RDI=0x0000024155b289f0
R8 =0x000002415f0a9d58, R9 =0x0000000000000000, R10=0x0000000000000000, R11=0x0000000000000246
R12=0x0000000000000016, R13=0x000002415f0a9c90, R14=0x0000000000000000, R15=0x0000000000000000
RIP=0x00007ffbfbd44c8a, EFLAGS=0x0000000000010202

Top of Stack: (sp=0x0000005fd61fe0d0)
0x0000005fd61fe0d0:   00000241539251c0 0000000000000000
0x0000005fd61fe0e0:   0000000000000000 0000000000000000
0x0000005fd61fe0f0:   0000001600000000 0000000000000000
0x0000005fd61fe100:   000002415f0ab860 00007ffc6ee7179f
0x0000005fd61fe110:   0000005fd61fe190 00000241539251c0
0x0000005fd61fe120:   0000005fd61feac0 0000000000000001
0x0000005fd61fe130:   0000005fd61fe140 0000005fd61fea80
0x0000005fd61fe140:   0000000000000000 0000005fd61fea90
0x0000005fd61fe150:   0000000000000000 00007ffc6ef5f0c0
0x0000005fd61fe160:   0000024132bb4a60 00007ffc6ef5f001
0x0000005fd61fe170:   0000024132bb4a00 0000005fd61fea00
0x0000005fd61fe180:   0000005fd61fe250 00007ffbface7ec9
0x0000005fd61fe190:   0000005fd61fea80 00007ffbfafa8f88
0x0000005fd61fe1a0:   0000005fd61fea90 00007ffbfaf62df8
0x0000005fd61fe1b0:   0000000000000000 0000005fd61fea80
0x0000005fd61fe1c0:   0000005fd61fe250 00007ffbface9bdf 

Instructions: (pc=0x00007ffbfbd44c8a)
0x00007ffbfbd44b8a:   30 48 8b 05 2e a3 cd 00 8b 80 1c 0a 00 00 89 44
0x00007ffbfbd44b9a:   24 24 45 32 e4 44 88 64 24 20 48 c7 87 80 02 00
0x00007ffbfbd44baa:   00 00 00 00 00 c7 87 88 02 00 00 00 00 00 00 48
0x00007ffbfbd44bba:   c7 87 a0 02 00 00 00 00 00 00 48 c7 87 90 02 00
0x00007ffbfbd44bca:   00 00 00 00 00 4d 85 f6 75 3e 8b 35 96 32 dd 00
0x00007ffbfbd44bda:   65 48 8b 04 25 58 00 00 00 ba 30 00 00 00 48 8b
0x00007ffbfbd44bea:   04 f0 44 38 24 02 0f 84 13 d5 88 00 65 48 8b 04
0x00007ffbfbd44bfa:   25 58 00 00 00 41 be 08 00 00 00 48 8b 04 f0 4d
0x00007ffbfbd44c0a:   8b 34 06 4c 89 74 24 28 4c 3b 35 87 56 dd 00 0f
0x00007ffbfbd44c1a:   84 ce 10 00 00 44 8b 64 24 24 48 85 c9 0f 84 77
0x00007ffbfbd44c2a:   0b 00 00 0f 1f 00 48 8b f1 4c 8b e9 48 8d 99 10
0x00007ffbfbd44c3a:   05 00 00 48 8b 03 48 89 44 24 30 45 84 ff 0f 85
0x00007ffbfbd44c4a:   57 0f 00 00 8b 8f d0 01 00 00 48 8b 05 65 a2 cd
0x00007ffbfbd44c5a:   00 83 b8 54 03 00 00 02 75 33 4d 8d 85 c8 00 00
0x00007ffbfbd44c6a:   00 83 f9 10 0f 83 60 08 00 00 8b c1 48 c1 e0 06
0x00007ffbfbd44c7a:   49 03 c0 48 85 c0 0f 84 c0 08 00 00 48 8b 50 08
0x00007ffbfbd44c8a:   49 3b 96 a8 53 03 00 0f 87 1e 0f 00 00 48 83 be
0x00007ffbfbd44c9a:   68 05 00 00 00 0f 85 99 d4 88 00 44 8b 8f d0 01
0x00007ffbfbd44caa:   00 00 48 8b 87 e8 01 00 00 4c 8b 00 8b 8f d0 01
0x00007ffbfbd44cba:   00 00 4c 8d b6 c8 00 00 00 83 f9 10 0f 83 3f 08
0x00007ffbfbd44cca:   00 00 8b c1 48 c1 e0 06 49 03 c6 48 85 c0 0f 84
0x00007ffbfbd44cda:   6f 08 00 00 4c 39 40 08 0f 86 65 08 00 00 48 8b
0x00007ffbfbd44cea:   87 80 02 00 00 48 89 03 48 89 b7 80 02 00 00 ff
0x00007ffbfbd44cfa:   87 88 02 00 00 48 8b 4e 08 48 8b 01 ba 01 00 00
0x00007ffbfbd44d0a:   00 48 8b 80 e0 02 00 00 ff 15 e8 08 9c 00 0f b7
0x00007ffbfbd44d1a:   c8 48 2b c1 48 05 00 00 01 00 48 01 87 90 02 00
0x00007ffbfbd44d2a:   00 48 8b 4e 08 48 8b 01 ba 01 00 00 00 48 8b 80
0x00007ffbfbd44d3a:   e0 02 00 00 ff 15 bc 08 9c 00 48 01 87 a0 02 00
0x00007ffbfbd44d4a:   00 e9 61 07 00 00 48 8b c3 48 c1 e0 06 49 03 c6
0x00007ffbfbd44d5a:   48 85 c0 0f 84 77 09 00 00 4c 89 60 10 4c 8d b7
0x00007ffbfbd44d6a:   f0 02 00 00 49 8b 1e 48 89 5c 24 78 48 b8 aa aa
0x00007ffbfbd44d7a:   aa aa aa aa aa 0a 49 39 46 08 0f 84 d3 d4 88 00 


Stack slot to memory mapping:
stack at sp + 0 slots: 0x00000241539251c0 points into unknown readable memory: 0xffffffffffffffff | ff ff ff ff ff ff ff ff
stack at sp + 1 slots: 0x0 is NULL
stack at sp + 2 slots: 0x0 is NULL
stack at sp + 3 slots: 0x0 is NULL
stack at sp + 4 slots: 0x0000001600000000 is an unknown value
stack at sp + 5 slots: 0x0 is NULL
stack at sp + 6 slots: 0x000002415f0ab860 points into unknown readable memory: 0x00000241539828f0 | f0 28 98 53 41 02 00 00
stack at sp + 7 slots: 0x00007ffc6ee7179f ucrtbase.dll

VM_Operation (0x0000005fd5bfece0): Exit, mode: safepoint, requested by thread 0x0000024134d8a0a0


---------------  P R O C E S S  ---------------

Threads class SMR info:
_java_thread_list=0x000002415e894740, length=14, elements={
0x0000024134d8a0a0, 0x0000024152c5e080, 0x0000024152c5eb90, 0x0000024152c73170,
0x0000024152c77aa0, 0x0000024152c793c0, 0x0000024152c7c490, 0x0000024152c7eed0,
0x0000024152c878e0, 0x0000024152c99e30, 0x00000241538af290, 0x00000241538b27b0,
0x000002415e795690, 0x00000241538b1270
}

Java Threads: ( => current thread )
  0x0000024134d8a0a0 JavaThread "main" [_thread_blocked, id=90844, stack(0x0000005fd5b00000,0x0000005fd5c00000)]
  0x0000024152c5e080 JavaThread "Reference Handler" daemon [_thread_blocked, id=91248, stack(0x0000005fd6200000,0x0000005fd6300000)]
  0x0000024152c5eb90 JavaThread "Finalizer" daemon [_thread_blocked, id=49588, stack(0x0000005fd6300000,0x0000005fd6400000)]
  0x0000024152c73170 JavaThread "Signal Dispatcher" daemon [_thread_blocked, id=88908, stack(0x0000005fd6400000,0x0000005fd6500000)]
  0x0000024152c77aa0 JavaThread "Attach Listener" daemon [_thread_blocked, id=92232, stack(0x0000005fd6500000,0x0000005fd6600000)]
  0x0000024152c793c0 JavaThread "Service Thread" daemon [_thread_blocked, id=93068, stack(0x0000005fd6600000,0x0000005fd6700000)]
  0x0000024152c7c490 JavaThread "Monitor Deflation Thread" daemon [_thread_blocked, id=86924, stack(0x0000005fd6700000,0x0000005fd6800000)]
  0x0000024152c7eed0 JavaThread "C2 CompilerThread0" daemon [_thread_blocked, id=68944, stack(0x0000005fd6800000,0x0000005fd6900000)]
  0x0000024152c878e0 JavaThread "C1 CompilerThread0" daemon [_thread_blocked, id=91440, stack(0x0000005fd6900000,0x0000005fd6a00000)]
  0x0000024152c99e30 JavaThread "Sweeper thread" daemon [_thread_blocked, id=94084, stack(0x0000005fd6a00000,0x0000005fd6b00000)]
  0x00000241538af290 JavaThread "Notification Thread" daemon [_thread_blocked, id=93840, stack(0x0000005fd6b00000,0x0000005fd6c00000)]
  0x00000241538b27b0 JavaThread "Common-Cleaner" daemon [_thread_blocked, id=91804, stack(0x0000005fd6d00000,0x0000005fd6e00000)]
  0x000002415e795690 JavaThread "C2 CompilerThread1" daemon [_thread_blocked, id=90652, stack(0x0000005fd7200000,0x0000005fd7300000)]
  0x00000241538b1270 JavaThread "Java2D Disposer" daemon [_thread_blocked, id=86140, stack(0x0000005fd7400000,0x0000005fd7500000)]

Other Threads:
=>0x0000024152c58670 VMThread "VM Thread" [stack: 0x0000005fd6100000,0x0000005fd6200000] [id=90460]
  0x0000024134dcb830 GCTaskThread "GC Thread#0" [stack: 0x0000005fd5c00000,0x0000005fd5d00000] [id=93928]
  0x000002415e8ab050 GCTaskThread "GC Thread#1" [stack: 0x0000005fd7500000,0x0000005fd7600000] [id=85804]
  0x000002415ebc28c0 GCTaskThread "GC Thread#2" [stack: 0x0000005fd7600000,0x0000005fd7700000] [id=31444]
  0x000002415eb0dab0 GCTaskThread "GC Thread#3" [stack: 0x0000005fd7700000,0x0000005fd7800000] [id=67856]
  0x000002415e98ebd0 GCTaskThread "GC Thread#4" [stack: 0x0000005fd7800000,0x0000005fd7900000] [id=92584]
  0x000002415e958370 GCTaskThread "GC Thread#5" [stack: 0x0000005fd7900000,0x0000005fd7a00000] [id=86204]
  0x000002415e9cbef0 GCTaskThread "GC Thread#6" [stack: 0x0000005fd7a00000,0x0000005fd7b00000] [id=88080]
  0x000002415e9cc200 GCTaskThread "GC Thread#7" [stack: 0x0000005fd7b00000,0x0000005fd7c00000] [id=93064]
  0x0000024134ddd150 ConcurrentGCThread "G1 Main Marker" terminated
  0x0000024134dddad0 ConcurrentGCThread "G1 Conc#0" [stack: 0x0000005fd5e00000,0x0000005fd5f00000] [id=88324]
  0x0000024134e660a0 ConcurrentGCThread "G1 Refine#0" terminated
  0x000002415eb0acb0 ConcurrentGCThread "G1 Refine#1" terminated
  0x0000024134e66a30 ConcurrentGCThread "G1 Service" terminated

Threads with active compile tasks:

VM state: at safepoint (shutting down)

VM Mutex/Monitor currently owned by a thread:  ([mutex/lock_event])
[0x0000024134d86660] Threads_lock - owner thread: 0x0000024152c58670
[0x0000024134d865d0] Heap_lock - owner thread: 0x0000024134d8a0a0

Heap address: 0x0000000083200000, size: 1998 MB, Compressed Oops mode: 32-bit

CDS archive(s) mapped at: [0x0000000800000000-0x0000000800bb0000-0x0000000800bb0000), size 12255232, SharedBaseAddress: 0x0000000800000000, ArchiveRelocationMode: 0.
Compressed class space mapped at: 0x0000000800c00000-0x0000000840c00000, reserved size: 1073741824
Narrow klass base: 0x0000000800000000, Narrow klass shift: 3, Narrow klass range: 0x100000000

GC Precious Log:
 CPUs: 8 total, 8 available
 Memory: 7991M
 Large Page Support: Disabled
 NUMA Support: Disabled
 Compressed Oops: Enabled (32-bit)
 Heap Region Size: 1M
 Heap Min Capacity: 8M
 Heap Initial Capacity: 126M
 Heap Max Capacity: 1998M
 Pre-touch: Disabled
 Parallel Workers: 8
 Concurrent Workers: 2
 Concurrent Refinement Workers: 8
 Periodic GC: Disabled

Heap:
 garbage-first heap   total 129024K, used 61614K [0x0000000083200000, 0x0000000100000000)
  region size 1024K, 56 young (57344K), 6 survivors (6144K)
 Metaspace       used 4281K, committed 4480K, reserved 1056768K
  class space    used 291K, committed 384K, reserved 1048576K

Heap Regions: E=young(eden), S=young(survivor), O=old, HS=humongous(starts), HC=humongous(continues), CS=collection set, F=free, OA=open archive, CA=closed archive, TAMS=top-at-mark-start (previous, next)
|   0|0x0000000083200000, 0x0000000083300000, 0x0000000083300000|100%|HS|  |TAMS 0x0000000083200000, 0x0000000083200000| Complete 
|   1|0x0000000083300000, 0x0000000083400000, 0x0000000083400000|100%|HS|  |TAMS 0x0000000083300000, 0x0000000083300000| Complete 
|   2|0x0000000083400000, 0x0000000083500000, 0x0000000083500000|100%|HS|  |TAMS 0x0000000083400000, 0x0000000083400000| Complete 
|   3|0x0000000083500000, 0x0000000083500000, 0x0000000083600000|  0%| F|  |TAMS 0x0000000083500000, 0x0000000083500000| Untracked 
|   4|0x0000000083600000, 0x0000000083600000, 0x0000000083700000|  0%| F|  |TAMS 0x0000000083600000, 0x0000000083600000| Untracked 
|   5|0x0000000083700000, 0x0000000083700000, 0x0000000083800000|  0%| F|  |TAMS 0x0000000083700000, 0x0000000083700000| Untracked 
|   6|0x0000000083800000, 0x0000000083800000, 0x0000000083900000|  0%| F|  |TAMS 0x0000000083800000, 0x0000000083800000| Untracked 
|   7|0x0000000083900000, 0x0000000083900000, 0x0000000083a00000|  0%| F|  |TAMS 0x0000000083900000, 0x0000000083900000| Untracked 
|   8|0x0000000083a00000, 0x0000000083a00000, 0x0000000083b00000|  0%| F|  |TAMS 0x0000000083a00000, 0x0000000083a00000| Untracked 
|   9|0x0000000083b00000, 0x0000000083b00000, 0x0000000083c00000|  0%| F|  |TAMS 0x0000000083b00000, 0x0000000083b00000| Untracked 
|  10|0x0000000083c00000, 0x0000000083c00000, 0x0000000083d00000|  0%| F|  |TAMS 0x0000000083c00000, 0x0000000083c00000| Untracked 
|  11|0x0000000083d00000, 0x0000000083d00000, 0x0000000083e00000|  0%| F|  |TAMS 0x0000000083d00000, 0x0000000083d00000| Untracked 
|  12|0x0000000083e00000, 0x0000000083e00000, 0x0000000083f00000|  0%| F|  |TAMS 0x0000000083e00000, 0x0000000083e00000| Untracked 
|  13|0x0000000083f00000, 0x0000000083f00000, 0x0000000084000000|  0%| F|  |TAMS 0x0000000083f00000, 0x0000000083f00000| Untracked 
|  14|0x0000000084000000, 0x0000000084000000, 0x0000000084100000|  0%| F|  |TAMS 0x0000000084000000, 0x0000000084000000| Untracked 
|  15|0x0000000084100000, 0x0000000084200000, 0x0000000084200000|100%| O|  |TAMS 0x0000000084100000, 0x0000000084100000| Untracked 
|  16|0x0000000084200000, 0x0000000084300000, 0x0000000084300000|100%| O|  |TAMS 0x0000000084200000, 0x0000000084200000| Untracked 
|  17|0x0000000084300000, 0x0000000084342000, 0x0000000084400000| 25%| O|  |TAMS 0x0000000084300000, 0x0000000084300000| Untracked 
|  18|0x0000000084400000, 0x0000000084400000, 0x0000000084500000|  0%| F|  |TAMS 0x0000000084400000, 0x0000000084400000| Untracked 
|  19|0x0000000084500000, 0x0000000084500000, 0x0000000084600000|  0%| F|  |TAMS 0x0000000084500000, 0x0000000084500000| Untracked 
|  20|0x0000000084600000, 0x0000000084600000, 0x0000000084700000|  0%| F|  |TAMS 0x0000000084600000, 0x0000000084600000| Untracked 
|  21|0x0000000084700000, 0x0000000084700000, 0x0000000084800000|  0%| F|  |TAMS 0x0000000084700000, 0x0000000084700000| Untracked 
|  22|0x0000000084800000, 0x0000000084800000, 0x0000000084900000|  0%| F|  |TAMS 0x0000000084800000, 0x0000000084800000| Untracked 
|  23|0x0000000084900000, 0x0000000084900000, 0x0000000084a00000|  0%| F|  |TAMS 0x0000000084900000, 0x0000000084900000| Untracked 
|  24|0x0000000084a00000, 0x0000000084a00000, 0x0000000084b00000|  0%| F|  |TAMS 0x0000000084a00000, 0x0000000084a00000| Untracked 
|  25|0x0000000084b00000, 0x0000000084b00000, 0x0000000084c00000|  0%| F|  |TAMS 0x0000000084b00000, 0x0000000084b00000| Untracked 
|  26|0x0000000084c00000, 0x0000000084c00000, 0x0000000084d00000|  0%| F|  |TAMS 0x0000000084c00000, 0x0000000084c00000| Untracked 
|  27|0x0000000084d00000, 0x0000000084d00000, 0x0000000084e00000|  0%| F|  |TAMS 0x0000000084d00000, 0x0000000084d00000| Untracked 
|  28|0x0000000084e00000, 0x0000000084e00000, 0x0000000084f00000|  0%| F|  |TAMS 0x0000000084e00000, 0x0000000084e00000| Untracked 
|  29|0x0000000084f00000, 0x0000000084f00000, 0x0000000085000000|  0%| F|  |TAMS 0x0000000084f00000, 0x0000000084f00000| Untracked 
|  30|0x0000000085000000, 0x0000000085000000, 0x0000000085100000|  0%| F|  |TAMS 0x0000000085000000, 0x0000000085000000| Untracked 
|  31|0x0000000085100000, 0x0000000085100000, 0x0000000085200000|  0%| F|  |TAMS 0x0000000085100000, 0x0000000085100000| Untracked 
|  32|0x0000000085200000, 0x0000000085200000, 0x0000000085300000|  0%| F|  |TAMS 0x0000000085200000, 0x0000000085200000| Untracked 
|  33|0x0000000085300000, 0x0000000085300000, 0x0000000085400000|  0%| F|  |TAMS 0x0000000085300000, 0x0000000085300000| Untracked 
|  34|0x0000000085400000, 0x0000000085400000, 0x0000000085500000|  0%| F|  |TAMS 0x0000000085400000, 0x0000000085400000| Untracked 
|  35|0x0000000085500000, 0x0000000085500000, 0x0000000085600000|  0%| F|  |TAMS 0x0000000085500000, 0x0000000085500000| Untracked 
|  36|0x0000000085600000, 0x0000000085600000, 0x0000000085700000|  0%| F|  |TAMS 0x0000000085600000, 0x0000000085600000| Untracked 
|  37|0x0000000085700000, 0x0000000085700000, 0x0000000085800000|  0%| F|  |TAMS 0x0000000085700000, 0x0000000085700000| Untracked 
|  38|0x0000000085800000, 0x0000000085800000, 0x0000000085900000|  0%| F|  |TAMS 0x0000000085800000, 0x0000000085800000| Untracked 
|  39|0x0000000085900000, 0x0000000085900000, 0x0000000085a00000|  0%| F|  |TAMS 0x0000000085900000, 0x0000000085900000| Untracked 
|  40|0x0000000085a00000, 0x0000000085a00000, 0x0000000085b00000|  0%| F|  |TAMS 0x0000000085a00000, 0x0000000085a00000| Untracked 
|  41|0x0000000085b00000, 0x0000000085b00000, 0x0000000085c00000|  0%| F|  |TAMS 0x0000000085b00000, 0x0000000085b00000| Untracked 
|  42|0x0000000085c00000, 0x0000000085c00000, 0x0000000085d00000|  0%| F|  |TAMS 0x0000000085c00000, 0x0000000085c00000| Untracked 
|  43|0x0000000085d00000, 0x0000000085d00000, 0x0000000085e00000|  0%| F|  |TAMS 0x0000000085d00000, 0x0000000085d00000| Untracked 
|  44|0x0000000085e00000, 0x0000000085e00000, 0x0000000085f00000|  0%| F|  |TAMS 0x0000000085e00000, 0x0000000085e00000| Untracked 
|  45|0x0000000085f00000, 0x0000000085fe9bc0, 0x0000000086000000| 91%| S|CS|TAMS 0x0000000085f00000, 0x0000000085f00000| Complete 
|  46|0x0000000086000000, 0x0000000086100000, 0x0000000086100000|100%| S|CS|TAMS 0x0000000086000000, 0x0000000086000000| Complete 
|  47|0x0000000086100000, 0x0000000086200000, 0x0000000086200000|100%| S|CS|TAMS 0x0000000086100000, 0x0000000086100000| Complete 
|  48|0x0000000086200000, 0x0000000086300000, 0x0000000086300000|100%| S|CS|TAMS 0x0000000086200000, 0x0000000086200000| Complete 
|  49|0x0000000086300000, 0x0000000086400000, 0x0000000086400000|100%| S|CS|TAMS 0x0000000086300000, 0x0000000086300000| Complete 
|  50|0x0000000086400000, 0x0000000086500000, 0x0000000086500000|100%| S|CS|TAMS 0x0000000086400000, 0x0000000086400000| Complete 
|  51|0x0000000086500000, 0x0000000086500000, 0x0000000086600000|  0%| F|  |TAMS 0x0000000086500000, 0x0000000086500000| Untracked 
|  52|0x0000000086600000, 0x0000000086600000, 0x0000000086700000|  0%| F|  |TAMS 0x0000000086600000, 0x0000000086600000| Untracked 
|  53|0x0000000086700000, 0x0000000086700000, 0x0000000086800000|  0%| F|  |TAMS 0x0000000086700000, 0x0000000086700000| Untracked 
|  54|0x0000000086800000, 0x0000000086800000, 0x0000000086900000|  0%| F|  |TAMS 0x0000000086800000, 0x0000000086800000| Untracked 
|  55|0x0000000086900000, 0x0000000086900000, 0x0000000086a00000|  0%| F|  |TAMS 0x0000000086900000, 0x0000000086900000| Untracked 
|  56|0x0000000086a00000, 0x0000000086a00000, 0x0000000086b00000|  0%| F|  |TAMS 0x0000000086a00000, 0x0000000086a00000| Untracked 
|  57|0x0000000086b00000, 0x0000000086b00000, 0x0000000086c00000|  0%| F|  |TAMS 0x0000000086b00000, 0x0000000086b00000| Untracked 
|  58|0x0000000086c00000, 0x0000000086c00000, 0x0000000086d00000|  0%| F|  |TAMS 0x0000000086c00000, 0x0000000086c00000| Untracked 
|  59|0x0000000086d00000, 0x0000000086d00000, 0x0000000086e00000|  0%| F|  |TAMS 0x0000000086d00000, 0x0000000086d00000| Untracked 
|  60|0x0000000086e00000, 0x0000000086e00000, 0x0000000086f00000|  0%| F|  |TAMS 0x0000000086e00000, 0x0000000086e00000| Untracked 
|  61|0x0000000086f00000, 0x0000000086f00000, 0x0000000087000000|  0%| F|  |TAMS 0x0000000086f00000, 0x0000000086f00000| Untracked 
|  62|0x0000000087000000, 0x0000000087000000, 0x0000000087100000|  0%| F|  |TAMS 0x0000000087000000, 0x0000000087000000| Untracked 
|  63|0x0000000087100000, 0x0000000087100000, 0x0000000087200000|  0%| F|  |TAMS 0x0000000087100000, 0x0000000087100000| Untracked 
|  64|0x0000000087200000, 0x0000000087200000, 0x0000000087300000|  0%| F|  |TAMS 0x0000000087200000, 0x0000000087200000| Untracked 
|  65|0x0000000087300000, 0x0000000087300000, 0x0000000087400000|  0%| F|  |TAMS 0x0000000087300000, 0x0000000087300000| Untracked 
|  66|0x0000000087400000, 0x0000000087400000, 0x0000000087500000|  0%| F|  |TAMS 0x0000000087400000, 0x0000000087400000| Untracked 
|  67|0x0000000087500000, 0x0000000087500000, 0x0000000087600000|  0%| F|  |TAMS 0x0000000087500000, 0x0000000087500000| Untracked 
|  68|0x0000000087600000, 0x0000000087600000, 0x0000000087700000|  0%| F|  |TAMS 0x0000000087600000, 0x0000000087600000| Untracked 
|  69|0x0000000087700000, 0x0000000087700000, 0x0000000087800000|  0%| F|  |TAMS 0x0000000087700000, 0x0000000087700000| Untracked 
|  70|0x0000000087800000, 0x0000000087800000, 0x0000000087900000|  0%| F|  |TAMS 0x0000000087800000, 0x0000000087800000| Untracked 
|  71|0x0000000087900000, 0x0000000087900000, 0x0000000087a00000|  0%| F|  |TAMS 0x0000000087900000, 0x0000000087900000| Untracked 
|  72|0x0000000087a00000, 0x0000000087a00000, 0x0000000087b00000|  0%| F|  |TAMS 0x0000000087a00000, 0x0000000087a00000| Untracked 
|  73|0x0000000087b00000, 0x0000000087b00000, 0x0000000087c00000|  0%| F|  |TAMS 0x0000000087b00000, 0x0000000087b00000| Untracked 
|  74|0x0000000087c00000, 0x0000000087c00000, 0x0000000087d00000|  0%| F|  |TAMS 0x0000000087c00000, 0x0000000087c00000| Untracked 
|  75|0x0000000087d00000, 0x0000000087d00000, 0x0000000087e00000|  0%| F|  |TAMS 0x0000000087d00000, 0x0000000087d00000| Untracked 
|  76|0x0000000087e00000, 0x0000000087f00000, 0x0000000087f00000|100%| E|  |TAMS 0x0000000087e00000, 0x0000000087e00000| Complete 
|  77|0x0000000087f00000, 0x0000000088000000, 0x0000000088000000|100%| E|CS|TAMS 0x0000000087f00000, 0x0000000087f00000| Complete 
|  78|0x0000000088000000, 0x0000000088100000, 0x0000000088100000|100%| E|CS|TAMS 0x0000000088000000, 0x0000000088000000| Complete 
|  79|0x0000000088100000, 0x0000000088200000, 0x0000000088200000|100%| E|CS|TAMS 0x0000000088100000, 0x0000000088100000| Complete 
|  80|0x0000000088200000, 0x0000000088300000, 0x0000000088300000|100%| E|CS|TAMS 0x0000000088200000, 0x0000000088200000| Complete 
|  81|0x0000000088300000, 0x0000000088400000, 0x0000000088400000|100%| E|CS|TAMS 0x0000000088300000, 0x0000000088300000| Complete 
|  82|0x0000000088400000, 0x0000000088500000, 0x0000000088500000|100%| E|CS|TAMS 0x0000000088400000, 0x0000000088400000| Complete 
|  83|0x0000000088500000, 0x0000000088600000, 0x0000000088600000|100%| E|CS|TAMS 0x0000000088500000, 0x0000000088500000| Complete 
|  84|0x0000000088600000, 0x0000000088700000, 0x0000000088700000|100%| E|CS|TAMS 0x0000000088600000, 0x0000000088600000| Complete 
|  85|0x0000000088700000, 0x0000000088800000, 0x0000000088800000|100%| E|CS|TAMS 0x0000000088700000, 0x0000000088700000| Complete 
|  86|0x0000000088800000, 0x0000000088900000, 0x0000000088900000|100%| E|CS|TAMS 0x0000000088800000, 0x0000000088800000| Complete 
|  87|0x0000000088900000, 0x0000000088a00000, 0x0000000088a00000|100%| E|CS|TAMS 0x0000000088900000, 0x0000000088900000| Complete 
|  88|0x0000000088a00000, 0x0000000088b00000, 0x0000000088b00000|100%| E|CS|TAMS 0x0000000088a00000, 0x0000000088a00000| Complete 
|  89|0x0000000088b00000, 0x0000000088c00000, 0x0000000088c00000|100%| E|CS|TAMS 0x0000000088b00000, 0x0000000088b00000| Complete 
|  90|0x0000000088c00000, 0x0000000088d00000, 0x0000000088d00000|100%| E|CS|TAMS 0x0000000088c00000, 0x0000000088c00000| Complete 
|  91|0x0000000088d00000, 0x0000000088e00000, 0x0000000088e00000|100%| E|CS|TAMS 0x0000000088d00000, 0x0000000088d00000| Complete 
|  92|0x0000000088e00000, 0x0000000088f00000, 0x0000000088f00000|100%| E|CS|TAMS 0x0000000088e00000, 0x0000000088e00000| Complete 
|  93|0x0000000088f00000, 0x0000000089000000, 0x0000000089000000|100%| E|CS|TAMS 0x0000000088f00000, 0x0000000088f00000| Complete 
|  94|0x0000000089000000, 0x0000000089100000, 0x0000000089100000|100%| E|CS|TAMS 0x0000000089000000, 0x0000000089000000| Complete 
|  95|0x0000000089100000, 0x0000000089200000, 0x0000000089200000|100%| E|CS|TAMS 0x0000000089100000, 0x0000000089100000| Complete 
|  96|0x0000000089200000, 0x0000000089300000, 0x0000000089300000|100%| E|CS|TAMS 0x0000000089200000, 0x0000000089200000| Complete 
|  97|0x0000000089300000, 0x0000000089400000, 0x0000000089400000|100%| E|CS|TAMS 0x0000000089300000, 0x0000000089300000| Complete 
|  98|0x0000000089400000, 0x0000000089500000, 0x0000000089500000|100%| E|CS|TAMS 0x0000000089400000, 0x0000000089400000| Complete 
|  99|0x0000000089500000, 0x0000000089600000, 0x0000000089600000|100%| E|CS|TAMS 0x0000000089500000, 0x0000000089500000| Complete 
| 100|0x0000000089600000, 0x0000000089700000, 0x0000000089700000|100%| E|CS|TAMS 0x0000000089600000, 0x0000000089600000| Complete 
| 101|0x0000000089700000, 0x0000000089800000, 0x0000000089800000|100%| E|CS|TAMS 0x0000000089700000, 0x0000000089700000| Complete 
| 102|0x0000000089800000, 0x0000000089900000, 0x0000000089900000|100%| E|CS|TAMS 0x0000000089800000, 0x0000000089800000| Complete 
| 103|0x0000000089900000, 0x0000000089a00000, 0x0000000089a00000|100%| E|CS|TAMS 0x0000000089900000, 0x0000000089900000| Complete 
| 104|0x0000000089a00000, 0x0000000089b00000, 0x0000000089b00000|100%| E|CS|TAMS 0x0000000089a00000, 0x0000000089a00000| Complete 
| 105|0x0000000089b00000, 0x0000000089c00000, 0x0000000089c00000|100%| E|CS|TAMS 0x0000000089b00000, 0x0000000089b00000| Complete 
| 106|0x0000000089c00000, 0x0000000089d00000, 0x0000000089d00000|100%| E|CS|TAMS 0x0000000089c00000, 0x0000000089c00000| Complete 
| 107|0x0000000089d00000, 0x0000000089e00000, 0x0000000089e00000|100%| E|CS|TAMS 0x0000000089d00000, 0x0000000089d00000| Complete 
| 108|0x0000000089e00000, 0x0000000089f00000, 0x0000000089f00000|100%| E|CS|TAMS 0x0000000089e00000, 0x0000000089e00000| Complete 
| 109|0x0000000089f00000, 0x000000008a000000, 0x000000008a000000|100%| E|CS|TAMS 0x0000000089f00000, 0x0000000089f00000| Complete 
| 110|0x000000008a000000, 0x000000008a100000, 0x000000008a100000|100%| E|CS|TAMS 0x000000008a000000, 0x000000008a000000| Complete 
| 111|0x000000008a100000, 0x000000008a200000, 0x000000008a200000|100%| E|CS|TAMS 0x000000008a100000, 0x000000008a100000| Complete 
| 112|0x000000008a200000, 0x000000008a300000, 0x000000008a300000|100%| E|CS|TAMS 0x000000008a200000, 0x000000008a200000| Complete 
| 113|0x000000008a300000, 0x000000008a400000, 0x000000008a400000|100%| E|CS|TAMS 0x000000008a300000, 0x000000008a300000| Complete 
| 114|0x000000008a400000, 0x000000008a500000, 0x000000008a500000|100%| E|CS|TAMS 0x000000008a400000, 0x000000008a400000| Complete 
| 115|0x000000008a500000, 0x000000008a600000, 0x000000008a600000|100%| E|CS|TAMS 0x000000008a500000, 0x000000008a500000| Complete 
| 116|0x000000008a600000, 0x000000008a700000, 0x000000008a700000|100%| E|CS|TAMS 0x000000008a600000, 0x000000008a600000| Complete 
| 117|0x000000008a700000, 0x000000008a800000, 0x000000008a800000|100%| E|CS|TAMS 0x000000008a700000, 0x000000008a700000| Complete 
| 118|0x000000008a800000, 0x000000008a900000, 0x000000008a900000|100%| E|CS|TAMS 0x000000008a800000, 0x000000008a800000| Complete 
| 119|0x000000008a900000, 0x000000008aa00000, 0x000000008aa00000|100%| E|CS|TAMS 0x000000008a900000, 0x000000008a900000| Complete 
| 120|0x000000008aa00000, 0x000000008ab00000, 0x000000008ab00000|100%| E|CS|TAMS 0x000000008aa00000, 0x000000008aa00000| Complete 
| 121|0x000000008ab00000, 0x000000008ac00000, 0x000000008ac00000|100%| E|CS|TAMS 0x000000008ab00000, 0x000000008ab00000| Complete 
| 122|0x000000008ac00000, 0x000000008ad00000, 0x000000008ad00000|100%| E|CS|TAMS 0x000000008ac00000, 0x000000008ac00000| Complete 
| 123|0x000000008ad00000, 0x000000008ae00000, 0x000000008ae00000|100%| E|CS|TAMS 0x000000008ad00000, 0x000000008ad00000| Complete 
| 124|0x000000008ae00000, 0x000000008af00000, 0x000000008af00000|100%| E|CS|TAMS 0x000000008ae00000, 0x000000008ae00000| Complete 
| 125|0x000000008af00000, 0x000000008b000000, 0x000000008b000000|100%| E|CS|TAMS 0x000000008af00000, 0x000000008af00000| Complete 

Card table byte_map: [0x000002414bc30000,0x000002414c020000] _byte_map_base: 0x000002414b817000

Marking Bits (Prev, Next): (CMBitMap*) 0x0000024134dccdc0, (CMBitMap*) 0x0000024134dcce00
 Prev Bits: [0x000002414c410000, 0x000002414e348000)
 Next Bits: [0x000002414e350000, 0x0000024150288000)

Polling page: 0x0000024132d30000

Metaspace:

Usage:
  Non-class:      3.90 MB used.
      Class:    291.68 KB used.
       Both:      4.18 MB used.

Virtual space:
  Non-class space:        8.00 MB reserved,       4.00 MB ( 50%) committed,  1 nodes.
      Class space:        1.00 GB reserved,     384.00 KB ( <1%) committed,  1 nodes.
              Both:        1.01 GB reserved,       4.38 MB ( <1%) committed. 

Chunk freelists:
   Non-Class:  2.58 MB
       Class:  3.63 MB
        Both:  6.20 MB

MaxMetaspaceSize: 17179869184.00 GB
CompressedClassSpaceSize: 1.00 GB
 - commit_granule_bytes: 65536.
 - commit_granule_words: 8192.
 - virtual_space_node_default_size: 1048576.
 - enlarge_chunks_in_place: 1.
 - new_chunks_are_fully_committed: 0.
 - uncommit_free_chunks: 1.
 - use_allocation_guard: 0.
 - handle_deallocations: 1.


Internal statistics:

num_allocs_failed_limit: 0.
num_arena_births: 64.
num_arena_deaths: 0.
num_vsnodes_births: 2.
num_vsnodes_deaths: 0.
num_space_committed: 68.
num_space_uncommitted: 0.
num_chunks_returned_to_freelist: 0.
num_chunks_taken_from_freelist: 125.
num_chunk_merges: 0.
num_chunk_splits: 87.
num_chunks_enlarged: 57.
num_purges: 0.

CodeHeap 'non-profiled nmethods': size=120000Kb used=483Kb max_used=483Kb free=119516Kb
 bounds [0x0000024143fe0000, 0x0000024144250000, 0x000002414b510000]
CodeHeap 'profiled nmethods': size=120000Kb used=1569Kb max_used=1569Kb free=118431Kb
 bounds [0x000002413cab0000, 0x000002413cd20000, 0x0000024143fe0000]
CodeHeap 'non-nmethods': size=5760Kb used=1247Kb max_used=1279Kb free=4512Kb
 bounds [0x000002413c510000, 0x000002413c780000, 0x000002413cab0000]
 total_blobs=1469 nmethods=922 adapters=460
 compilation: enabled
              stopped_count=0, restarted_count=0
 full_count=0

Compilation events (20 events):
Event: 0.960 Thread 0x0000024152c878e0  914       3       de.matthiasmann.twl.utils.PNGDecoder::expand2 (106 bytes)
Event: 0.960 Thread 0x000002415e795690  915 %     4       de.matthiasmann.twl.utils.PNGDecoder::copyPALtoRGBA @ 113 (199 bytes)
Event: 0.960 Thread 0x0000024152c878e0 nmethod 914 0x000002413cc33d10 code [0x000002413cc33ec0, 0x000002413cc341f8]
Event: 0.963 Thread 0x0000024152c7eed0  916 %     4       de.matthiasmann.twl.utils.PNGDecoder::expand2 @ 6 (106 bytes)
Event: 0.964 Thread 0x0000024152c7eed0 nmethod 916% 0x0000024144055610 code [0x00000241440557a0, 0x00000241440559d8]
Event: 0.965 Thread 0x0000024152c7eed0  917       4       de.matthiasmann.twl.utils.PNGDecoder::expand2 (106 bytes)
Event: 0.965 Thread 0x000002415e795690 nmethod 915% 0x0000024144055b90 code [0x0000024144055d40, 0x0000024144056378]
Event: 0.965 Thread 0x000002415e795690  918       4       de.matthiasmann.twl.utils.PNGDecoder::copyPALtoRGBA (199 bytes)
Event: 0.967 Thread 0x0000024152c7eed0 nmethod 917 0x0000024144056710 code [0x00000241440568a0, 0x0000024144056bb8]
Event: 0.968 Thread 0x000002415e795690 nmethod 918 0x0000024144056d10 code [0x0000024144056ea0, 0x0000024144057278]
Event: 1.005 Thread 0x0000024152c7eed0  919   !   4       de.matthiasmann.twl.utils.PNGDecoder::readChunkUnzip (144 bytes)
Event: 1.005 Thread 0x000002415e795690  920       4       de.matthiasmann.twl.utils.PNGDecoder::unfilter (104 bytes)
Event: 1.008 Thread 0x0000024152c7eed0 nmethod 919 0x0000024144057610 code [0x00000241440577e0, 0x0000024144057d80]
Event: 1.020 Thread 0x0000024152c878e0  921       3       java.lang.StringConcatHelper::initialCoder (14 bytes)
Event: 1.020 Thread 0x0000024152c878e0 nmethod 921 0x000002413cc34390 code [0x000002413cc34520, 0x000002413cc34638]
Event: 1.029 Thread 0x000002415e795690 nmethod 920 0x0000024144058190 code [0x0000024144058340, 0x0000024144058a98]
Event: 1.034 Thread 0x0000024152c878e0  922       3       java.lang.String::concat (15 bytes)
Event: 1.034 Thread 0x0000024152c878e0 nmethod 922 0x000002413cc34690 code [0x000002413cc349c0, 0x000002413cc35e58]
Event: 1.034 Thread 0x0000024152c878e0  923       3       java.lang.StringConcatHelper::simpleConcat (94 bytes)
Event: 1.035 Thread 0x0000024152c878e0 nmethod 923 0x000002413cc36590 code [0x000002413cc368c0, 0x000002413cc37cf8]

GC Heap History (6 events):
Event: 0.581 GC heap before
{Heap before GC invocations=0 (full 0):
 garbage-first heap   total 129024K, used 34816K [0x0000000083200000, 0x0000000100000000)
  region size 1024K, 23 young (23552K), 0 survivors (0K)
 Metaspace       used 4030K, committed 4160K, reserved 1056768K
  class space    used 277K, committed 320K, reserved 1048576K
}
Event: 0.583 GC heap after
{Heap after GC invocations=1 (full 0):
 garbage-first heap   total 129024K, used 7793K [0x0000000083200000, 0x0000000100000000)
  region size 1024K, 3 young (3072K), 3 survivors (3072K)
 Metaspace       used 4030K, committed 4160K, reserved 1056768K
  class space    used 277K, committed 320K, reserved 1048576K
}
Event: 0.662 GC heap before
{Heap before GC invocations=1 (full 0):
 garbage-first heap   total 129024K, used 52849K [0x0000000083200000, 0x0000000100000000)
  region size 1024K, 37 young (37888K), 3 survivors (3072K)
 Metaspace       used 4079K, committed 4224K, reserved 1056768K
  class space    used 280K, committed 320K, reserved 1048576K
}
Event: 0.665 GC heap after
{Heap after GC invocations=2 (full 0):
 garbage-first heap   total 129024K, used 4261K [0x0000000083200000, 0x0000000100000000)
  region size 1024K, 2 young (2048K), 2 survivors (2048K)
 Metaspace       used 4079K, committed 4224K, reserved 1056768K
  class space    used 280K, committed 320K, reserved 1048576K
}
Event: 0.734 GC heap before
{Heap before GC invocations=2 (full 0):
 garbage-first heap   total 129024K, used 79013K [0x0000000083200000, 0x0000000100000000)
  region size 1024K, 75 young (76800K), 2 survivors (2048K)
 Metaspace       used 4109K, committed 4224K, reserved 1056768K
  class space    used 280K, committed 320K, reserved 1048576K
}
Event: 0.740 GC heap after
{Heap after GC invocations=3 (full 0):
 garbage-first heap   total 129024K, used 8366K [0x0000000083200000, 0x0000000100000000)
  region size 1024K, 6 young (6144K), 6 survivors (6144K)
 Metaspace       used 4109K, committed 4224K, reserved 1056768K
  class space    used 280K, committed 320K, reserved 1048576K
}

Deoptimization events (20 events):
Event: 0.967 Thread 0x0000024134d8a0a0 DEOPT PACKING pc=0x000002413cc336ef sp=0x0000005fd5bfeda0
Event: 0.967 Thread 0x0000024134d8a0a0 DEOPT UNPACKING pc=0x000002413c55e77e sp=0x0000005fd5bfe250 mode 0
Event: 0.967 Thread 0x0000024134d8a0a0 DEOPT PACKING pc=0x000002413cc336ef sp=0x0000005fd5bfeda0
Event: 0.967 Thread 0x0000024134d8a0a0 DEOPT UNPACKING pc=0x000002413c55e77e sp=0x0000005fd5bfe250 mode 0
Event: 0.967 Thread 0x0000024134d8a0a0 DEOPT PACKING pc=0x000002413cc34161 sp=0x0000005fd5bfede0
Event: 0.967 Thread 0x0000024134d8a0a0 DEOPT UNPACKING pc=0x000002413c55e77e sp=0x0000005fd5bfe270 mode 0
Event: 0.967 Thread 0x0000024134d8a0a0 DEOPT PACKING pc=0x000002413cc336ef sp=0x0000005fd5bfeda0
Event: 0.967 Thread 0x0000024134d8a0a0 DEOPT UNPACKING pc=0x000002413c55e77e sp=0x0000005fd5bfe250 mode 0
Event: 0.967 Thread 0x0000024134d8a0a0 DEOPT PACKING pc=0x000002413cc336ef sp=0x0000005fd5bfeda0
Event: 0.967 Thread 0x0000024134d8a0a0 DEOPT UNPACKING pc=0x000002413c55e77e sp=0x0000005fd5bfe250 mode 0
Event: 0.967 Thread 0x0000024134d8a0a0 DEOPT PACKING pc=0x000002413cc336ef sp=0x0000005fd5bfeda0
Event: 0.967 Thread 0x0000024134d8a0a0 DEOPT UNPACKING pc=0x000002413c55e77e sp=0x0000005fd5bfe250 mode 0
Event: 0.968 Thread 0x0000024134d8a0a0 DEOPT PACKING pc=0x000002413cc336ef sp=0x0000005fd5bfeda0
Event: 0.968 Thread 0x0000024134d8a0a0 DEOPT UNPACKING pc=0x000002413c55e77e sp=0x0000005fd5bfe250 mode 0
Event: 0.968 Thread 0x0000024134d8a0a0 DEOPT PACKING pc=0x000002413cc336ef sp=0x0000005fd5bfeda0
Event: 0.968 Thread 0x0000024134d8a0a0 DEOPT UNPACKING pc=0x000002413c55e77e sp=0x0000005fd5bfe250 mode 0
Event: 0.968 Thread 0x0000024134d8a0a0 DEOPT PACKING pc=0x000002413cc336ef sp=0x0000005fd5bfeda0
Event: 0.968 Thread 0x0000024134d8a0a0 DEOPT UNPACKING pc=0x000002413c55e77e sp=0x0000005fd5bfe250 mode 0
Event: 0.968 Thread 0x0000024134d8a0a0 DEOPT PACKING pc=0x000002413cc336ef sp=0x0000005fd5bfeda0
Event: 0.968 Thread 0x0000024134d8a0a0 DEOPT UNPACKING pc=0x000002413c55e77e sp=0x0000005fd5bfe250 mode 0

Classes unloaded (0 events):
No events

Classes redefined (0 events):
No events

Internal exceptions (6 events):
Event: 0.492 Thread 0x0000024134d8a0a0 Exception <a 'java/lang/NoSuchMethodError'{0x000000008a6ee370}: 'void java.lang.invoke.DirectMethodHandle$Holder.invokeSpecial(java.lang.Object, java.lang.Object, java.lang.Object)'> (0x000000008a6ee370) 
thrown [t:\workspace\open\src\hotspot\share\interpreter\linkResolver.cpp, line 790]
Event: 0.498 Thread 0x0000024134d8a0a0 Exception <a 'java/lang/ClassNotFoundException'{0x000000008a5051a0}: sun/awt/resources/spi/awtProvider> (0x000000008a5051a0) 
thrown [t:\workspace\open\src\hotspot\share\classfile\systemDictionary.cpp, line 256]
Event: 0.510 Thread 0x0000024134d8a0a0 Exception <a 'java/io/FileNotFoundException'{0x000000008a55ce18}> (0x000000008a55ce18) 
thrown [t:\workspace\open\src\hotspot\share\prims\jni.cpp, line 579]
Event: 0.515 Thread 0x0000024134d8a0a0 Exception <a 'java/io/FileNotFoundException'{0x000000008a58b980}> (0x000000008a58b980) 
thrown [t:\workspace\open\src\hotspot\share\prims\jni.cpp, line 579]
Event: 0.515 Thread 0x0000024134d8a0a0 Exception <a 'java/lang/NoSuchMethodError'{0x000000008a58cb78}: 'java.lang.Object java.lang.invoke.DirectMethodHandle$Holder.invokeStatic(java.lang.Object)'> (0x000000008a58cb78) 
thrown [t:\workspace\open\src\hotspot\share\interpreter\linkResolver.cpp, line 790]
Event: 0.527 Thread 0x0000024134d8a0a0 Exception <a 'java/lang/NoSuchMethodError'{0x000000008a5d10f8}: 'java.lang.Object java.lang.invoke.DirectMethodHandle$Holder.invokeStaticInit(java.lang.Object)'> (0x000000008a5d10f8) 
thrown [t:\workspace\open\src\hotspot\share\interpreter\linkResolver.cpp, line 790]

Events (20 events):
Event: 0.532 loading class sun/awt/image/ShortComponentRaster
Event: 0.532 loading class sun/awt/image/ShortComponentRaster done
Event: 0.532 loading class com/sun/imageio/plugins/common/ReaderUtil
Event: 0.532 loading class com/sun/imageio/plugins/common/ReaderUtil done
Event: 0.580 Executing  VM operation: G1CollectForAllocation
Event: 0.583 Executing  VM operation: G1CollectForAllocation done
Event: 0.640 loading class java/lang/StrictMath
Event: 0.640 loading class java/lang/StrictMath done
Event: 0.662 Executing  VM operation: G1CollectForAllocation
Event: 0.665 Executing  VM operation: G1CollectForAllocation done
Event: 0.734 Executing  VM operation: G1CollectForAllocation
Event: 0.740 Executing  VM operation: G1CollectForAllocation done
Event: 0.767 Thread 0x000002415e795fc0 Thread exited: 0x000002415e795fc0
Event: 0.843 loading class java/lang/AssertionError
Event: 0.843 loading class java/lang/AssertionError done
Event: 0.845 loading class java/lang/NoSuchFieldError
Event: 0.845 loading class java/lang/NoSuchFieldError done
Event: 1.044 Thread 0x00000241538b0d20 Thread added: 0x00000241538b0d20
Event: 1.054 Thread 0x00000241538b0d20 Thread exited: 0x00000241538b0d20
Event: 1.054 Executing  VM operation: Exit


Dynamic libraries:
0x00007ff6c9790000 - 0x00007ff6c97a0000 	C:\Program Files\Java\jdk-16.0.1\bin\javaw.exe
0x00007ffc710e0000 - 0x00007ffc712e9000 	C:\WINDOWS\SYSTEM32\ntdll.dll
0x00007ffc70d80000 - 0x00007ffc70e3d000 	C:\WINDOWS\System32\KERNEL32.DLL
0x00007ffc6ea70000 - 0x00007ffc6ede4000 	C:\WINDOWS\System32\KERNELBASE.dll
0x00007ffc6ee60000 - 0x00007ffc6ef71000 	C:\WINDOWS\System32\ucrtbase.dll
0x00007ffc593f0000 - 0x00007ffc59408000 	C:\Program Files\Java\jdk-16.0.1\bin\jli.dll
0x00007ffc58850000 - 0x00007ffc58869000 	C:\Program Files\Java\jdk-16.0.1\bin\VCRUNTIME140.dll
0x00007ffc6f240000 - 0x00007ffc6f2ee000 	C:\WINDOWS\System32\ADVAPI32.dll
0x00007ffc70620000 - 0x00007ffc706c3000 	C:\WINDOWS\System32\msvcrt.dll
0x00007ffc6eff0000 - 0x00007ffc6f08e000 	C:\WINDOWS\System32\sechost.dll
0x00007ffc70a80000 - 0x00007ffc70ba0000 	C:\WINDOWS\System32\RPCRT4.dll
0x00007ffc6f090000 - 0x00007ffc6f23c000 	C:\WINDOWS\System32\USER32.dll
0x00007ffc6e690000 - 0x00007ffc6e6b6000 	C:\WINDOWS\System32\win32u.dll
0x00007ffc70ba0000 - 0x00007ffc70bc9000 	C:\WINDOWS\System32\GDI32.dll
0x00007ffc49840000 - 0x00007ffc49ae5000 	C:\WINDOWS\WinSxS\amd64_microsoft.windows.common-controls_6595b64144ccf1df_6.0.22000.120_none_9d947278b86cc467\COMCTL32.dll
0x00007ffc6e7e0000 - 0x00007ffc6e8f2000 	C:\WINDOWS\System32\gdi32full.dll
0x00007ffc6e6c0000 - 0x00007ffc6e75d000 	C:\WINDOWS\System32\msvcp_win.dll
0x00007ffc5f340000 - 0x00007ffc5f34a000 	C:\WINDOWS\SYSTEM32\VERSION.dll
0x00007ffc70e40000 - 0x00007ffc70e71000 	C:\WINDOWS\System32\IMM32.DLL
0x00007ffc63eb0000 - 0x00007ffc63ebc000 	C:\Program Files\Java\jdk-16.0.1\bin\vcruntime140_1.dll
0x00007ffc51910000 - 0x00007ffc519a1000 	C:\Program Files\Java\jdk-16.0.1\bin\msvcp140.dll
0x00007ffbfa680000 - 0x00007ffbfb22b000 	C:\Program Files\Java\jdk-16.0.1\bin\server\jvm.dll
0x00007ffc6fba0000 - 0x00007ffc6fba8000 	C:\WINDOWS\System32\PSAPI.DLL
0x00007ffc56460000 - 0x00007ffc56469000 	C:\WINDOWS\SYSTEM32\WSOCK32.dll
0x00007ffc63d30000 - 0x00007ffc63d63000 	C:\WINDOWS\SYSTEM32\WINMM.dll
0x00007ffc6fbd0000 - 0x00007ffc6fc3f000 	C:\WINDOWS\System32\WS2_32.dll
0x00007ffc6d7c0000 - 0x00007ffc6d7d8000 	C:\WINDOWS\SYSTEM32\kernel.appcore.dll
0x00007ffc63e20000 - 0x00007ffc63e2a000 	C:\Program Files\Java\jdk-16.0.1\bin\jimage.dll
0x00007ffc6bf30000 - 0x00007ffc6c151000 	C:\WINDOWS\SYSTEM32\DBGHELP.DLL
0x00007ffc56f10000 - 0x00007ffc56f41000 	C:\WINDOWS\SYSTEM32\dbgcore.DLL
0x00007ffc6e760000 - 0x00007ffc6e7df000 	C:\WINDOWS\System32\bcryptPrimitives.dll
0x00007ffc58610000 - 0x00007ffc58635000 	C:\Program Files\Java\jdk-16.0.1\bin\java.dll
0x00007ffc6f2f0000 - 0x00007ffc6fa9e000 	C:\WINDOWS\System32\SHELL32.dll
0x00007ffc6c750000 - 0x00007ffc6cfb8000 	C:\WINDOWS\SYSTEM32\windows.storage.dll
0x00007ffc70290000 - 0x00007ffc70608000 	C:\WINDOWS\System32\combase.dll
0x00007ffc6c5d0000 - 0x00007ffc6c736000 	C:\WINDOWS\SYSTEM32\wintypes.dll
0x00007ffc700b0000 - 0x00007ffc7019a000 	C:\WINDOWS\System32\SHCORE.dll
0x00007ffc706d0000 - 0x00007ffc7072d000 	C:\WINDOWS\System32\shlwapi.dll
0x00007ffc6e500000 - 0x00007ffc6e521000 	C:\WINDOWS\SYSTEM32\profapi.dll
0x00007ffc56570000 - 0x00007ffc56589000 	C:\Program Files\Java\jdk-16.0.1\bin\net.dll
0x00007ffc65080000 - 0x00007ffc6518c000 	C:\WINDOWS\SYSTEM32\WINHTTP.dll
0x00007ffc6dbf0000 - 0x00007ffc6dc57000 	C:\WINDOWS\system32\mswsock.dll
0x00007ffc54a60000 - 0x00007ffc54a73000 	C:\Program Files\Java\jdk-16.0.1\bin\nio.dll
0x00007ffc54a40000 - 0x00007ffc54a58000 	C:\Program Files\Java\jdk-16.0.1\bin\zip.dll
0x00007ffc5e850000 - 0x00007ffc5e860000 	C:\Program Files\Java\jdk-16.0.1\bin\verify.dll
0x0000000180000000 - 0x0000000180053000 	C:\Users\zivor\eclipse-workspace\graphics\libs\natives\lwjgl64.dll
0x00007ffc54930000 - 0x00007ffc54a31000 	C:\WINDOWS\SYSTEM32\OPENGL32.dll
0x00007ffc5cd30000 - 0x00007ffc5cd5d000 	C:\WINDOWS\SYSTEM32\GLU32.dll
0x00007ffc6b790000 - 0x00007ffc6b7c8000 	C:\WINDOWS\SYSTEM32\dxcore.dll
0x00007ffc651e0000 - 0x00007ffc65299000 	C:\WINDOWS\SYSTEM32\mscms.dll
0x00007ffc6dfb0000 - 0x00007ffc6dfd7000 	C:\WINDOWS\SYSTEM32\bcrypt.dll
0x00007ffc6e2a0000 - 0x00007ffc6e2ec000 	C:\WINDOWS\SYSTEM32\cfgmgr32.dll
0x00007ffc70bf0000 - 0x00007ffc70c9f000 	C:\WINDOWS\System32\clbcatq.dll
0x00007ffc5f970000 - 0x00007ffc5f9ba000 	C:\Windows\System32\Windows.Internal.Graphics.Display.DisplayColorManagement.dll
0x00007ffc70ca0000 - 0x00007ffc70d76000 	C:\WINDOWS\System32\OLEAUT32.dll
0x00007ffc6b690000 - 0x00007ffc6b73c000 	C:\WINDOWS\system32\uxtheme.dll
0x00007ffc708d0000 - 0x00007ffc709ee000 	C:\WINDOWS\System32\MSCTF.dll
0x00007ffc64dd0000 - 0x00007ffc64e14000 	C:\WINDOWS\SYSTEM32\directxdatabasehelper.dll
0x00007ffc6b9d0000 - 0x00007ffc6ba04000 	C:\WINDOWS\SYSTEM32\ntmarta.dll
0x00007ffc62850000 - 0x00007ffc62984000 	C:\Windows\System32\AppXDeploymentClient.dll
0x00007ffc62530000 - 0x00007ffc6271f000 	C:\WINDOWS\SYSTEM32\urlmon.dll
0x00007ffc62270000 - 0x00007ffc62523000 	C:\Windows\System32\iertutil.dll
0x00007ffc62a60000 - 0x00007ffc62a88000 	C:\Windows\System32\srvcli.dll
0x00007ffc6d2e0000 - 0x00007ffc6d2ec000 	C:\Windows\System32\netutils.dll
0x00007ffbfbc50000 - 0x00007ffbfcbd2000 	C:\Windows\System32\DriverStore\FileRepository\iigd_dch.inf_amd64_87338286d71ee6ab\ig12icd64.dll
0x00007ffc70730000 - 0x00007ffc708ca000 	C:\WINDOWS\System32\ole32.dll
0x00007ffc6bd20000 - 0x00007ffc6bd4f000 	C:\WINDOWS\system32\dwmapi.dll
0x00007ffc6b7d0000 - 0x00007ffc6b8c3000 	C:\WINDOWS\system32\dxgi.dll
0x00007ffc5f4d0000 - 0x00007ffc5f712000 	C:\Windows\System32\DriverStore\FileRepository\iigd_dch.inf_amd64_87338286d71ee6ab\igdgmm64.dll
0x00007ffc529d0000 - 0x00007ffc52afd000 	C:\WINDOWS\SYSTEM32\textinputframework.dll
0x00007ffc6a760000 - 0x00007ffc6a892000 	C:\WINDOWS\SYSTEM32\CoreMessaging.dll
0x00007ffc63f60000 - 0x00007ffc642cd000 	C:\WINDOWS\SYSTEM32\CoreUIComponents.dll
0x00007ffc6de50000 - 0x00007ffc6de5c000 	C:\WINDOWS\SYSTEM32\CRYPTBASE.DLL
0x00007ffc547e0000 - 0x00007ffc54824000 	C:\WINDOWS\SYSTEM32\icm32.dll
0x00007ffc59e90000 - 0x00007ffc5ca82000 	C:\Windows\System32\DriverStore\FileRepository\iigd_dch.inf_amd64_87338286d71ee6ab\igc64.dll
0x00007ffc6cfd0000 - 0x00007ffc6d01d000 	C:\WINDOWS\SYSTEM32\powrprof.dll
0x00007ffc6d0c0000 - 0x00007ffc6d0d3000 	C:\WINDOWS\SYSTEM32\UMPDC.dll
0x00007ffc16830000 - 0x00007ffc16c3b000 	C:\Windows\System32\DriverStore\FileRepository\iigd_dch.inf_amd64_87338286d71ee6ab\igdml64.dll
0x00007ffc2b3f0000 - 0x00007ffc2b570000 	C:\Program Files\Java\jdk-16.0.1\bin\awt.dll
0x00007ffc6b4d0000 - 0x00007ffc6b561000 	C:\WINDOWS\SYSTEM32\apphelp.dll

dbghelp: loaded successfully - version: 4.0.5 - missing functions: none
symbol engine: initialized successfully - sym options: 0x614 - pdb path: .;C:\Program Files\Java\jdk-16.0.1\bin;C:\WINDOWS\SYSTEM32;C:\WINDOWS\WinSxS\amd64_microsoft.windows.common-controls_6595b64144ccf1df_6.0.22000.120_none_9d947278b86cc467;C:\Program Files\Java\jdk-16.0.1\bin\server;C:\Users\zivor\eclipse-workspace\graphics\libs\natives;C:\Windows\System32\DriverStore\FileRepository\iigd_dch.inf_amd64_87338286d71ee6ab

VM Arguments:
jvm_args: -Djava.library.path=C:\Users\zivor\eclipse-workspace\graphics\libs\natives;C:\Users\zivor\eclipse-workspace\graphics\libs\natives -Dfile.encoding=Cp1255 -XX:+ShowCodeDetailsInExceptionMessages 
java_command: graphics.MainGameLoop
java_class_path (initial): C:\Users\zivor\eclipse-workspace\graphics\bin;C:\Users\zivor\eclipse-workspace\graphics\libs\jars\lwjgl_util.jar;C:\Users\zivor\eclipse-workspace\graphics\libs\jars\lwjgl.jar;C:\Users\zivor\eclipse-workspace\graphics\libs\jars\slick-util.jar;C:\Users\zivor\eclipse-workspace\graphics\libs\jars\PNGDecoder.jar
Launcher Type: SUN_STANDARD

[Global flags]
     intx CICompilerCount                          = 4                                         {product} {ergonomic}
     uint ConcGCThreads                            = 2                                         {product} {ergonomic}
     uint G1ConcRefinementThreads                  = 8                                         {product} {ergonomic}
   size_t G1HeapRegionSize                         = 1048576                                   {product} {ergonomic}
    uintx GCDrainStackTargetSize                   = 64                                        {product} {ergonomic}
   size_t InitialHeapSize                          = 132120576                                 {product} {ergonomic}
   size_t MarkStackSize                            = 4194304                                   {product} {ergonomic}
   size_t MaxHeapSize                              = 2095054848                                {product} {ergonomic}
   size_t MaxNewSize                               = 1256194048                                {product} {ergonomic}
   size_t MinHeapDeltaBytes                        = 1048576                                   {product} {ergonomic}
   size_t MinHeapSize                              = 8388608                                   {product} {ergonomic}
    uintx NonNMethodCodeHeapSize                   = 5839372                                {pd product} {ergonomic}
    uintx NonProfiledCodeHeapSize                  = 122909434                              {pd product} {ergonomic}
    uintx ProfiledCodeHeapSize                     = 122909434                              {pd product} {ergonomic}
    uintx ReservedCodeCacheSize                    = 251658240                              {pd product} {ergonomic}
     bool SegmentedCodeCache                       = true                                      {product} {ergonomic}
     bool ShowCodeDetailsInExceptionMessages       = true                                   {manageable} {command line}
   size_t SoftMaxHeapSize                          = 2095054848                             {manageable} {ergonomic}
     bool UseCompressedClassPointers               = true                           {product lp64_product} {ergonomic}
     bool UseCompressedOops                        = true                           {product lp64_product} {ergonomic}
     bool UseG1GC                                  = true                                      {product} {ergonomic}
     bool UseLargePagesIndividualAllocation        = false                                  {pd product} {ergonomic}

Logging:
Log output configuration:
 #0: stdout all=off uptime,level,tags
 #1: stderr all=off uptime,level,tags

Environment Variables:
PATH=C:\Program Files\Common Files\Oracle\Java\javapath;C:\Program Files\Python39\Scripts\;C:\Program Files\Python39\;C:\WINDOWS\system32;C:\WINDOWS;C:\WINDOWS\System32\Wbem;C:\WINDOWS\System32\WindowsPowerShell\v1.0\;C:\WINDOWS\System32\OpenSSH\;C:\Program Files\Java\jdk-16.0.1\bin;C:\Program Files\Git\cmd;C:\Users\zivor\AppData\Local\Microsoft\WindowsApps;C:\Program Files\JetBrains\PyCharm Community Edition 2021.1.3\bin;;C:\Program Files\JetBrains\IntelliJ IDEA Community Edition 2021.1.3\bin;;C:\Users\zivor\AppData\Local\GitHubDesktop\bin
USERNAME=zivor
OS=Windows_NT
PROCESSOR_IDENTIFIER=Intel64 Family 6 Model 140 Stepping 1, GenuineIntel



---------------  S Y S T E M  ---------------

OS:
 Windows 10 , 64 bit Build 22000 (10.0.22000.434)
OS uptime: 31 days 22:54 hours

CPU: total 8 (initial active 8) (4 cores per cpu, 2 threads per core) family 6 model 140 stepping 1 microcode 0x78, cx8, cmov, fxsr, ht, mmx, 3dnowpref, sse, sse2, sse3, ssse3, sse4.1, sse4.2, popcnt, lzcnt, tsc, tscinvbit, avx, avx2, aes, erms, clmul, bmi1, bmi2, adx, avx512f, avx512dq, avx512cd, avx512bw, avx512vl, sha, fma, vzeroupper, avx512_vpopcntdq, avx512_vpclmulqdq, avx512_vaes, avx512_vnni, clflush, clflushopt, clwb, avx512_vmbi2, avx512_vmbi

Memory: 4k page, system-wide physical 7991M (1014M free)
TotalPageFile size 12684M (AvailPageFile size 2495M)
current process WorkingSet (physical memory assigned to process): 422M, peak: 433M
current process commit charge ("private bytes"): 441M, peak: 442M

vm_info: Java HotSpot(TM) 64-Bit Server VM (16.0.1+9-24) for windows-amd64 JRE (16.0.1+9-24), built on Mar 26 2021 19:31:42 by "mach5one" with MS VC++ 16.7 (VS2019)

END.
