#
# A fatal error has been detected by the Java Runtime Environment:
#
#  EXCEPTION_ACCESS_VIOLATION (0xc0000005) at pc=0x00007fff4e786616, pid=45908, tid=29220
#
# JRE version: Java(TM) SE Runtime Environment (16.0.1+9) (build 16.0.1+9-24)
# Java VM: Java HotSpot(TM) 64-Bit Server VM (16.0.1+9-24, mixed mode, sharing, tiered, compressed oops, compressed class ptrs, g1 gc, windows-amd64)
# Problematic frame:
# C  [igxelpicd64.dll+0x2c6616]
#
# No core dump will be written. Minidumps are not enabled by default on client versions of Windows
#
# If you would like to submit a bug report, please visit:
#   https://bugreport.java.com/bugreport/crash.jsp
#

---------------  S U M M A R Y ------------

Command Line: -Djava.library.path=C:\Users\zivor\eclipse-workspace\graphics\libs\natives;C:\Users\zivor\eclipse-workspace\graphics\libs\natives -Dfile.encoding=Cp1255 -XX:+ShowCodeDetailsInExceptionMessages graphics.MainGameLoop

Host: 11th Gen Intel(R) Core(TM) i5-1135G7 @ 2.40GHz, 8 cores, 7G,  Windows 10 , 64 bit Build 22000 (10.0.22000.613)
Time: Sat Apr 30 23:31:15 2022  Windows 10 , 64 bit Build 22000 (10.0.22000.613) elapsed time: 1.201451 seconds (0d 0h 0m 1s)

---------------  T H R E A D  ---------------

Current thread (0x000001e0b65686f0):  VMThread "VM Thread" [stack: 0x0000001042d00000,0x0000001042e00000] [id=29220]

Stack: [0x0000001042d00000,0x0000001042e00000],  sp=0x0000001042dfe5a0,  free space=1017k
Native frames: (J=compiled Java code, j=interpreted, Vv=VM code, C=native code)
C  [igxelpicd64.dll+0x2c6616]


siginfo: EXCEPTION_ACCESS_VIOLATION (0xc0000005), reading address 0x0000000000035468


Register to memory mapping:

RIP=0x00007fff4e786616 igxelpicd64.dll
RAX=0x000001e0c37966a0 points into unknown readable memory: 0x00000000000002bc | bc 02 00 00 00 00 00 00
RBX=0x000001e0b7141520 points into unknown readable memory: 0xffffffffffffffff | ff ff ff ff ff ff ff ff
RCX=0x0000000000000001 is an unknown value
RDX=0x0 is NULL
RSP=0x0000001042dfe5a0 points into unknown readable memory: 0x000001e0b7141520 | 20 15 14 b7 e0 01 00 00
RBP=0x0 is NULL
RSI=0x000001e0c3796560 points into unknown readable memory: 0x000001e0b71a69d0 | d0 69 1a b7 e0 01 00 00
RDI=0x000001e0b73b4910 points into unknown readable memory: 0x0000000000000000 | 00 00 00 00 00 00 00 00
R8 =0x000001e0c3796660 points into unknown readable memory: 0x0000000000000000 | 00 00 00 00 00 00 00 00
R9 =0x0 is NULL
R10=0x0 is NULL
R11=0x0000000000000246 is an unknown value
R12=0x000001e0c3796560 points into unknown readable memory: 0x000001e0b71a69d0 | d0 69 1a b7 e0 01 00 00
R13=0x0 is NULL
R14=0x000001e0c3796aa8 points into unknown readable memory: 0x000001e0c3791400 | 00 14 79 c3 e0 01 00 00
R15=0x000001e0c3791400 points into unknown readable memory: 0x000001e0b71a69d0 | d0 69 1a b7 e0 01 00 00


Registers:
RAX=0x000001e0c37966a0, RBX=0x000001e0b7141520, RCX=0x0000000000000001, RDX=0x0000000000000000
RSP=0x0000001042dfe5a0, RBP=0x0000000000000000, RSI=0x000001e0c3796560, RDI=0x000001e0b73b4910
R8 =0x000001e0c3796660, R9 =0x0000000000000000, R10=0x0000000000000000, R11=0x0000000000000246
R12=0x000001e0c3796560, R13=0x0000000000000000, R14=0x000001e0c3796aa8, R15=0x000001e0c3791400
RIP=0x00007fff4e786616, EFLAGS=0x0000000000010206

Top of Stack: (sp=0x0000001042dfe5a0)
0x0000001042dfe5a0:   000001e0b7141520 00007fff712b989f
0x0000001042dfe5b0:   00000000000007cf 00007fff712b989f
0x0000001042dfe5c0:   0000001608000000 0000000000000000
0x0000001042dfe5d0:   000001e098776bb0 00007fff712b9c1a
0x0000001042dfe5e0:   000001e0b7141520 00007fff712b989f
0x0000001042dfe5f0:   0000001042dfeeb0 0000000008000000
0x0000001042dfe600:   000001e0986af4d0 0000000000000000
0x0000001042dfe610:   000001e098776bb0 00007fff712b9cb3
0x0000001042dfe620:   0000001042dfeeb0 0000000000000000
0x0000001042dfe630:   000001e0986aef40 000001e0986af4d0
0x0000001042dfe640:   3233206465747401 0000001042dfe650
0x0000001042dfe650:   0000000000000002 00007fffc7a799f9
0x0000001042dfe660:   6661207061000a7d 6920434720726574
0x0000001042dfe670:   6f697461636f766e 00007fffc7a799f9
0x0000001042dfe680:   000a3a2930206c6c 00007fffc7a87544
0x0000001042dfe690:   0000000000000000 0000000000000000 

Instructions: (pc=0x00007fff4e786616)
0x00007fff4e786516:   00 90 4c 8b bf 80 02 00 00 48 8b 05 ca 5b b0 00
0x00007fff4e786526:   8b 80 c8 0a 00 00 89 44 24 24 c6 44 24 20 00 48
0x00007fff4e786536:   c7 87 80 02 00 00 00 00 00 00 c7 87 88 02 00 00
0x00007fff4e786546:   00 00 00 00 48 c7 87 a0 02 00 00 00 00 00 00 48
0x00007fff4e786556:   c7 87 90 02 00 00 00 00 00 00 48 85 ed 75 3d 8b
0x00007fff4e786566:   35 fd 2b c0 00 65 48 8b 04 25 58 00 00 00 b9 14
0x00007fff4e786576:   00 00 00 48 8b 04 f0 40 38 2c 01 0f 84 09 99 68
0x00007fff4e786586:   00 65 48 8b 04 25 58 00 00 00 bd 20 00 00 00 48
0x00007fff4e786596:   8b 04 f0 48 8b 2c 28 48 89 6c 24 28 48 3b 2d f7
0x00007fff4e7865a6:   4f c0 00 0f 84 9b 10 00 00 4d 85 ff 0f 84 3a 01
0x00007fff4e7865b6:   00 00 0f 1f 84 00 00 00 00 00 49 8b f7 4d 8b e7
0x00007fff4e7865c6:   4d 8d b7 48 05 00 00 4d 8b 3e 45 84 ed 0f 85 d9
0x00007fff4e7865d6:   0e 00 00 8b 8f d0 01 00 00 48 8b 05 0a 5b b0 00
0x00007fff4e7865e6:   83 b8 64 03 00 00 02 75 34 4d 8d 84 24 00 01 00
0x00007fff4e7865f6:   00 83 f9 10 0f 83 3a 01 00 00 8b c1 48 c1 e0 06
0x00007fff4e786606:   49 03 c0 48 85 c0 0f 84 9b 01 00 00 48 8b 50 08
0x00007fff4e786616:   48 3b 95 68 54 03 00 0f 87 b6 0e 00 00 48 83 be
0x00007fff4e786626:   c0 05 00 00 00 0f 85 90 98 68 00 44 8b 8f d0 01
0x00007fff4e786636:   00 00 48 8b 87 e8 01 00 00 4c 8b 00 8b 8f d0 01
0x00007fff4e786646:   00 00 48 8d 9e 00 01 00 00 83 f9 10 0f 83 1e 01
0x00007fff4e786656:   00 00 8b c1 48 c1 e0 06 48 03 c3 48 85 c0 0f 84
0x00007fff4e786666:   4a 01 00 00 4c 39 40 08 0f 86 40 01 00 00 48 8b
0x00007fff4e786676:   87 80 02 00 00 49 89 06 48 89 b7 80 02 00 00 ff
0x00007fff4e786686:   87 88 02 00 00 48 8b 4e 08 48 8b 01 ba 01 00 00
0x00007fff4e786696:   00 48 8b 80 e0 02 00 00 ff 15 64 1f 7c 00 0f b7
0x00007fff4e7866a6:   c8 48 2b c1 48 05 00 00 01 00 48 01 87 90 02 00
0x00007fff4e7866b6:   00 48 8b 4e 08 48 8b 01 ba 01 00 00 00 48 8b 80
0x00007fff4e7866c6:   e0 02 00 00 ff 15 38 1f 7c 00 48 01 87 a0 02 00
0x00007fff4e7866d6:   00 0f b6 54 24 20 4d 85 ff 0f 85 db fe ff ff 84
0x00007fff4e7866e6:   d2 0f 85 37 0f 00 00 48 8b 5c 24 40 48 8b cf 80
0x00007fff4e7866f6:   7c 24 22 00 0f 85 40 0f 00 00 e8 4b f9 ff ff 90
0x00007fff4e786706:   48 8b cb ff 15 09 1a 7c 00 48 8b 8c 24 50 01 00 


Stack slot to memory mapping:
stack at sp + 0 slots: 0x000001e0b7141520 points into unknown readable memory: 0xffffffffffffffff | ff ff ff ff ff ff ff ff
stack at sp + 1 slots: 0x00007fff712b989f jvm.dll
stack at sp + 2 slots: 0x00000000000007cf is an unknown value
stack at sp + 3 slots: 0x00007fff712b989f jvm.dll
stack at sp + 4 slots: 0x0000001608000000 is an unknown value
stack at sp + 5 slots: 0x0 is NULL
stack at sp + 6 slots: 0x000001e098776bb0 points into unknown readable memory: 0x0000000000000002 | 02 00 00 00 00 00 00 00
stack at sp + 7 slots: 0x00007fff712b9c1a jvm.dll

VM_Operation (0x00000010427ff1f0): Exit, mode: safepoint, requested by thread 0x000001e098699180


---------------  P R O C E S S  ---------------

Threads class SMR info:
_java_thread_list=0x000001e0b6583c20, length=14, elements={
0x000001e098699180, 0x000001e0b656e500, 0x000001e0b656f010, 0x000001e0b65831c0,
0x000001e0b6585ae0, 0x000001e0b6589410, 0x000001e0b65957f0, 0x000001e0b658be50,
0x000001e0b659e110, 0x000001e0b65b0a60, 0x000001e0b70b3550, 0x000001e0b70b5730,
0x000001e0bd885c60, 0x000001e0c3926fa0
}

Java Threads: ( => current thread )
  0x000001e098699180 JavaThread "main" [_thread_blocked, id=39772, stack(0x0000001042700000,0x0000001042800000)]
  0x000001e0b656e500 JavaThread "Reference Handler" daemon [_thread_blocked, id=36484, stack(0x0000001042e00000,0x0000001042f00000)]
  0x000001e0b656f010 JavaThread "Finalizer" daemon [_thread_blocked, id=47692, stack(0x0000001042f00000,0x0000001043000000)]
  0x000001e0b65831c0 JavaThread "Signal Dispatcher" daemon [_thread_blocked, id=45896, stack(0x0000001043000000,0x0000001043100000)]
  0x000001e0b6585ae0 JavaThread "Attach Listener" daemon [_thread_blocked, id=44260, stack(0x0000001043100000,0x0000001043200000)]
  0x000001e0b6589410 JavaThread "Service Thread" daemon [_thread_blocked, id=38732, stack(0x0000001043200000,0x0000001043300000)]
  0x000001e0b65957f0 JavaThread "Monitor Deflation Thread" daemon [_thread_blocked, id=39008, stack(0x0000001043300000,0x0000001043400000)]
  0x000001e0b658be50 JavaThread "C2 CompilerThread0" daemon [_thread_blocked, id=20948, stack(0x0000001043400000,0x0000001043500000)]
  0x000001e0b659e110 JavaThread "C1 CompilerThread0" daemon [_thread_blocked, id=42752, stack(0x0000001043500000,0x0000001043600000)]
  0x000001e0b65b0a60 JavaThread "Sweeper thread" daemon [_thread_blocked, id=39644, stack(0x0000001043600000,0x0000001043700000)]
  0x000001e0b70b3550 JavaThread "Notification Thread" daemon [_thread_blocked, id=46808, stack(0x0000001043700000,0x0000001043800000)]
  0x000001e0b70b5730 JavaThread "Common-Cleaner" daemon [_thread_blocked, id=46532, stack(0x0000001043900000,0x0000001043a00000)]
  0x000001e0bd885c60 JavaThread "C2 CompilerThread1" daemon [_thread_blocked, id=32636, stack(0x0000001043e00000,0x0000001043f00000)]
  0x000001e0c3926fa0 JavaThread "Java2D Disposer" daemon [_thread_blocked, id=24220, stack(0x0000001044000000,0x0000001044100000)]

Other Threads:
=>0x000001e0b65686f0 VMThread "VM Thread" [stack: 0x0000001042d00000,0x0000001042e00000] [id=29220]
  0x000001e0986d9a00 GCTaskThread "GC Thread#0" [stack: 0x0000001042800000,0x0000001042900000] [id=46904]
  0x000001e0c3554870 GCTaskThread "GC Thread#1" [stack: 0x0000001044100000,0x0000001044200000] [id=31220]
  0x000001e0c3552ce0 GCTaskThread "GC Thread#2" [stack: 0x0000001044200000,0x0000001044300000] [id=44908]
  0x000001e0c3554b80 GCTaskThread "GC Thread#3" [stack: 0x0000001044300000,0x0000001044400000] [id=3120]
  0x000001e0c3554250 GCTaskThread "GC Thread#4" [stack: 0x0000001044400000,0x0000001044500000] [id=47356]
  0x000001e0c3552ff0 GCTaskThread "GC Thread#5" [stack: 0x0000001044500000,0x0000001044600000] [id=35760]
  0x000001e0c3553300 GCTaskThread "GC Thread#6" [stack: 0x0000001044600000,0x0000001044700000] [id=43216]
  0x000001e0c3553920 GCTaskThread "GC Thread#7" [stack: 0x0000001044700000,0x0000001044800000] [id=10308]
  0x000001e0986eb820 ConcurrentGCThread "G1 Main Marker" terminated
  0x000001e0986ed950 ConcurrentGCThread "G1 Conc#0" [stack: 0x0000001042a00000,0x0000001042b00000] [id=48476]
  0x000001e0c3554e90 ConcurrentGCThread "G1 Conc#1" [stack: 0x0000001044800000,0x0000001044900000] [id=47552]
  0x000001e098774e80 ConcurrentGCThread "G1 Refine#0" terminated
  0x000001e098775810 ConcurrentGCThread "G1 Service" terminated

Threads with active compile tasks:

VM state: at safepoint (shutting down)

VM Mutex/Monitor currently owned by a thread:  ([mutex/lock_event])
[0x000001e098696f80] Threads_lock - owner thread: 0x000001e0b65686f0
[0x000001e098696c20] Heap_lock - owner thread: 0x000001e098699180

Heap address: 0x0000000083200000, size: 1998 MB, Compressed Oops mode: 32-bit

CDS archive(s) mapped at: [0x0000000800000000-0x0000000800bb0000-0x0000000800bb0000), size 12255232, SharedBaseAddress: 0x0000000800000000, ArchiveRelocationMode: 0.
Compressed class space mapped at: 0x0000000800c00000-0x0000000840c00000, reserved size: 1073741824
Narrow klass base: 0x0000000800000000, Narrow klass shift: 3, Narrow klass range: 0x100000000

GC Precious Log:
 CPUs: 8 total, 8 available
 Memory: 7991M
 Large Page Support: Disabled
 NUMA Support: Disabled
 Compressed Oops: Enabled (32-bit)
 Heap Region Size: 1M
 Heap Min Capacity: 8M
 Heap Initial Capacity: 126M
 Heap Max Capacity: 1998M
 Pre-touch: Disabled
 Parallel Workers: 8
 Concurrent Workers: 2
 Concurrent Refinement Workers: 8
 Periodic GC: Disabled

Heap:
 garbage-first heap   total 171008K, used 60201K [0x0000000083200000, 0x0000000100000000)
  region size 1024K, 46 young (47104K), 5 survivors (5120K)
 Metaspace       used 4301K, committed 4416K, reserved 1056768K
  class space    used 292K, committed 384K, reserved 1048576K

Heap Regions: E=young(eden), S=young(survivor), O=old, HS=humongous(starts), HC=humongous(continues), CS=collection set, F=free, OA=open archive, CA=closed archive, TAMS=top-at-mark-start (previous, next)
|   0|0x0000000083200000, 0x0000000083300000, 0x0000000083300000|100%| O|  |TAMS 0x0000000083300000, 0x0000000083200000| Untracked 
|   1|0x0000000083300000, 0x0000000083400000, 0x0000000083400000|100%| O|  |TAMS 0x0000000083400000, 0x0000000083300000| Untracked 
|   2|0x0000000083400000, 0x00000000834d1a00, 0x0000000083500000| 81%| O|  |TAMS 0x00000000834d1a00, 0x0000000083400000| Untracked 
|   3|0x0000000083500000, 0x0000000083600000, 0x0000000083600000|100%|HS|  |TAMS 0x0000000083500000, 0x0000000083500000| Complete 
|   4|0x0000000083600000, 0x0000000083700000, 0x0000000083700000|100%|HS|  |TAMS 0x0000000083700000, 0x0000000083600000| Complete 
|   5|0x0000000083700000, 0x0000000083800000, 0x0000000083800000|100%|HC|  |TAMS 0x0000000083800000, 0x0000000083700000| Complete 
|   6|0x0000000083800000, 0x0000000083900000, 0x0000000083900000|100%|HC|  |TAMS 0x0000000083900000, 0x0000000083800000| Complete 
|   7|0x0000000083900000, 0x0000000083a00000, 0x0000000083a00000|100%|HC|  |TAMS 0x0000000083a00000, 0x0000000083900000| Complete 
|   8|0x0000000083a00000, 0x0000000083b00000, 0x0000000083b00000|100%|HC|  |TAMS 0x0000000083b00000, 0x0000000083a00000| Complete 
|   9|0x0000000083b00000, 0x0000000083c00000, 0x0000000083c00000|100%|HS|  |TAMS 0x0000000083b00000, 0x0000000083b00000| Complete 
|  10|0x0000000083c00000, 0x0000000083d00000, 0x0000000083d00000|100%|HS|  |TAMS 0x0000000083c00000, 0x0000000083c00000| Complete 
|  11|0x0000000083d00000, 0x0000000083d00000, 0x0000000083e00000|  0%| F|  |TAMS 0x0000000083d00000, 0x0000000083d00000| Untracked 
|  12|0x0000000083e00000, 0x0000000083e00000, 0x0000000083f00000|  0%| F|  |TAMS 0x0000000083e00000, 0x0000000083e00000| Untracked 
|  13|0x0000000083f00000, 0x0000000083f00000, 0x0000000084000000|  0%| F|  |TAMS 0x0000000083f00000, 0x0000000083f00000| Untracked 
|  14|0x0000000084000000, 0x0000000084000000, 0x0000000084100000|  0%| F|  |TAMS 0x0000000084000000, 0x0000000084000000| Untracked 
|  15|0x0000000084100000, 0x0000000084100000, 0x0000000084200000|  0%| F|  |TAMS 0x0000000084100000, 0x0000000084100000| Untracked 
|  16|0x0000000084200000, 0x0000000084200000, 0x0000000084300000|  0%| F|  |TAMS 0x0000000084200000, 0x0000000084200000| Untracked 
|  17|0x0000000084300000, 0x0000000084300000, 0x0000000084400000|  0%| F|  |TAMS 0x0000000084300000, 0x0000000084300000| Untracked 
|  18|0x0000000084400000, 0x0000000084400000, 0x0000000084500000|  0%| F|  |TAMS 0x0000000084400000, 0x0000000084400000| Untracked 
|  19|0x0000000084500000, 0x0000000084500000, 0x0000000084600000|  0%| F|  |TAMS 0x0000000084500000, 0x0000000084500000| Untracked 
|  20|0x0000000084600000, 0x0000000084600000, 0x0000000084700000|  0%| F|  |TAMS 0x0000000084600000, 0x0000000084600000| Untracked 
|  21|0x0000000084700000, 0x0000000084700000, 0x0000000084800000|  0%| F|  |TAMS 0x0000000084700000, 0x0000000084700000| Untracked 
|  22|0x0000000084800000, 0x0000000084800000, 0x0000000084900000|  0%| F|  |TAMS 0x0000000084800000, 0x0000000084800000| Untracked 
|  23|0x0000000084900000, 0x0000000084900000, 0x0000000084a00000|  0%| F|  |TAMS 0x0000000084900000, 0x0000000084900000| Untracked 
|  24|0x0000000084a00000, 0x0000000084a00000, 0x0000000084b00000|  0%| F|  |TAMS 0x0000000084a00000, 0x0000000084a00000| Untracked 
|  25|0x0000000084b00000, 0x0000000084b00000, 0x0000000084c00000|  0%| F|  |TAMS 0x0000000084b00000, 0x0000000084b00000| Untracked 
|  26|0x0000000084c00000, 0x0000000084c00000, 0x0000000084d00000|  0%| F|  |TAMS 0x0000000084c00000, 0x0000000084c00000| Untracked 
|  27|0x0000000084d00000, 0x0000000084d00000, 0x0000000084e00000|  0%| F|  |TAMS 0x0000000084d00000, 0x0000000084d00000| Untracked 
|  28|0x0000000084e00000, 0x0000000084e00000, 0x0000000084f00000|  0%| F|  |TAMS 0x0000000084e00000, 0x0000000084e00000| Untracked 
|  29|0x0000000084f00000, 0x0000000084f00000, 0x0000000085000000|  0%| F|  |TAMS 0x0000000084f00000, 0x0000000084f00000| Untracked 
|  30|0x0000000085000000, 0x0000000085000000, 0x0000000085100000|  0%| F|  |TAMS 0x0000000085000000, 0x0000000085000000| Untracked 
|  31|0x0000000085100000, 0x0000000085100000, 0x0000000085200000|  0%| F|  |TAMS 0x0000000085100000, 0x0000000085100000| Untracked 
|  32|0x0000000085200000, 0x0000000085200000, 0x0000000085300000|  0%| F|  |TAMS 0x0000000085200000, 0x0000000085200000| Untracked 
|  33|0x0000000085300000, 0x0000000085300000, 0x0000000085400000|  0%| F|  |TAMS 0x0000000085300000, 0x0000000085300000| Untracked 
|  34|0x0000000085400000, 0x0000000085400000, 0x0000000085500000|  0%| F|  |TAMS 0x0000000085400000, 0x0000000085400000| Untracked 
|  35|0x0000000085500000, 0x0000000085500000, 0x0000000085600000|  0%| F|  |TAMS 0x0000000085500000, 0x0000000085500000| Untracked 
|  36|0x0000000085600000, 0x0000000085600000, 0x0000000085700000|  0%| F|  |TAMS 0x0000000085600000, 0x0000000085600000| Untracked 
|  37|0x0000000085700000, 0x0000000085700000, 0x0000000085800000|  0%| F|  |TAMS 0x0000000085700000, 0x0000000085700000| Untracked 
|  38|0x0000000085800000, 0x0000000085800000, 0x0000000085900000|  0%| F|  |TAMS 0x0000000085800000, 0x0000000085800000| Untracked 
|  39|0x0000000085900000, 0x0000000085900000, 0x0000000085a00000|  0%| F|  |TAMS 0x0000000085900000, 0x0000000085900000| Untracked 
|  40|0x0000000085a00000, 0x0000000085a00000, 0x0000000085b00000|  0%| F|  |TAMS 0x0000000085a00000, 0x0000000085a00000| Untracked 
|  41|0x0000000085b00000, 0x0000000085b00000, 0x0000000085c00000|  0%| F|  |TAMS 0x0000000085b00000, 0x0000000085b00000| Untracked 
|  42|0x0000000085c00000, 0x0000000085c00000, 0x0000000085d00000|  0%| F|  |TAMS 0x0000000085c00000, 0x0000000085c00000| Untracked 
|  43|0x0000000085d00000, 0x0000000085df8b10, 0x0000000085e00000| 97%| S|CS|TAMS 0x0000000085d00000, 0x0000000085d00000| Complete 
|  44|0x0000000085e00000, 0x0000000085f00000, 0x0000000085f00000|100%| O|  |TAMS 0x0000000085f00000, 0x0000000085e00000| Untracked 
|  45|0x0000000085f00000, 0x0000000086000000, 0x0000000086000000|100%| O|  |TAMS 0x0000000086000000, 0x0000000085f00000| Untracked 
|  46|0x0000000086000000, 0x0000000086100000, 0x0000000086100000|100%| O|  |TAMS 0x0000000086100000, 0x0000000086000000| Untracked 
|  47|0x0000000086100000, 0x0000000086200000, 0x0000000086200000|100%| S|CS|TAMS 0x0000000086100000, 0x0000000086100000| Complete 
|  48|0x0000000086200000, 0x0000000086300000, 0x0000000086300000|100%| S|CS|TAMS 0x0000000086200000, 0x0000000086200000| Complete 
|  49|0x0000000086300000, 0x0000000086400000, 0x0000000086400000|100%| S|CS|TAMS 0x0000000086300000, 0x0000000086300000| Complete 
|  50|0x0000000086400000, 0x0000000086500000, 0x0000000086500000|100%| S|CS|TAMS 0x0000000086400000, 0x0000000086400000| Complete 
|  51|0x0000000086500000, 0x0000000086500000, 0x0000000086600000|  0%| F|  |TAMS 0x0000000086500000, 0x0000000086500000| Untracked 
|  52|0x0000000086600000, 0x0000000086600000, 0x0000000086700000|  0%| F|  |TAMS 0x0000000086600000, 0x0000000086600000| Untracked 
|  53|0x0000000086700000, 0x0000000086700000, 0x0000000086800000|  0%| F|  |TAMS 0x0000000086700000, 0x0000000086700000| Untracked 
|  54|0x0000000086800000, 0x0000000086800000, 0x0000000086900000|  0%| F|  |TAMS 0x0000000086800000, 0x0000000086800000| Untracked 
|  55|0x0000000086900000, 0x0000000086900000, 0x0000000086a00000|  0%| F|  |TAMS 0x0000000086900000, 0x0000000086900000| Untracked 
|  56|0x0000000086a00000, 0x0000000086a00000, 0x0000000086b00000|  0%| F|  |TAMS 0x0000000086a00000, 0x0000000086a00000| Untracked 
|  57|0x0000000086b00000, 0x0000000086b00000, 0x0000000086c00000|  0%| F|  |TAMS 0x0000000086b00000, 0x0000000086b00000| Untracked 
|  58|0x0000000086c00000, 0x0000000086c00000, 0x0000000086d00000|  0%| F|  |TAMS 0x0000000086c00000, 0x0000000086c00000| Untracked 
|  59|0x0000000086d00000, 0x0000000086d00000, 0x0000000086e00000|  0%| F|  |TAMS 0x0000000086d00000, 0x0000000086d00000| Untracked 
|  60|0x0000000086e00000, 0x0000000086e00000, 0x0000000086f00000|  0%| F|  |TAMS 0x0000000086e00000, 0x0000000086e00000| Untracked 
|  61|0x0000000086f00000, 0x0000000086f00000, 0x0000000087000000|  0%| F|  |TAMS 0x0000000086f00000, 0x0000000086f00000| Untracked 
|  62|0x0000000087000000, 0x0000000087000000, 0x0000000087100000|  0%| F|  |TAMS 0x0000000087000000, 0x0000000087000000| Untracked 
|  63|0x0000000087100000, 0x0000000087100000, 0x0000000087200000|  0%| F|  |TAMS 0x0000000087100000, 0x0000000087100000| Untracked 
|  64|0x0000000087200000, 0x0000000087200000, 0x0000000087300000|  0%| F|  |TAMS 0x0000000087200000, 0x0000000087200000| Untracked 
|  65|0x0000000087300000, 0x0000000087300000, 0x0000000087400000|  0%| F|  |TAMS 0x0000000087300000, 0x0000000087300000| Untracked 
|  66|0x0000000087400000, 0x0000000087400000, 0x0000000087500000|  0%| F|  |TAMS 0x0000000087400000, 0x0000000087400000| Untracked 
|  67|0x0000000087500000, 0x0000000087500000, 0x0000000087600000|  0%| F|  |TAMS 0x0000000087500000, 0x0000000087500000| Untracked 
|  68|0x0000000087600000, 0x0000000087600000, 0x0000000087700000|  0%| F|  |TAMS 0x0000000087600000, 0x0000000087600000| Untracked 
|  69|0x0000000087700000, 0x0000000087700000, 0x0000000087800000|  0%| F|  |TAMS 0x0000000087700000, 0x0000000087700000| Untracked 
|  70|0x0000000087800000, 0x0000000087800000, 0x0000000087900000|  0%| F|  |TAMS 0x0000000087800000, 0x0000000087800000| Untracked 
|  71|0x0000000087900000, 0x0000000087900000, 0x0000000087a00000|  0%| F|  |TAMS 0x0000000087900000, 0x0000000087900000| Untracked 
|  72|0x0000000087a00000, 0x0000000087a00000, 0x0000000087b00000|  0%| F|  |TAMS 0x0000000087a00000, 0x0000000087a00000| Untracked 
|  73|0x0000000087b00000, 0x0000000087b00000, 0x0000000087c00000|  0%| F|  |TAMS 0x0000000087b00000, 0x0000000087b00000| Untracked 
|  74|0x0000000087c00000, 0x0000000087c00000, 0x0000000087d00000|  0%| F|  |TAMS 0x0000000087c00000, 0x0000000087c00000| Untracked 
|  75|0x0000000087d00000, 0x0000000087d00000, 0x0000000087e00000|  0%| F|  |TAMS 0x0000000087d00000, 0x0000000087d00000| Untracked 
|  76|0x0000000087e00000, 0x0000000087e00000, 0x0000000087f00000|  0%| F|  |TAMS 0x0000000087e00000, 0x0000000087e00000| Untracked 
|  77|0x0000000087f00000, 0x0000000087f00000, 0x0000000088000000|  0%| F|  |TAMS 0x0000000087f00000, 0x0000000087f00000| Untracked 
|  78|0x0000000088000000, 0x0000000088000000, 0x0000000088100000|  0%| F|  |TAMS 0x0000000088000000, 0x0000000088000000| Untracked 
|  79|0x0000000088100000, 0x0000000088100000, 0x0000000088200000|  0%| F|  |TAMS 0x0000000088100000, 0x0000000088100000| Untracked 
|  80|0x0000000088200000, 0x0000000088200000, 0x0000000088300000|  0%| F|  |TAMS 0x0000000088200000, 0x0000000088200000| Untracked 
|  81|0x0000000088300000, 0x0000000088300000, 0x0000000088400000|  0%| F|  |TAMS 0x0000000088300000, 0x0000000088300000| Untracked 
|  82|0x0000000088400000, 0x0000000088400000, 0x0000000088500000|  0%| F|  |TAMS 0x0000000088400000, 0x0000000088400000| Untracked 
|  83|0x0000000088500000, 0x0000000088500000, 0x0000000088600000|  0%| F|  |TAMS 0x0000000088500000, 0x0000000088500000| Untracked 
|  84|0x0000000088600000, 0x0000000088600000, 0x0000000088700000|  0%| F|  |TAMS 0x0000000088600000, 0x0000000088600000| Untracked 
|  85|0x0000000088700000, 0x0000000088700000, 0x0000000088800000|  0%| F|  |TAMS 0x0000000088700000, 0x0000000088700000| Untracked 
|  86|0x0000000088800000, 0x0000000088800000, 0x0000000088900000|  0%| F|  |TAMS 0x0000000088800000, 0x0000000088800000| Untracked 
|  87|0x0000000088900000, 0x0000000088900000, 0x0000000088a00000|  0%| F|  |TAMS 0x0000000088900000, 0x0000000088900000| Untracked 
|  88|0x0000000088a00000, 0x0000000088a00000, 0x0000000088b00000|  0%| F|  |TAMS 0x0000000088a00000, 0x0000000088a00000| Untracked 
|  89|0x0000000088b00000, 0x0000000088b00000, 0x0000000088c00000|  0%| F|  |TAMS 0x0000000088b00000, 0x0000000088b00000| Untracked 
|  90|0x0000000088c00000, 0x0000000088c00000, 0x0000000088d00000|  0%| F|  |TAMS 0x0000000088c00000, 0x0000000088c00000| Untracked 
|  91|0x0000000088d00000, 0x0000000088d00000, 0x0000000088e00000|  0%| F|  |TAMS 0x0000000088d00000, 0x0000000088d00000| Untracked 
|  92|0x0000000088e00000, 0x0000000088e00000, 0x0000000088f00000|  0%| F|  |TAMS 0x0000000088e00000, 0x0000000088e00000| Untracked 
|  93|0x0000000088f00000, 0x0000000088f00000, 0x0000000089000000|  0%| F|  |TAMS 0x0000000088f00000, 0x0000000088f00000| Untracked 
|  94|0x0000000089000000, 0x0000000089000000, 0x0000000089100000|  0%| F|  |TAMS 0x0000000089000000, 0x0000000089000000| Untracked 
|  95|0x0000000089100000, 0x0000000089100000, 0x0000000089200000|  0%| F|  |TAMS 0x0000000089100000, 0x0000000089100000| Untracked 
|  96|0x0000000089200000, 0x0000000089200000, 0x0000000089300000|  0%| F|  |TAMS 0x0000000089200000, 0x0000000089200000| Untracked 
|  97|0x0000000089300000, 0x0000000089300000, 0x0000000089400000|  0%| F|  |TAMS 0x0000000089300000, 0x0000000089300000| Untracked 
|  98|0x0000000089400000, 0x0000000089400000, 0x0000000089500000|  0%| F|  |TAMS 0x0000000089400000, 0x0000000089400000| Untracked 
|  99|0x0000000089500000, 0x0000000089500000, 0x0000000089600000|  0%| F|  |TAMS 0x0000000089500000, 0x0000000089500000| Untracked 
| 100|0x0000000089600000, 0x0000000089600000, 0x0000000089700000|  0%| F|  |TAMS 0x0000000089600000, 0x0000000089600000| Untracked 
| 101|0x0000000089700000, 0x0000000089700000, 0x0000000089800000|  0%| F|  |TAMS 0x0000000089700000, 0x0000000089700000| Untracked 
| 102|0x0000000089800000, 0x0000000089800000, 0x0000000089900000|  0%| F|  |TAMS 0x0000000089800000, 0x0000000089800000| Untracked 
| 103|0x0000000089900000, 0x0000000089900000, 0x0000000089a00000|  0%| F|  |TAMS 0x0000000089900000, 0x0000000089900000| Untracked 
| 104|0x0000000089a00000, 0x0000000089a00000, 0x0000000089b00000|  0%| F|  |TAMS 0x0000000089a00000, 0x0000000089a00000| Untracked 
| 105|0x0000000089b00000, 0x0000000089b00000, 0x0000000089c00000|  0%| F|  |TAMS 0x0000000089b00000, 0x0000000089b00000| Untracked 
| 106|0x0000000089c00000, 0x0000000089c00000, 0x0000000089d00000|  0%| F|  |TAMS 0x0000000089c00000, 0x0000000089c00000| Untracked 
| 107|0x0000000089d00000, 0x0000000089d00000, 0x0000000089e00000|  0%| F|  |TAMS 0x0000000089d00000, 0x0000000089d00000| Untracked 
| 108|0x0000000089e00000, 0x0000000089e00000, 0x0000000089f00000|  0%| F|  |TAMS 0x0000000089e00000, 0x0000000089e00000| Untracked 
| 109|0x0000000089f00000, 0x0000000089f00000, 0x000000008a000000|  0%| F|  |TAMS 0x0000000089f00000, 0x0000000089f00000| Untracked 
| 110|0x000000008a000000, 0x000000008a000000, 0x000000008a100000|  0%| F|  |TAMS 0x000000008a000000, 0x000000008a000000| Untracked 
| 111|0x000000008a100000, 0x000000008a100000, 0x000000008a200000|  0%| F|  |TAMS 0x000000008a100000, 0x000000008a100000| Untracked 
| 112|0x000000008a200000, 0x000000008a200000, 0x000000008a300000|  0%| F|  |TAMS 0x000000008a200000, 0x000000008a200000| Untracked 
| 113|0x000000008a300000, 0x000000008a300000, 0x000000008a400000|  0%| F|  |TAMS 0x000000008a300000, 0x000000008a300000| Untracked 
| 114|0x000000008a400000, 0x000000008a400000, 0x000000008a500000|  0%| F|  |TAMS 0x000000008a400000, 0x000000008a400000| Untracked 
| 115|0x000000008a500000, 0x000000008a500000, 0x000000008a600000|  0%| F|  |TAMS 0x000000008a500000, 0x000000008a500000| Untracked 
| 116|0x000000008a600000, 0x000000008a600000, 0x000000008a700000|  0%| F|  |TAMS 0x000000008a600000, 0x000000008a600000| Untracked 
| 117|0x000000008a700000, 0x000000008a700000, 0x000000008a800000|  0%| F|  |TAMS 0x000000008a700000, 0x000000008a700000| Untracked 
| 118|0x000000008a800000, 0x000000008a800000, 0x000000008a900000|  0%| F|  |TAMS 0x000000008a800000, 0x000000008a800000| Untracked 
| 119|0x000000008a900000, 0x000000008a900000, 0x000000008aa00000|  0%| F|  |TAMS 0x000000008a900000, 0x000000008a900000| Untracked 
| 120|0x000000008aa00000, 0x000000008aa00000, 0x000000008ab00000|  0%| F|  |TAMS 0x000000008aa00000, 0x000000008aa00000| Untracked 
| 121|0x000000008ab00000, 0x000000008ab00000, 0x000000008ac00000|  0%| F|  |TAMS 0x000000008ab00000, 0x000000008ab00000| Untracked 
| 122|0x000000008ac00000, 0x000000008ac00000, 0x000000008ad00000|  0%| F|  |TAMS 0x000000008ac00000, 0x000000008ac00000| Untracked 
| 123|0x000000008ad00000, 0x000000008ad00000, 0x000000008ae00000|  0%| F|  |TAMS 0x000000008ad00000, 0x000000008ad00000| Untracked 
| 124|0x000000008ae00000, 0x000000008ae00000, 0x000000008af00000|  0%| F|  |TAMS 0x000000008ae00000, 0x000000008ae00000| Untracked 
| 125|0x000000008af00000, 0x000000008af00000, 0x000000008b000000|  0%| F|  |TAMS 0x000000008af00000, 0x000000008af00000| Untracked 
| 126|0x000000008b000000, 0x000000008b000800, 0x000000008b100000|  0%| E|  |TAMS 0x000000008b000000, 0x000000008b000000| Complete 
| 127|0x000000008b100000, 0x000000008b200000, 0x000000008b200000|100%| E|CS|TAMS 0x000000008b100000, 0x000000008b100000| Complete 
| 128|0x000000008b200000, 0x000000008b300000, 0x000000008b300000|100%| E|CS|TAMS 0x000000008b200000, 0x000000008b200000| Complete 
| 129|0x000000008b300000, 0x000000008b400000, 0x000000008b400000|100%| E|CS|TAMS 0x000000008b300000, 0x000000008b300000| Complete 
| 130|0x000000008b400000, 0x000000008b500000, 0x000000008b500000|100%| E|CS|TAMS 0x000000008b400000, 0x000000008b400000| Complete 
| 131|0x000000008b500000, 0x000000008b600000, 0x000000008b600000|100%| E|CS|TAMS 0x000000008b500000, 0x000000008b500000| Complete 
| 132|0x000000008b600000, 0x000000008b700000, 0x000000008b700000|100%| E|CS|TAMS 0x000000008b600000, 0x000000008b600000| Complete 
| 133|0x000000008b700000, 0x000000008b800000, 0x000000008b800000|100%| E|CS|TAMS 0x000000008b700000, 0x000000008b700000| Complete 
| 134|0x000000008b800000, 0x000000008b900000, 0x000000008b900000|100%| E|CS|TAMS 0x000000008b800000, 0x000000008b800000| Complete 
| 135|0x000000008b900000, 0x000000008ba00000, 0x000000008ba00000|100%| E|CS|TAMS 0x000000008b900000, 0x000000008b900000| Complete 
| 136|0x000000008ba00000, 0x000000008bb00000, 0x000000008bb00000|100%| E|CS|TAMS 0x000000008ba00000, 0x000000008ba00000| Complete 
| 137|0x000000008bb00000, 0x000000008bc00000, 0x000000008bc00000|100%| E|CS|TAMS 0x000000008bb00000, 0x000000008bb00000| Complete 
| 138|0x000000008bc00000, 0x000000008bd00000, 0x000000008bd00000|100%| E|CS|TAMS 0x000000008bc00000, 0x000000008bc00000| Complete 
| 139|0x000000008bd00000, 0x000000008be00000, 0x000000008be00000|100%| E|CS|TAMS 0x000000008bd00000, 0x000000008bd00000| Complete 
| 140|0x000000008be00000, 0x000000008bf00000, 0x000000008bf00000|100%| E|CS|TAMS 0x000000008be00000, 0x000000008be00000| Complete 
| 141|0x000000008bf00000, 0x000000008c000000, 0x000000008c000000|100%| E|CS|TAMS 0x000000008bf00000, 0x000000008bf00000| Complete 
| 142|0x000000008c000000, 0x000000008c100000, 0x000000008c100000|100%| E|CS|TAMS 0x000000008c000000, 0x000000008c000000| Complete 
| 143|0x000000008c100000, 0x000000008c200000, 0x000000008c200000|100%| E|CS|TAMS 0x000000008c100000, 0x000000008c100000| Complete 
| 144|0x000000008c200000, 0x000000008c300000, 0x000000008c300000|100%| E|CS|TAMS 0x000000008c200000, 0x000000008c200000| Complete 
| 145|0x000000008c300000, 0x000000008c400000, 0x000000008c400000|100%| E|CS|TAMS 0x000000008c300000, 0x000000008c300000| Complete 
| 146|0x000000008c400000, 0x000000008c500000, 0x000000008c500000|100%| E|CS|TAMS 0x000000008c400000, 0x000000008c400000| Complete 
| 147|0x000000008c500000, 0x000000008c600000, 0x000000008c600000|100%| E|CS|TAMS 0x000000008c500000, 0x000000008c500000| Complete 
| 148|0x000000008c600000, 0x000000008c700000, 0x000000008c700000|100%| E|CS|TAMS 0x000000008c600000, 0x000000008c600000| Complete 
| 149|0x000000008c700000, 0x000000008c800000, 0x000000008c800000|100%| E|CS|TAMS 0x000000008c700000, 0x000000008c700000| Complete 
| 150|0x000000008c800000, 0x000000008c900000, 0x000000008c900000|100%| E|CS|TAMS 0x000000008c800000, 0x000000008c800000| Complete 
| 151|0x000000008c900000, 0x000000008ca00000, 0x000000008ca00000|100%| E|CS|TAMS 0x000000008c900000, 0x000000008c900000| Complete 
| 152|0x000000008ca00000, 0x000000008cb00000, 0x000000008cb00000|100%| E|CS|TAMS 0x000000008ca00000, 0x000000008ca00000| Complete 
| 153|0x000000008cb00000, 0x000000008cc00000, 0x000000008cc00000|100%| E|CS|TAMS 0x000000008cb00000, 0x000000008cb00000| Complete 
| 154|0x000000008cc00000, 0x000000008cd00000, 0x000000008cd00000|100%| E|CS|TAMS 0x000000008cc00000, 0x000000008cc00000| Complete 
| 155|0x000000008cd00000, 0x000000008ce00000, 0x000000008ce00000|100%| E|CS|TAMS 0x000000008cd00000, 0x000000008cd00000| Complete 
| 156|0x000000008ce00000, 0x000000008cf00000, 0x000000008cf00000|100%| E|CS|TAMS 0x000000008ce00000, 0x000000008ce00000| Complete 
| 157|0x000000008cf00000, 0x000000008d000000, 0x000000008d000000|100%| E|CS|TAMS 0x000000008cf00000, 0x000000008cf00000| Complete 
| 158|0x000000008d000000, 0x000000008d100000, 0x000000008d100000|100%| E|CS|TAMS 0x000000008d000000, 0x000000008d000000| Complete 
| 159|0x000000008d100000, 0x000000008d200000, 0x000000008d200000|100%| E|CS|TAMS 0x000000008d100000, 0x000000008d100000| Complete 
| 160|0x000000008d200000, 0x000000008d300000, 0x000000008d300000|100%| E|CS|TAMS 0x000000008d200000, 0x000000008d200000| Complete 
| 161|0x000000008d300000, 0x000000008d400000, 0x000000008d400000|100%| E|CS|TAMS 0x000000008d300000, 0x000000008d300000| Complete 
| 162|0x000000008d400000, 0x000000008d500000, 0x000000008d500000|100%| E|CS|TAMS 0x000000008d400000, 0x000000008d400000| Complete 
| 163|0x000000008d500000, 0x000000008d600000, 0x000000008d600000|100%| E|CS|TAMS 0x000000008d500000, 0x000000008d500000| Complete 
| 164|0x000000008d600000, 0x000000008d700000, 0x000000008d700000|100%| E|CS|TAMS 0x000000008d600000, 0x000000008d600000| Complete 
| 165|0x000000008d700000, 0x000000008d800000, 0x000000008d800000|100%| E|CS|TAMS 0x000000008d700000, 0x000000008d700000| Complete 
| 166|0x000000008d800000, 0x000000008d900000, 0x000000008d900000|100%| E|CS|TAMS 0x000000008d800000, 0x000000008d800000| Complete 

Card table byte_map: [0x000001e0af540000,0x000001e0af930000] _byte_map_base: 0x000001e0af127000

Marking Bits (Prev, Next): (CMBitMap*) 0x000001e0986db410, (CMBitMap*) 0x000001e0986db450
 Prev Bits: [0x000001e0afd20000, 0x000001e0b1c58000)
 Next Bits: [0x000001e0b1c60000, 0x000001e0b3b98000)

Polling page: 0x000001e0965e0000

Metaspace:

Usage:
  Non-class:      3.92 MB used.
      Class:    292.27 KB used.
       Both:      4.20 MB used.

Virtual space:
  Non-class space:        8.00 MB reserved,       3.94 MB ( 49%) committed,  1 nodes.
      Class space:        1.00 GB reserved,     384.00 KB ( <1%) committed,  1 nodes.
              Both:        1.01 GB reserved,       4.31 MB ( <1%) committed. 

Chunk freelists:
   Non-Class:  2.56 MB
       Class:  3.63 MB
        Both:  6.19 MB

MaxMetaspaceSize: 17179869184.00 GB
CompressedClassSpaceSize: 1.00 GB
 - commit_granule_bytes: 65536.
 - commit_granule_words: 8192.
 - virtual_space_node_default_size: 1048576.
 - enlarge_chunks_in_place: 1.
 - new_chunks_are_fully_committed: 0.
 - uncommit_free_chunks: 1.
 - use_allocation_guard: 0.
 - handle_deallocations: 1.


Internal statistics:

num_allocs_failed_limit: 0.
num_arena_births: 64.
num_arena_deaths: 0.
num_vsnodes_births: 2.
num_vsnodes_deaths: 0.
num_space_committed: 67.
num_space_uncommitted: 0.
num_chunks_returned_to_freelist: 0.
num_chunks_taken_from_freelist: 125.
num_chunk_merges: 0.
num_chunk_splits: 87.
num_chunks_enlarged: 58.
num_purges: 0.

CodeHeap 'non-profiled nmethods': size=120000Kb used=481Kb max_used=481Kb free=119518Kb
 bounds [0x000001e0a78f0000, 0x000001e0a7b60000, 0x000001e0aee20000]
CodeHeap 'profiled nmethods': size=120000Kb used=1628Kb max_used=1628Kb free=118371Kb
 bounds [0x000001e0a03c0000, 0x000001e0a0630000, 0x000001e0a78f0000]
CodeHeap 'non-nmethods': size=5760Kb used=1254Kb max_used=1271Kb free=4505Kb
 bounds [0x000001e09fe20000, 0x000001e0a0090000, 0x000001e0a03c0000]
 total_blobs=1465 nmethods=910 adapters=468
 compilation: enabled
              stopped_count=0, restarted_count=0
 full_count=0

Compilation events (20 events):
Event: 1.100 Thread 0x000001e0bd885c60 nmethod 902% 0x000001e0a7964e90 code [0x000001e0a7965020, 0x000001e0a7965258]
Event: 1.101 Thread 0x000001e0bd885c60  903       4       de.matthiasmann.twl.utils.PNGDecoder::expand2 (106 bytes)
Event: 1.101 Thread 0x000001e0b658be50 nmethod 901% 0x000001e0a7965410 code [0x000001e0a79655c0, 0x000001e0a7965bf8]
Event: 1.102 Thread 0x000001e0b658be50  904       4       de.matthiasmann.twl.utils.PNGDecoder::copyPALtoRGBA (199 bytes)
Event: 1.103 Thread 0x000001e0bd885c60 nmethod 903 0x000001e0a7965f90 code [0x000001e0a7966120, 0x000001e0a7966438]
Event: 1.104 Thread 0x000001e0b658be50 nmethod 904 0x000001e0a7966590 code [0x000001e0a7966720, 0x000001e0a7966ad8]
Event: 1.134 Thread 0x000001e0bd885c60  905   !   4       de.matthiasmann.twl.utils.PNGDecoder::readChunkUnzip (144 bytes)
Event: 1.135 Thread 0x000001e0b658be50  906       4       de.matthiasmann.twl.utils.PNGDecoder::unfilter (104 bytes)
Event: 1.137 Thread 0x000001e0bd885c60 nmethod 905 0x000001e0a7966e10 code [0x000001e0a7966fe0, 0x000001e0a79675c0]
Event: 1.158 Thread 0x000001e0b658be50 nmethod 906 0x000001e0a7967a10 code [0x000001e0a7967bc0, 0x000001e0a7968318]
Event: 1.163 Thread 0x000001e0b659e110  907       3       java.lang.StringConcatHelper::initialCoder (14 bytes)
Event: 1.163 Thread 0x000001e0b659e110 nmethod 907 0x000001e0a0552790 code [0x000001e0a0552920, 0x000001e0a0552a38]
Event: 1.164 Thread 0x000001e0b659e110  908       3       java.lang.String::concat (15 bytes)
Event: 1.164 Thread 0x000001e0b659e110 nmethod 908 0x000001e0a0552a90 code [0x000001e0a0552dc0, 0x000001e0a0554258]
Event: 1.164 Thread 0x000001e0b659e110  909       3       java.lang.StringConcatHelper::simpleConcat (94 bytes)
Event: 1.165 Thread 0x000001e0b659e110 nmethod 909 0x000001e0a0554990 code [0x000001e0a0554cc0, 0x000001e0a05560f8]
Event: 1.165 Thread 0x000001e0b659e110  910       3       java.util.concurrent.ConcurrentHashMap$ValueIterator::next (34 bytes)
Event: 1.165 Thread 0x000001e0b659e110 nmethod 910 0x000001e0a0556810 code [0x000001e0a05569e0, 0x000001e0a0556c38]
Event: 1.165 Thread 0x000001e0b659e110  911       3       java.lang.String::indexOf (18 bytes)
Event: 1.165 Thread 0x000001e0b659e110 nmethod 911 0x000001e0a0556d90 code [0x000001e0a0556f60, 0x000001e0a0557228]

GC Heap History (14 events):
Event: 0.520 GC heap before
{Heap before GC invocations=0 (full 0):
 garbage-first heap   total 129024K, used 62464K [0x0000000083200000, 0x0000000100000000)
  region size 1024K, 19 young (19456K), 0 survivors (0K)
 Metaspace       used 3994K, committed 4160K, reserved 1056768K
  class space    used 276K, committed 320K, reserved 1048576K
}
Event: 0.524 GC heap after
{Heap after GC invocations=1 (full 0):
 garbage-first heap   total 129024K, used 46943K [0x0000000083200000, 0x0000000100000000)
  region size 1024K, 3 young (3072K), 3 survivors (3072K)
 Metaspace       used 3994K, committed 4160K, reserved 1056768K
  class space    used 276K, committed 320K, reserved 1048576K
}
Event: 0.569 GC heap before
{Heap before GC invocations=1 (full 0):
 garbage-first heap   total 129024K, used 98143K [0x0000000083200000, 0x0000000100000000)
  region size 1024K, 29 young (29696K), 3 survivors (3072K)
 Metaspace       used 4021K, committed 4160K, reserved 1056768K
  class space    used 276K, committed 320K, reserved 1048576K
}
Event: 0.570 GC heap after
{Heap after GC invocations=2 (full 0):
 garbage-first heap   total 129024K, used 71638K [0x0000000083200000, 0x0000000100000000)
  region size 1024K, 1 young (1024K), 1 survivors (1024K)
 Metaspace       used 4021K, committed 4160K, reserved 1056768K
  class space    used 276K, committed 320K, reserved 1048576K
}
Event: 0.593 GC heap before
{Heap before GC invocations=2 (full 0):
 garbage-first heap   total 129024K, used 100310K [0x0000000083200000, 0x0000000100000000)
  region size 1024K, 29 young (29696K), 1 survivors (1024K)
 Metaspace       used 4021K, committed 4160K, reserved 1056768K
  class space    used 276K, committed 320K, reserved 1048576K
}
Event: 0.594 GC heap after
{Heap after GC invocations=3 (full 0):
 garbage-first heap   total 129024K, used 71530K [0x0000000083200000, 0x0000000100000000)
  region size 1024K, 1 young (1024K), 1 survivors (1024K)
 Metaspace       used 4021K, committed 4160K, reserved 1056768K
  class space    used 276K, committed 320K, reserved 1048576K
}
Event: 0.621 GC heap before
{Heap before GC invocations=4 (full 0):
 garbage-first heap   total 129024K, used 104298K [0x0000000083200000, 0x0000000100000000)
  region size 1024K, 33 young (33792K), 1 survivors (1024K)
 Metaspace       used 4021K, committed 4160K, reserved 1056768K
  class space    used 276K, committed 320K, reserved 1048576K
}
Event: 0.621 GC heap after
{Heap after GC invocations=5 (full 0):
 garbage-first heap   total 129024K, used 71508K [0x0000000083200000, 0x0000000100000000)
  region size 1024K, 1 young (1024K), 1 survivors (1024K)
 Metaspace       used 4021K, committed 4160K, reserved 1056768K
  class space    used 276K, committed 320K, reserved 1048576K
}
Event: 0.653 GC heap before
{Heap before GC invocations=5 (full 0):
 garbage-first heap   total 129024K, used 106324K [0x0000000083200000, 0x0000000100000000)
  region size 1024K, 35 young (35840K), 1 survivors (1024K)
 Metaspace       used 4021K, committed 4160K, reserved 1056768K
  class space    used 276K, committed 320K, reserved 1048576K
}
Event: 0.654 GC heap after
{Heap after GC invocations=6 (full 0):
 garbage-first heap   total 129024K, used 71498K [0x0000000083200000, 0x0000000100000000)
  region size 1024K, 1 young (1024K), 1 survivors (1024K)
 Metaspace       used 4021K, committed 4160K, reserved 1056768K
  class space    used 276K, committed 320K, reserved 1048576K
}
Event: 0.797 GC heap before
{Heap before GC invocations=7 (full 0):
 garbage-first heap   total 129024K, used 108362K [0x0000000083200000, 0x0000000100000000)
  region size 1024K, 37 young (37888K), 1 survivors (1024K)
 Metaspace       used 4060K, committed 4224K, reserved 1056768K
  class space    used 278K, committed 320K, reserved 1048576K
}
Event: 0.799 GC heap after
{Heap after GC invocations=8 (full 0):
 garbage-first heap   total 129024K, used 12445K [0x0000000083200000, 0x0000000100000000)
  region size 1024K, 2 young (2048K), 2 survivors (2048K)
 Metaspace       used 4060K, committed 4224K, reserved 1056768K
  class space    used 278K, committed 320K, reserved 1048576K
}
Event: 0.864 GC heap before
{Heap before GC invocations=8 (full 0):
 garbage-first heap   total 129024K, used 88221K [0x0000000083200000, 0x0000000100000000)
  region size 1024K, 75 young (76800K), 2 survivors (2048K)
 Metaspace       used 4085K, committed 4224K, reserved 1056768K
  class space    used 278K, committed 320K, reserved 1048576K
}
Event: 0.868 GC heap after
{Heap after GC invocations=9 (full 0):
 garbage-first heap   total 171008K, used 17193K [0x0000000083200000, 0x0000000100000000)
  region size 1024K, 5 young (5120K), 5 survivors (5120K)
 Metaspace       used 4085K, committed 4224K, reserved 1056768K
  class space    used 278K, committed 320K, reserved 1048576K
}

Deoptimization events (20 events):
Event: 1.103 Thread 0x000001e098699180 DEOPT PACKING pc=0x000001e0a0551aef sp=0x00000010427ff2c0
Event: 1.103 Thread 0x000001e098699180 DEOPT UNPACKING pc=0x000001e09fe6e77e sp=0x00000010427fe770 mode 0
Event: 1.103 Thread 0x000001e098699180 DEOPT PACKING pc=0x000001e0a0551aef sp=0x00000010427ff2c0
Event: 1.103 Thread 0x000001e098699180 DEOPT UNPACKING pc=0x000001e09fe6e77e sp=0x00000010427fe770 mode 0
Event: 1.103 Thread 0x000001e098699180 DEOPT PACKING pc=0x000001e0a0552561 sp=0x00000010427ff300
Event: 1.103 Thread 0x000001e098699180 DEOPT UNPACKING pc=0x000001e09fe6e77e sp=0x00000010427fe790 mode 0
Event: 1.103 Thread 0x000001e098699180 DEOPT PACKING pc=0x000001e0a0551aef sp=0x00000010427ff2c0
Event: 1.103 Thread 0x000001e098699180 DEOPT UNPACKING pc=0x000001e09fe6e77e sp=0x00000010427fe770 mode 0
Event: 1.104 Thread 0x000001e098699180 DEOPT PACKING pc=0x000001e0a0551aef sp=0x00000010427ff2c0
Event: 1.104 Thread 0x000001e098699180 DEOPT UNPACKING pc=0x000001e09fe6e77e sp=0x00000010427fe770 mode 0
Event: 1.104 Thread 0x000001e098699180 DEOPT PACKING pc=0x000001e0a0551aef sp=0x00000010427ff2c0
Event: 1.104 Thread 0x000001e098699180 DEOPT UNPACKING pc=0x000001e09fe6e77e sp=0x00000010427fe770 mode 0
Event: 1.104 Thread 0x000001e098699180 DEOPT PACKING pc=0x000001e0a0551aef sp=0x00000010427ff2c0
Event: 1.104 Thread 0x000001e098699180 DEOPT UNPACKING pc=0x000001e09fe6e77e sp=0x00000010427fe770 mode 0
Event: 1.104 Thread 0x000001e098699180 DEOPT PACKING pc=0x000001e0a0551aef sp=0x00000010427ff2c0
Event: 1.104 Thread 0x000001e098699180 DEOPT UNPACKING pc=0x000001e09fe6e77e sp=0x00000010427fe770 mode 0
Event: 1.104 Thread 0x000001e098699180 DEOPT PACKING pc=0x000001e0a0551aef sp=0x00000010427ff2c0
Event: 1.104 Thread 0x000001e098699180 DEOPT UNPACKING pc=0x000001e09fe6e77e sp=0x00000010427fe770 mode 0
Event: 1.104 Thread 0x000001e098699180 DEOPT PACKING pc=0x000001e0a0551aef sp=0x00000010427ff2c0
Event: 1.104 Thread 0x000001e098699180 DEOPT UNPACKING pc=0x000001e09fe6e77e sp=0x00000010427fe770 mode 0

Classes unloaded (0 events):
No events

Classes redefined (0 events):
No events

Internal exceptions (6 events):
Event: 0.433 Thread 0x000001e098699180 Exception <a 'java/lang/NoSuchMethodError'{0x000000008a6811f8}: 'void java.lang.invoke.DirectMethodHandle$Holder.invokeSpecial(java.lang.Object, java.lang.Object, java.lang.Object)'> (0x000000008a6811f8) 
thrown [t:\workspace\open\src\hotspot\share\interpreter\linkResolver.cpp, line 790]
Event: 0.437 Thread 0x000001e098699180 Exception <a 'java/lang/ClassNotFoundException'{0x000000008a697560}: sun/awt/resources/spi/awtProvider> (0x000000008a697560) 
thrown [t:\workspace\open\src\hotspot\share\classfile\systemDictionary.cpp, line 256]
Event: 0.449 Thread 0x000001e098699180 Exception <a 'java/io/FileNotFoundException'{0x000000008a6ef570}> (0x000000008a6ef570) 
thrown [t:\workspace\open\src\hotspot\share\prims\jni.cpp, line 579]
Event: 0.453 Thread 0x000001e098699180 Exception <a 'java/io/FileNotFoundException'{0x000000008a51e2d8}> (0x000000008a51e2d8) 
thrown [t:\workspace\open\src\hotspot\share\prims\jni.cpp, line 579]
Event: 0.453 Thread 0x000001e098699180 Exception <a 'java/lang/NoSuchMethodError'{0x000000008a51f4d0}: 'java.lang.Object java.lang.invoke.DirectMethodHandle$Holder.invokeStatic(java.lang.Object)'> (0x000000008a51f4d0) 
thrown [t:\workspace\open\src\hotspot\share\interpreter\linkResolver.cpp, line 790]
Event: 0.464 Thread 0x000001e098699180 Exception <a 'java/lang/NoSuchMethodError'{0x000000008a563960}: 'java.lang.Object java.lang.invoke.DirectMethodHandle$Holder.invokeStaticInit(java.lang.Object)'> (0x000000008a563960) 
thrown [t:\workspace\open\src\hotspot\share\interpreter\linkResolver.cpp, line 790]

Events (20 events):
Event: 0.655 Executing  VM operation: G1Concurrent
Event: 0.655 Executing  VM operation: G1Concurrent done
Event: 0.656 Executing  VM operation: G1Concurrent
Event: 0.656 Executing  VM operation: G1Concurrent done
Event: 0.759 loading class java/lang/StrictMath
Event: 0.759 loading class java/lang/StrictMath done
Event: 0.797 Executing  VM operation: G1CollectForAllocation
Event: 0.799 Executing  VM operation: G1CollectForAllocation done
Event: 0.864 Executing  VM operation: G1CollectForAllocation
Event: 0.868 Executing  VM operation: G1CollectForAllocation done
Event: 0.912 Thread 0x000001e0bd9c0390 Thread exited: 0x000001e0bd9c0390
Event: 0.929 Executing  VM operation: HandshakeAllThreads
Event: 0.929 Executing  VM operation: HandshakeAllThreads done
Event: 0.988 loading class java/lang/AssertionError
Event: 0.988 loading class java/lang/AssertionError done
Event: 0.991 loading class java/lang/NoSuchFieldError
Event: 0.991 loading class java/lang/NoSuchFieldError done
Event: 1.175 Thread 0x000001e0c3b50e00 Thread added: 0x000001e0c3b50e00
Event: 1.190 Thread 0x000001e0c3b50e00 Thread exited: 0x000001e0c3b50e00
Event: 1.190 Executing  VM operation: Exit


Dynamic libraries:
0x00007ff779970000 - 0x00007ff779980000 	C:\Program Files\Java\jdk-16.0.1\bin\javaw.exe
0x00007fffc79e0000 - 0x00007fffc7be9000 	C:\WINDOWS\SYSTEM32\ntdll.dll
0x00007fffc6e60000 - 0x00007fffc6f1d000 	C:\WINDOWS\System32\KERNEL32.DLL
0x00007fffc52f0000 - 0x00007fffc5664000 	C:\WINDOWS\System32\KERNELBASE.dll
0x00007fffc4ed0000 - 0x00007fffc4fe1000 	C:\WINDOWS\System32\ucrtbase.dll
0x00007fffa36c0000 - 0x00007fffa36d8000 	C:\Program Files\Java\jdk-16.0.1\bin\jli.dll
0x00007fff8eea0000 - 0x00007fff8eeb9000 	C:\Program Files\Java\jdk-16.0.1\bin\VCRUNTIME140.dll
0x00007fffc7190000 - 0x00007fffc723e000 	C:\WINDOWS\System32\ADVAPI32.dll
0x00007fffc75b0000 - 0x00007fffc7653000 	C:\WINDOWS\System32\msvcrt.dll
0x00007fffc6c10000 - 0x00007fffc6cae000 	C:\WINDOWS\System32\sechost.dll
0x00007fffc62e0000 - 0x00007fffc6400000 	C:\WINDOWS\System32\RPCRT4.dll
0x00007fffc5880000 - 0x00007fffc5a2c000 	C:\WINDOWS\System32\USER32.dll
0x00007fffc5670000 - 0x00007fffc5696000 	C:\WINDOWS\System32\win32u.dll
0x00007fffa5110000 - 0x00007fffa53b5000 	C:\WINDOWS\WinSxS\amd64_microsoft.windows.common-controls_6595b64144ccf1df_6.0.22000.120_none_9d947278b86cc467\COMCTL32.dll
0x00007fffc5a90000 - 0x00007fffc5ab9000 	C:\WINDOWS\System32\GDI32.dll
0x00007fffc4ff0000 - 0x00007fffc5102000 	C:\WINDOWS\System32\gdi32full.dll
0x00007fffc5720000 - 0x00007fffc57bd000 	C:\WINDOWS\System32\msvcp_win.dll
0x00007fffb8010000 - 0x00007fffb801a000 	C:\WINDOWS\SYSTEM32\VERSION.dll
0x00007fffc7320000 - 0x00007fffc7351000 	C:\WINDOWS\System32\IMM32.DLL
0x00007fffad3f0000 - 0x00007fffad3fc000 	C:\Program Files\Java\jdk-16.0.1\bin\vcruntime140_1.dll
0x00007fff82a60000 - 0x00007fff82af1000 	C:\Program Files\Java\jdk-16.0.1\bin\msvcp140.dll
0x00007fff70c50000 - 0x00007fff717fb000 	C:\Program Files\Java\jdk-16.0.1\bin\server\jvm.dll
0x00007fffc5e60000 - 0x00007fffc5e68000 	C:\WINDOWS\System32\PSAPI.DLL
0x00007fffabc20000 - 0x00007fffabc29000 	C:\WINDOWS\SYSTEM32\WSOCK32.dll
0x00007fffb89b0000 - 0x00007fffb89e3000 	C:\WINDOWS\SYSTEM32\WINMM.dll
0x00007fffc7360000 - 0x00007fffc73cf000 	C:\WINDOWS\System32\WS2_32.dll
0x00007fffc40c0000 - 0x00007fffc40d8000 	C:\WINDOWS\SYSTEM32\kernel.appcore.dll
0x00007fffac7e0000 - 0x00007fffac7ea000 	C:\Program Files\Java\jdk-16.0.1\bin\jimage.dll
0x00007fffc2830000 - 0x00007fffc2a51000 	C:\WINDOWS\SYSTEM32\DBGHELP.DLL
0x00007fffb2ac0000 - 0x00007fffb2af1000 	C:\WINDOWS\SYSTEM32\dbgcore.DLL
0x00007fffc56a0000 - 0x00007fffc571f000 	C:\WINDOWS\System32\bcryptPrimitives.dll
0x00007fff86d20000 - 0x00007fff86d45000 	C:\Program Files\Java\jdk-16.0.1\bin\java.dll
0x00007fffc6400000 - 0x00007fffc6baf000 	C:\WINDOWS\System32\SHELL32.dll
0x00007fffc3040000 - 0x00007fffc38a8000 	C:\WINDOWS\SYSTEM32\windows.storage.dll
0x00007fffc5ac0000 - 0x00007fffc5e38000 	C:\WINDOWS\System32\combase.dll
0x00007fffc2ed0000 - 0x00007fffc3036000 	C:\WINDOWS\SYSTEM32\wintypes.dll
0x00007fffc7820000 - 0x00007fffc790a000 	C:\WINDOWS\System32\SHCORE.dll
0x00007fffc76d0000 - 0x00007fffc772d000 	C:\WINDOWS\System32\shlwapi.dll
0x00007fffc4e00000 - 0x00007fffc4e21000 	C:\WINDOWS\SYSTEM32\profapi.dll
0x00007fff8d8d0000 - 0x00007fff8d8e9000 	C:\Program Files\Java\jdk-16.0.1\bin\net.dll
0x00007fffbb2a0000 - 0x00007fffbb3ac000 	C:\WINDOWS\SYSTEM32\WINHTTP.dll
0x00007fffc44f0000 - 0x00007fffc4557000 	C:\WINDOWS\system32\mswsock.dll
0x00007fff8d680000 - 0x00007fff8d693000 	C:\Program Files\Java\jdk-16.0.1\bin\nio.dll
0x00007fff8a140000 - 0x00007fff8a158000 	C:\Program Files\Java\jdk-16.0.1\bin\zip.dll
0x00007fffa5430000 - 0x00007fffa5440000 	C:\Program Files\Java\jdk-16.0.1\bin\verify.dll
0x0000000180000000 - 0x0000000180053000 	C:\Users\zivor\eclipse-workspace\graphics\libs\natives\lwjgl64.dll
0x00007fffac260000 - 0x00007fffac361000 	C:\WINDOWS\SYSTEM32\OPENGL32.dll
0x00007fffb17b0000 - 0x00007fffb17dd000 	C:\WINDOWS\SYSTEM32\GLU32.dll
0x00007fffbe190000 - 0x00007fffbe1c8000 	C:\WINDOWS\SYSTEM32\dxcore.dll
0x00007fffba0b0000 - 0x00007fffba169000 	C:\WINDOWS\SYSTEM32\mscms.dll
0x00007fffc48b0000 - 0x00007fffc48d7000 	C:\WINDOWS\SYSTEM32\bcrypt.dll
0x00007fffc4bd0000 - 0x00007fffc4c1c000 	C:\WINDOWS\SYSTEM32\cfgmgr32.dll
0x00007fffc70e0000 - 0x00007fffc718f000 	C:\WINDOWS\System32\clbcatq.dll
0x00007fffb7e40000 - 0x00007fffb7e8a000 	C:\Windows\System32\Windows.Internal.Graphics.Display.DisplayColorManagement.dll
0x00007fffc7240000 - 0x00007fffc7316000 	C:\WINDOWS\System32\OLEAUT32.dll
0x00007fffbe0b0000 - 0x00007fffbe15c000 	C:\WINDOWS\system32\uxtheme.dll
0x00007fffc7490000 - 0x00007fffc75ae000 	C:\WINDOWS\System32\MSCTF.dll
0x00007fffbc680000 - 0x00007fffbc6c4000 	C:\WINDOWS\SYSTEM32\directxdatabasehelper.dll
0x00007fffbedc0000 - 0x00007fffbedf4000 	C:\WINDOWS\SYSTEM32\ntmarta.dll
0x00007fffb8730000 - 0x00007fffb8864000 	C:\Windows\System32\AppXDeploymentClient.dll
0x00007fffb8540000 - 0x00007fffb872f000 	C:\WINDOWS\SYSTEM32\urlmon.dll
0x00007fffb8130000 - 0x00007fffb8158000 	C:\Windows\System32\srvcli.dll
0x00007fffb8160000 - 0x00007fffb8413000 	C:\Windows\System32\iertutil.dll
0x00007fffc3b60000 - 0x00007fffc3b6c000 	C:\Windows\System32\netutils.dll
0x00007fff4e4c0000 - 0x00007fff4f448000 	C:\WINDOWS\System32\DriverStore\FileRepository\iigd_dch.inf_amd64_14f1371ba3b66b34\igxelpicd64.dll
0x00007fffc6cc0000 - 0x00007fffc6e5a000 	C:\WINDOWS\System32\ole32.dll
0x00007fffbe310000 - 0x00007fffbe33f000 	C:\WINDOWS\system32\dwmapi.dll
0x00007fffbe1d0000 - 0x00007fffbe2c3000 	C:\WINDOWS\system32\dxgi.dll
0x00007fff636a0000 - 0x00007fff63b27000 	C:\WINDOWS\System32\DriverStore\FileRepository\iigd_dch.inf_amd64_14f1371ba3b66b34\igdml64.dll
0x00007fffb5b10000 - 0x00007fffb5ee1000 	C:\WINDOWS\System32\DriverStore\FileRepository\iigd_dch.inf_amd64_14f1371ba3b66b34\igdgmm64.dll
0x00007fffa1e80000 - 0x00007fffa1fad000 	C:\WINDOWS\SYSTEM32\textinputframework.dll
0x00007fffbdd00000 - 0x00007fffbde32000 	C:\WINDOWS\SYSTEM32\CoreMessaging.dll
0x00007fffbb5a0000 - 0x00007fffbb90d000 	C:\WINDOWS\SYSTEM32\CoreUIComponents.dll
0x00007fffc4750000 - 0x00007fffc475c000 	C:\WINDOWS\SYSTEM32\CRYPTBASE.DLL
0x00007fffadef0000 - 0x00007fffadf34000 	C:\WINDOWS\SYSTEM32\icm32.dll
0x00007fffae210000 - 0x00007fffb138b000 	C:\WINDOWS\System32\DriverStore\FileRepository\iigd_dch.inf_amd64_14f1371ba3b66b34\igc64.dll
0x00007fffc3fd0000 - 0x00007fffc401d000 	C:\WINDOWS\SYSTEM32\powrprof.dll
0x00007fffc3f60000 - 0x00007fffc3f73000 	C:\WINDOWS\SYSTEM32\UMPDC.dll
0x00007fff82b20000 - 0x00007fff82ca0000 	C:\Program Files\Java\jdk-16.0.1\bin\awt.dll
0x00007fffbdff0000 - 0x00007fffbe081000 	C:\WINDOWS\SYSTEM32\apphelp.dll

dbghelp: loaded successfully - version: 4.0.5 - missing functions: none
symbol engine: initialized successfully - sym options: 0x614 - pdb path: .;C:\Program Files\Java\jdk-16.0.1\bin;C:\WINDOWS\SYSTEM32;C:\WINDOWS\WinSxS\amd64_microsoft.windows.common-controls_6595b64144ccf1df_6.0.22000.120_none_9d947278b86cc467;C:\Program Files\Java\jdk-16.0.1\bin\server;C:\Users\zivor\eclipse-workspace\graphics\libs\natives;C:\WINDOWS\System32\DriverStore\FileRepository\iigd_dch.inf_amd64_14f1371ba3b66b34

VM Arguments:
jvm_args: -Djava.library.path=C:\Users\zivor\eclipse-workspace\graphics\libs\natives;C:\Users\zivor\eclipse-workspace\graphics\libs\natives -Dfile.encoding=Cp1255 -XX:+ShowCodeDetailsInExceptionMessages 
java_command: graphics.MainGameLoop
java_class_path (initial): C:\Users\zivor\eclipse-workspace\graphics\bin;C:\Users\zivor\eclipse-workspace\graphics\libs\jars\lwjgl_util.jar;C:\Users\zivor\eclipse-workspace\graphics\libs\jars\lwjgl.jar;C:\Users\zivor\eclipse-workspace\graphics\libs\jars\slick-util.jar;C:\Users\zivor\eclipse-workspace\graphics\libs\jars\PNGDecoder.jar
Launcher Type: SUN_STANDARD

[Global flags]
     intx CICompilerCount                          = 4                                         {product} {ergonomic}
     uint ConcGCThreads                            = 2                                         {product} {ergonomic}
     uint G1ConcRefinementThreads                  = 8                                         {product} {ergonomic}
   size_t G1HeapRegionSize                         = 1048576                                   {product} {ergonomic}
    uintx GCDrainStackTargetSize                   = 64                                        {product} {ergonomic}
   size_t InitialHeapSize                          = 132120576                                 {product} {ergonomic}
   size_t MarkStackSize                            = 4194304                                   {product} {ergonomic}
   size_t MaxHeapSize                              = 2095054848                                {product} {ergonomic}
   size_t MaxNewSize                               = 1256194048                                {product} {ergonomic}
   size_t MinHeapDeltaBytes                        = 1048576                                   {product} {ergonomic}
   size_t MinHeapSize                              = 8388608                                   {product} {ergonomic}
    uintx NonNMethodCodeHeapSize                   = 5839372                                {pd product} {ergonomic}
    uintx NonProfiledCodeHeapSize                  = 122909434                              {pd product} {ergonomic}
    uintx ProfiledCodeHeapSize                     = 122909434                              {pd product} {ergonomic}
    uintx ReservedCodeCacheSize                    = 251658240                              {pd product} {ergonomic}
     bool SegmentedCodeCache                       = true                                      {product} {ergonomic}
     bool ShowCodeDetailsInExceptionMessages       = true                                   {manageable} {command line}
   size_t SoftMaxHeapSize                          = 2095054848                             {manageable} {ergonomic}
     bool UseCompressedClassPointers               = true                           {product lp64_product} {ergonomic}
     bool UseCompressedOops                        = true                           {product lp64_product} {ergonomic}
     bool UseG1GC                                  = true                                      {product} {ergonomic}
     bool UseLargePagesIndividualAllocation        = false                                  {pd product} {ergonomic}

Logging:
Log output configuration:
 #0: stdout all=off uptime,level,tags
 #1: stderr all=off uptime,level,tags

Environment Variables:
PATH=C:\Program Files\Common Files\Oracle\Java\javapath;C:\Program Files\Python39\Scripts\;C:\Program Files\Python39\;C:\WINDOWS\system32;C:\WINDOWS;C:\WINDOWS\System32\Wbem;C:\WINDOWS\System32\WindowsPowerShell\v1.0\;C:\WINDOWS\System32\OpenSSH\;C:\Program Files\Java\jdk-16.0.1\bin;C:\Program Files\Git\cmd;C:\Users\zivor\AppData\Local\Microsoft\WindowsApps;C:\Program Files\JetBrains\PyCharm Community Edition 2021.1.3\bin;;C:\Program Files\JetBrains\IntelliJ IDEA Community Edition 2021.1.3\bin;;C:\Users\zivor\AppData\Local\GitHubDesktop\bin
USERNAME=zivor
OS=Windows_NT
PROCESSOR_IDENTIFIER=Intel64 Family 6 Model 140 Stepping 1, GenuineIntel



---------------  S Y S T E M  ---------------

OS:
 Windows 10 , 64 bit Build 22000 (10.0.22000.613)
OS uptime: 6 days 9:26 hours

CPU: total 8 (initial active 8) (4 cores per cpu, 2 threads per core) family 6 model 140 stepping 1 microcode 0x78, cx8, cmov, fxsr, ht, mmx, 3dnowpref, sse, sse2, sse3, ssse3, sse4.1, sse4.2, popcnt, lzcnt, tsc, tscinvbit, avx, avx2, aes, erms, clmul, bmi1, bmi2, adx, avx512f, avx512dq, avx512cd, avx512bw, avx512vl, sha, fma, vzeroupper, avx512_vpopcntdq, avx512_vpclmulqdq, avx512_vaes, avx512_vnni, clflush, clflushopt, clwb, avx512_vmbi2, avx512_vmbi

Memory: 4k page, system-wide physical 7991M (1475M free)
TotalPageFile size 11447M (AvailPageFile size 2299M)
current process WorkingSet (physical memory assigned to process): 567M, peak: 578M
current process commit charge ("private bytes"): 553M, peak: 553M

vm_info: Java HotSpot(TM) 64-Bit Server VM (16.0.1+9-24) for windows-amd64 JRE (16.0.1+9-24), built on Mar 26 2021 19:31:42 by "mach5one" with MS VC++ 16.7 (VS2019)

END.
