#
# A fatal error has been detected by the Java Runtime Environment:
#
#  EXCEPTION_ACCESS_VIOLATION (0xc0000005) at pc=0x00007fff6eef6616, pid=11984, tid=7768
#
# JRE version: Java(TM) SE Runtime Environment (16.0.1+9) (build 16.0.1+9-24)
# Java VM: Java HotSpot(TM) 64-Bit Server VM (16.0.1+9-24, mixed mode, sharing, tiered, compressed oops, compressed class ptrs, g1 gc, windows-amd64)
# Problematic frame:
# C  [igxelpicd64.dll+0x2c6616]
#
# No core dump will be written. Minidumps are not enabled by default on client versions of Windows
#
# If you would like to submit a bug report, please visit:
#   https://bugreport.java.com/bugreport/crash.jsp
#

---------------  S U M M A R Y ------------

Command Line: -Djava.library.path=C:\Users\zivor\eclipse-workspace\graphics\libs\natives;C:\Users\zivor\eclipse-workspace\graphics\libs\natives -Dfile.encoding=Cp1255 -XX:+ShowCodeDetailsInExceptionMessages graphics.MainGameLoop

Host: 11th Gen Intel(R) Core(TM) i5-1135G7 @ 2.40GHz, 8 cores, 7G,  Windows 10 , 64 bit Build 22000 (10.0.22000.613)
Time: Fri Apr 29 18:40:36 2022  Windows 10 , 64 bit Build 22000 (10.0.22000.613) elapsed time: 1.259500 seconds (0d 0h 0m 1s)

---------------  T H R E A D  ---------------

Current thread (0x0000025bec228850):  VMThread "VM Thread" [stack: 0x000000ea6ad00000,0x000000ea6ae00000] [id=7768]

Stack: [0x000000ea6ad00000,0x000000ea6ae00000],  sp=0x000000ea6adfe4a0,  free space=1017k
Native frames: (J=compiled Java code, j=interpreted, Vv=VM code, C=native code)
C  [igxelpicd64.dll+0x2c6616]


siginfo: EXCEPTION_ACCESS_VIOLATION (0xc0000005), reading address 0x0000000000035468


Register to memory mapping:

RIP=0x00007fff6eef6616 igxelpicd64.dll
RAX=0x0000025bf986fa90 points into unknown readable memory: 0x00000000000002bc | bc 02 00 00 00 00 00 00
RBX=0x0000025becd2a520 points into unknown readable memory: 0xffffffffffffffff | ff ff ff ff ff ff ff ff
RCX=0x0000000000000001 is an unknown value
RDX=0x0 is NULL
RSP=0x000000ea6adfe4a0 points into unknown readable memory: 0x0000025becd2a520 | 20 a5 d2 ec 5b 02 00 00
RBP=0x0 is NULL
RSI=0x0000025bf986f950 points into unknown readable memory: 0x0000025becd32710 | 10 27 d3 ec 5b 02 00 00
RDI=0x0000025bf3118bf0 points into unknown readable memory: 0x0000000000000000 | 00 00 00 00 00 00 00 00
R8 =0x0000025bf986fa50 points into unknown readable memory: 0x0000000000000000 | 00 00 00 00 00 00 00 00
R9 =0x0 is NULL
R10=0x0 is NULL
R11=0x0000000000000246 is an unknown value
R12=0x0000025bf986f950 points into unknown readable memory: 0x0000025becd32710 | 10 27 d3 ec 5b 02 00 00
R13=0x0 is NULL
R14=0x0000025bf986fe98 points into unknown readable memory: 0x0000025bf9873940 | 40 39 87 f9 5b 02 00 00
R15=0x0000025bf9873940 points into unknown readable memory: 0x0000025becd32710 | 10 27 d3 ec 5b 02 00 00


Registers:
RAX=0x0000025bf986fa90, RBX=0x0000025becd2a520, RCX=0x0000000000000001, RDX=0x0000000000000000
RSP=0x000000ea6adfe4a0, RBP=0x0000000000000000, RSI=0x0000025bf986f950, RDI=0x0000025bf3118bf0
R8 =0x0000025bf986fa50, R9 =0x0000000000000000, R10=0x0000000000000000, R11=0x0000000000000246
R12=0x0000025bf986f950, R13=0x0000000000000000, R14=0x0000025bf986fe98, R15=0x0000025bf9873940
RIP=0x00007fff6eef6616, EFLAGS=0x0000000000010206

Top of Stack: (sp=0x000000ea6adfe4a0)
0x000000ea6adfe4a0:   0000025becd2a520 ada5013d756e0090
0x000000ea6adfe4b0:   77c7011d95a600cf 00000141000300d7
0x000000ea6adfe4c0:   0000001601000000 0000000000000000
0x000000ea6adfe4d0:   0001007cecc00000 0228c59800000144
0x000000ea6adfe4e0:   0000025becd2a520 00007fff5d64989f
0x000000ea6adfe4f0:   000000ea6adfedb0 0000000008000000
0x000000ea6adfe500:   0000025bce36f170 0000000000000000
0x000000ea6adfe510:   0000025bce43b0d0 00007fff5d649cb3
0x000000ea6adfe520:   000000ea6adfedb0 0000000000000000
0x000000ea6adfe530:   0000025bce36ebe0 0000025bce36f170
0x000000ea6adfe540:   3233206465747401 000000ea6adfe550
0x000000ea6adfe550:   0000000000000002 00007fffc7a799f9
0x000000ea6adfe560:   6661207061000a7d 6920434720726574
0x000000ea6adfe570:   6f697461636f766e 00007fffc7a799f9
0x000000ea6adfe580:   000a3a2930206c6c 00007fffc7a87544
0x000000ea6adfe590:   0000000000000000 0000000000000000 

Instructions: (pc=0x00007fff6eef6616)
0x00007fff6eef6516:   00 90 4c 8b bf 80 02 00 00 48 8b 05 ca 5b b0 00
0x00007fff6eef6526:   8b 80 c8 0a 00 00 89 44 24 24 c6 44 24 20 00 48
0x00007fff6eef6536:   c7 87 80 02 00 00 00 00 00 00 c7 87 88 02 00 00
0x00007fff6eef6546:   00 00 00 00 48 c7 87 a0 02 00 00 00 00 00 00 48
0x00007fff6eef6556:   c7 87 90 02 00 00 00 00 00 00 48 85 ed 75 3d 8b
0x00007fff6eef6566:   35 fd 2b c0 00 65 48 8b 04 25 58 00 00 00 b9 14
0x00007fff6eef6576:   00 00 00 48 8b 04 f0 40 38 2c 01 0f 84 09 99 68
0x00007fff6eef6586:   00 65 48 8b 04 25 58 00 00 00 bd 20 00 00 00 48
0x00007fff6eef6596:   8b 04 f0 48 8b 2c 28 48 89 6c 24 28 48 3b 2d f7
0x00007fff6eef65a6:   4f c0 00 0f 84 9b 10 00 00 4d 85 ff 0f 84 3a 01
0x00007fff6eef65b6:   00 00 0f 1f 84 00 00 00 00 00 49 8b f7 4d 8b e7
0x00007fff6eef65c6:   4d 8d b7 48 05 00 00 4d 8b 3e 45 84 ed 0f 85 d9
0x00007fff6eef65d6:   0e 00 00 8b 8f d0 01 00 00 48 8b 05 0a 5b b0 00
0x00007fff6eef65e6:   83 b8 64 03 00 00 02 75 34 4d 8d 84 24 00 01 00
0x00007fff6eef65f6:   00 83 f9 10 0f 83 3a 01 00 00 8b c1 48 c1 e0 06
0x00007fff6eef6606:   49 03 c0 48 85 c0 0f 84 9b 01 00 00 48 8b 50 08
0x00007fff6eef6616:   48 3b 95 68 54 03 00 0f 87 b6 0e 00 00 48 83 be
0x00007fff6eef6626:   c0 05 00 00 00 0f 85 90 98 68 00 44 8b 8f d0 01
0x00007fff6eef6636:   00 00 48 8b 87 e8 01 00 00 4c 8b 00 8b 8f d0 01
0x00007fff6eef6646:   00 00 48 8d 9e 00 01 00 00 83 f9 10 0f 83 1e 01
0x00007fff6eef6656:   00 00 8b c1 48 c1 e0 06 48 03 c3 48 85 c0 0f 84
0x00007fff6eef6666:   4a 01 00 00 4c 39 40 08 0f 86 40 01 00 00 48 8b
0x00007fff6eef6676:   87 80 02 00 00 49 89 06 48 89 b7 80 02 00 00 ff
0x00007fff6eef6686:   87 88 02 00 00 48 8b 4e 08 48 8b 01 ba 01 00 00
0x00007fff6eef6696:   00 48 8b 80 e0 02 00 00 ff 15 64 1f 7c 00 0f b7
0x00007fff6eef66a6:   c8 48 2b c1 48 05 00 00 01 00 48 01 87 90 02 00
0x00007fff6eef66b6:   00 48 8b 4e 08 48 8b 01 ba 01 00 00 00 48 8b 80
0x00007fff6eef66c6:   e0 02 00 00 ff 15 38 1f 7c 00 48 01 87 a0 02 00
0x00007fff6eef66d6:   00 0f b6 54 24 20 4d 85 ff 0f 85 db fe ff ff 84
0x00007fff6eef66e6:   d2 0f 85 37 0f 00 00 48 8b 5c 24 40 48 8b cf 80
0x00007fff6eef66f6:   7c 24 22 00 0f 85 40 0f 00 00 e8 4b f9 ff ff 90
0x00007fff6eef6706:   48 8b cb ff 15 09 1a 7c 00 48 8b 8c 24 50 01 00 


Stack slot to memory mapping:
stack at sp + 0 slots: 0x0000025becd2a520 points into unknown readable memory: 0xffffffffffffffff | ff ff ff ff ff ff ff ff
stack at sp + 1 slots: 0xada5013d756e0090 is an unknown value
stack at sp + 2 slots: 0x77c7011d95a600cf is an unknown value
stack at sp + 3 slots: 0x00000141000300d7 is an unknown value
stack at sp + 4 slots: 0x0000001601000000 is an unknown value
stack at sp + 5 slots: 0x0 is NULL
stack at sp + 6 slots: 0x0001007cecc00000 is an unknown value
stack at sp + 7 slots: 0x0228c59800000144 is an unknown value

VM_Operation (0x000000ea6a7fec10): Exit, mode: safepoint, requested by thread 0x0000025bce358fa0


---------------  P R O C E S S  ---------------

Threads class SMR info:
_java_thread_list=0x0000025bf9620780, length=13, elements={
0x0000025bce358fa0, 0x0000025bec22e350, 0x0000025bec22ef50, 0x0000025bec248880,
0x0000025bec24c2a0, 0x0000025bec255ad0, 0x0000025bec260f40, 0x0000025bec263d70,
0x0000025bec2648f0, 0x0000025beccb05b0, 0x0000025beccaf070, 0x0000025bf377cc10,
0x0000025beccb1050
}

Java Threads: ( => current thread )
  0x0000025bce358fa0 JavaThread "main" [_thread_blocked, id=35320, stack(0x000000ea6a700000,0x000000ea6a800000)]
  0x0000025bec22e350 JavaThread "Reference Handler" daemon [_thread_blocked, id=25156, stack(0x000000ea6ae00000,0x000000ea6af00000)]
  0x0000025bec22ef50 JavaThread "Finalizer" daemon [_thread_blocked, id=24340, stack(0x000000ea6af00000,0x000000ea6b000000)]
  0x0000025bec248880 JavaThread "Attach Listener" daemon [_thread_blocked, id=12256, stack(0x000000ea6b100000,0x000000ea6b200000)]
  0x0000025bec24c2a0 JavaThread "Service Thread" daemon [_thread_blocked, id=35628, stack(0x000000ea6b200000,0x000000ea6b300000)]
  0x0000025bec255ad0 JavaThread "Monitor Deflation Thread" daemon [_thread_blocked, id=35408, stack(0x000000ea6b300000,0x000000ea6b400000)]
  0x0000025bec260f40 JavaThread "C2 CompilerThread0" daemon [_thread_blocked, id=37288, stack(0x000000ea6b400000,0x000000ea6b500000)]
  0x0000025bec263d70 JavaThread "C1 CompilerThread0" daemon [_thread_blocked, id=11548, stack(0x000000ea6b500000,0x000000ea6b600000)]
  0x0000025bec2648f0 JavaThread "Sweeper thread" daemon [_thread_blocked, id=12140, stack(0x000000ea6b600000,0x000000ea6b700000)]
  0x0000025beccb05b0 JavaThread "Notification Thread" daemon [_thread_blocked, id=17204, stack(0x000000ea6b700000,0x000000ea6b800000)]
  0x0000025beccaf070 JavaThread "Common-Cleaner" daemon [_thread_blocked, id=37532, stack(0x000000ea6b900000,0x000000ea6ba00000)]
  0x0000025bf377cc10 JavaThread "C2 CompilerThread1" daemon [_thread_blocked, id=35916, stack(0x000000ea6be00000,0x000000ea6bf00000)]
  0x0000025beccb1050 JavaThread "Java2D Disposer" daemon [_thread_blocked, id=32744, stack(0x000000ea6c000000,0x000000ea6c100000)]

Other Threads:
=>0x0000025bec228850 VMThread "VM Thread" [stack: 0x000000ea6ad00000,0x000000ea6ae00000] [id=7768]
  0x0000025bce399620 GCTaskThread "GC Thread#0" [stack: 0x000000ea6a800000,0x000000ea6a900000] [id=37184]
  0x0000025bf3656d50 GCTaskThread "GC Thread#1" [stack: 0x000000ea6c100000,0x000000ea6c200000] [id=37704]
  0x0000025bf3657060 GCTaskThread "GC Thread#2" [stack: 0x000000ea6c200000,0x000000ea6c300000] [id=3044]
  0x0000025bf3656110 GCTaskThread "GC Thread#3" [stack: 0x000000ea6c300000,0x000000ea6c400000] [id=36208]
  0x0000025bf3657370 GCTaskThread "GC Thread#4" [stack: 0x000000ea6c400000,0x000000ea6c500000] [id=34560]
  0x0000025bf3657680 GCTaskThread "GC Thread#5" [stack: 0x000000ea6c500000,0x000000ea6c600000] [id=28380]
  0x0000025bf3656420 GCTaskThread "GC Thread#6" [stack: 0x000000ea6c600000,0x000000ea6c700000] [id=37352]
  0x0000025bf34a1070 GCTaskThread "GC Thread#7" [stack: 0x000000ea6c700000,0x000000ea6c800000] [id=26408]
  0x0000025bce3ab430 ConcurrentGCThread "G1 Main Marker" terminated
  0x0000025bce3abea0 ConcurrentGCThread "G1 Conc#0" [stack: 0x000000ea6aa00000,0x000000ea6ab00000] [id=36564]
  0x0000025becdc7150 ConcurrentGCThread "G1 Conc#1" [stack: 0x000000ea6c800000,0x000000ea6c900000] [id=22888]
  0x0000025bce4385f0 ConcurrentGCThread "G1 Refine#0" terminated
  0x0000025bf36149a0 ConcurrentGCThread "G1 Refine#1" terminated
  0x0000025bce439070 ConcurrentGCThread "G1 Service" terminated

Threads with active compile tasks:

VM state: at safepoint (shutting down)

VM Mutex/Monitor currently owned by a thread:  ([mutex/lock_event])
[0x0000025bce355840] Threads_lock - owner thread: 0x0000025bec228850
[0x0000025bce356020] Heap_lock - owner thread: 0x0000025bce358fa0

Heap address: 0x0000000083200000, size: 1998 MB, Compressed Oops mode: 32-bit

CDS archive(s) mapped at: [0x0000000800000000-0x0000000800bb0000-0x0000000800bb0000), size 12255232, SharedBaseAddress: 0x0000000800000000, ArchiveRelocationMode: 0.
Compressed class space mapped at: 0x0000000800c00000-0x0000000840c00000, reserved size: 1073741824
Narrow klass base: 0x0000000800000000, Narrow klass shift: 3, Narrow klass range: 0x100000000

GC Precious Log:
 CPUs: 8 total, 8 available
 Memory: 7991M
 Large Page Support: Disabled
 NUMA Support: Disabled
 Compressed Oops: Enabled (32-bit)
 Heap Region Size: 1M
 Heap Min Capacity: 8M
 Heap Initial Capacity: 126M
 Heap Max Capacity: 1998M
 Pre-touch: Disabled
 Parallel Workers: 8
 Concurrent Workers: 2
 Concurrent Refinement Workers: 8
 Periodic GC: Disabled

Heap:
 garbage-first heap   total 185344K, used 21756K [0x0000000083200000, 0x0000000100000000)
  region size 1024K, 9 young (9216K), 7 survivors (7168K)
 Metaspace       used 4308K, committed 4480K, reserved 1056768K
  class space    used 292K, committed 384K, reserved 1048576K

Heap Regions: E=young(eden), S=young(survivor), O=old, HS=humongous(starts), HC=humongous(continues), CS=collection set, F=free, OA=open archive, CA=closed archive, TAMS=top-at-mark-start (previous, next)
|   0|0x0000000083200000, 0x0000000083300000, 0x0000000083300000|100%| O|  |TAMS 0x0000000083300000, 0x0000000083200000| Untracked 
|   1|0x0000000083300000, 0x0000000083400000, 0x0000000083400000|100%| O|  |TAMS 0x0000000083400000, 0x0000000083300000| Untracked 
|   2|0x0000000083400000, 0x0000000083500000, 0x0000000083500000|100%|HS|  |TAMS 0x0000000083500000, 0x0000000083400000| Complete 
|   3|0x0000000083500000, 0x0000000083600000, 0x0000000083600000|100%|HC|  |TAMS 0x0000000083600000, 0x0000000083500000| Complete 
|   4|0x0000000083600000, 0x0000000083700000, 0x0000000083700000|100%|HC|  |TAMS 0x0000000083700000, 0x0000000083600000| Complete 
|   5|0x0000000083700000, 0x0000000083800000, 0x0000000083800000|100%|HC|  |TAMS 0x0000000083800000, 0x0000000083700000| Complete 
|   6|0x0000000083800000, 0x0000000083900000, 0x0000000083900000|100%|HC|  |TAMS 0x0000000083900000, 0x0000000083800000| Complete 
|   7|0x0000000083900000, 0x0000000083a00000, 0x0000000083a00000|100%|HS|  |TAMS 0x0000000083900000, 0x0000000083900000| Complete 
|   8|0x0000000083a00000, 0x0000000083b00000, 0x0000000083b00000|100%|HS|  |TAMS 0x0000000083a00000, 0x0000000083a00000| Complete 
|   9|0x0000000083b00000, 0x0000000083c00000, 0x0000000083c00000|100%|HS|  |TAMS 0x0000000083b00000, 0x0000000083b00000| Complete 
|  10|0x0000000083c00000, 0x0000000083c00000, 0x0000000083d00000|  0%| F|  |TAMS 0x0000000083c00000, 0x0000000083c00000| Untracked 
|  11|0x0000000083d00000, 0x0000000083d00000, 0x0000000083e00000|  0%| F|  |TAMS 0x0000000083d00000, 0x0000000083d00000| Untracked 
|  12|0x0000000083e00000, 0x0000000083e00000, 0x0000000083f00000|  0%| F|  |TAMS 0x0000000083e00000, 0x0000000083e00000| Untracked 
|  13|0x0000000083f00000, 0x0000000083f00000, 0x0000000084000000|  0%| F|  |TAMS 0x0000000083f00000, 0x0000000083f00000| Untracked 
|  14|0x0000000084000000, 0x0000000084000000, 0x0000000084100000|  0%| F|  |TAMS 0x0000000084000000, 0x0000000084000000| Untracked 
|  15|0x0000000084100000, 0x0000000084100000, 0x0000000084200000|  0%| F|  |TAMS 0x0000000084100000, 0x0000000084100000| Untracked 
|  16|0x0000000084200000, 0x0000000084200000, 0x0000000084300000|  0%| F|  |TAMS 0x0000000084200000, 0x0000000084200000| Untracked 
|  17|0x0000000084300000, 0x0000000084300000, 0x0000000084400000|  0%| F|  |TAMS 0x0000000084300000, 0x0000000084300000| Untracked 
|  18|0x0000000084400000, 0x0000000084400000, 0x0000000084500000|  0%| F|  |TAMS 0x0000000084400000, 0x0000000084400000| Untracked 
|  19|0x0000000084500000, 0x0000000084500000, 0x0000000084600000|  0%| F|  |TAMS 0x0000000084500000, 0x0000000084500000| Untracked 
|  20|0x0000000084600000, 0x0000000084600000, 0x0000000084700000|  0%| F|  |TAMS 0x0000000084600000, 0x0000000084600000| Untracked 
|  21|0x0000000084700000, 0x0000000084700000, 0x0000000084800000|  0%| F|  |TAMS 0x0000000084700000, 0x0000000084700000| Untracked 
|  22|0x0000000084800000, 0x0000000084800000, 0x0000000084900000|  0%| F|  |TAMS 0x0000000084800000, 0x0000000084800000| Untracked 
|  23|0x0000000084900000, 0x0000000084900000, 0x0000000084a00000|  0%| F|  |TAMS 0x0000000084900000, 0x0000000084900000| Untracked 
|  24|0x0000000084a00000, 0x0000000084a00000, 0x0000000084b00000|  0%| F|  |TAMS 0x0000000084a00000, 0x0000000084a00000| Untracked 
|  25|0x0000000084b00000, 0x0000000084b00000, 0x0000000084c00000|  0%| F|  |TAMS 0x0000000084b00000, 0x0000000084b00000| Untracked 
|  26|0x0000000084c00000, 0x0000000084c00000, 0x0000000084d00000|  0%| F|  |TAMS 0x0000000084c00000, 0x0000000084c00000| Untracked 
|  27|0x0000000084d00000, 0x0000000084d00000, 0x0000000084e00000|  0%| F|  |TAMS 0x0000000084d00000, 0x0000000084d00000| Untracked 
|  28|0x0000000084e00000, 0x0000000084e00000, 0x0000000084f00000|  0%| F|  |TAMS 0x0000000084e00000, 0x0000000084e00000| Untracked 
|  29|0x0000000084f00000, 0x0000000084f00000, 0x0000000085000000|  0%| F|  |TAMS 0x0000000084f00000, 0x0000000084f00000| Untracked 
|  30|0x0000000085000000, 0x0000000085000000, 0x0000000085100000|  0%| F|  |TAMS 0x0000000085000000, 0x0000000085000000| Untracked 
|  31|0x0000000085100000, 0x0000000085100000, 0x0000000085200000|  0%| F|  |TAMS 0x0000000085100000, 0x0000000085100000| Untracked 
|  32|0x0000000085200000, 0x0000000085200000, 0x0000000085300000|  0%| F|  |TAMS 0x0000000085200000, 0x0000000085200000| Untracked 
|  33|0x0000000085300000, 0x0000000085300000, 0x0000000085400000|  0%| F|  |TAMS 0x0000000085300000, 0x0000000085300000| Untracked 
|  34|0x0000000085400000, 0x0000000085400000, 0x0000000085500000|  0%| F|  |TAMS 0x0000000085400000, 0x0000000085400000| Untracked 
|  35|0x0000000085500000, 0x0000000085500000, 0x0000000085600000|  0%| F|  |TAMS 0x0000000085500000, 0x0000000085500000| Untracked 
|  36|0x0000000085600000, 0x0000000085600000, 0x0000000085700000|  0%| F|  |TAMS 0x0000000085600000, 0x0000000085600000| Untracked 
|  37|0x0000000085700000, 0x0000000085700000, 0x0000000085800000|  0%| F|  |TAMS 0x0000000085700000, 0x0000000085700000| Untracked 
|  38|0x0000000085800000, 0x0000000085800000, 0x0000000085900000|  0%| F|  |TAMS 0x0000000085800000, 0x0000000085800000| Untracked 
|  39|0x0000000085900000, 0x0000000085900000, 0x0000000085a00000|  0%| F|  |TAMS 0x0000000085900000, 0x0000000085900000| Untracked 
|  40|0x0000000085a00000, 0x0000000085a00000, 0x0000000085b00000|  0%| F|  |TAMS 0x0000000085a00000, 0x0000000085a00000| Untracked 
|  41|0x0000000085b00000, 0x0000000085b00000, 0x0000000085c00000|  0%| F|  |TAMS 0x0000000085b00000, 0x0000000085b00000| Untracked 
|  42|0x0000000085c00000, 0x0000000085d00000, 0x0000000085d00000|100%| O|  |TAMS 0x0000000085d00000, 0x0000000085c00000| Untracked 
|  43|0x0000000085d00000, 0x0000000085e00000, 0x0000000085e00000|100%| O|  |TAMS 0x0000000085e00000, 0x0000000085d00000| Untracked 
|  44|0x0000000085e00000, 0x0000000085f00000, 0x0000000085f00000|100%| O|  |TAMS 0x0000000085f00000, 0x0000000085e00000| Untracked 
|  45|0x0000000085f00000, 0x0000000085f00000, 0x0000000086000000|  0%| F|  |TAMS 0x0000000085f00000, 0x0000000085f00000| Untracked 
|  46|0x0000000086000000, 0x0000000086000000, 0x0000000086100000|  0%| F|  |TAMS 0x0000000086000000, 0x0000000086000000| Untracked 
|  47|0x0000000086100000, 0x0000000086100000, 0x0000000086200000|  0%| F|  |TAMS 0x0000000086100000, 0x0000000086100000| Untracked 
|  48|0x0000000086200000, 0x0000000086200000, 0x0000000086300000|  0%| F|  |TAMS 0x0000000086200000, 0x0000000086200000| Untracked 
|  49|0x0000000086300000, 0x0000000086300000, 0x0000000086400000|  0%| F|  |TAMS 0x0000000086300000, 0x0000000086300000| Untracked 
|  50|0x0000000086400000, 0x0000000086400000, 0x0000000086500000|  0%| F|  |TAMS 0x0000000086400000, 0x0000000086400000| Untracked 
|  51|0x0000000086500000, 0x0000000086500000, 0x0000000086600000|  0%| F|  |TAMS 0x0000000086500000, 0x0000000086500000| Untracked 
|  52|0x0000000086600000, 0x0000000086600000, 0x0000000086700000|  0%| F|  |TAMS 0x0000000086600000, 0x0000000086600000| Untracked 
|  53|0x0000000086700000, 0x0000000086700000, 0x0000000086800000|  0%| F|  |TAMS 0x0000000086700000, 0x0000000086700000| Untracked 
|  54|0x0000000086800000, 0x0000000086800000, 0x0000000086900000|  0%| F|  |TAMS 0x0000000086800000, 0x0000000086800000| Untracked 
|  55|0x0000000086900000, 0x0000000086900000, 0x0000000086a00000|  0%| F|  |TAMS 0x0000000086900000, 0x0000000086900000| Untracked 
|  56|0x0000000086a00000, 0x0000000086a00000, 0x0000000086b00000|  0%| F|  |TAMS 0x0000000086a00000, 0x0000000086a00000| Untracked 
|  57|0x0000000086b00000, 0x0000000086b00000, 0x0000000086c00000|  0%| F|  |TAMS 0x0000000086b00000, 0x0000000086b00000| Untracked 
|  58|0x0000000086c00000, 0x0000000086c00000, 0x0000000086d00000|  0%| F|  |TAMS 0x0000000086c00000, 0x0000000086c00000| Untracked 
|  59|0x0000000086d00000, 0x0000000086d00000, 0x0000000086e00000|  0%| F|  |TAMS 0x0000000086d00000, 0x0000000086d00000| Untracked 
|  60|0x0000000086e00000, 0x0000000086e00000, 0x0000000086f00000|  0%| F|  |TAMS 0x0000000086e00000, 0x0000000086e00000| Untracked 
|  61|0x0000000086f00000, 0x0000000086f00000, 0x0000000087000000|  0%| F|  |TAMS 0x0000000086f00000, 0x0000000086f00000| Untracked 
|  62|0x0000000087000000, 0x0000000087000000, 0x0000000087100000|  0%| F|  |TAMS 0x0000000087000000, 0x0000000087000000| Untracked 
|  63|0x0000000087100000, 0x0000000087100000, 0x0000000087200000|  0%| F|  |TAMS 0x0000000087100000, 0x0000000087100000| Untracked 
|  64|0x0000000087200000, 0x0000000087200000, 0x0000000087300000|  0%| F|  |TAMS 0x0000000087200000, 0x0000000087200000| Untracked 
|  65|0x0000000087300000, 0x000000008737b8e0, 0x0000000087400000| 48%| S|CS|TAMS 0x0000000087300000, 0x0000000087300000| Complete 
|  66|0x0000000087400000, 0x0000000087500000, 0x0000000087500000|100%| S|CS|TAMS 0x0000000087400000, 0x0000000087400000| Complete 
|  67|0x0000000087500000, 0x0000000087600000, 0x0000000087600000|100%| S|CS|TAMS 0x0000000087500000, 0x0000000087500000| Complete 
|  68|0x0000000087600000, 0x0000000087700000, 0x0000000087700000|100%| S|CS|TAMS 0x0000000087600000, 0x0000000087600000| Complete 
|  69|0x0000000087700000, 0x00000000877c3800, 0x0000000087800000| 76%| O|  |TAMS 0x00000000877c3800, 0x0000000087700000| Untracked 
|  70|0x0000000087800000, 0x0000000087900000, 0x0000000087900000|100%| S|CS|TAMS 0x0000000087800000, 0x0000000087800000| Complete 
|  71|0x0000000087900000, 0x0000000087a00000, 0x0000000087a00000|100%| S|CS|TAMS 0x0000000087900000, 0x0000000087900000| Complete 
|  72|0x0000000087a00000, 0x0000000087b00000, 0x0000000087b00000|100%| S|CS|TAMS 0x0000000087a00000, 0x0000000087a00000| Complete 
|  73|0x0000000087b00000, 0x0000000087b00000, 0x0000000087c00000|  0%| F|  |TAMS 0x0000000087b00000, 0x0000000087b00000| Untracked 
|  74|0x0000000087c00000, 0x0000000087c00000, 0x0000000087d00000|  0%| F|  |TAMS 0x0000000087c00000, 0x0000000087c00000| Untracked 
|  75|0x0000000087d00000, 0x0000000087d00000, 0x0000000087e00000|  0%| F|  |TAMS 0x0000000087d00000, 0x0000000087d00000| Untracked 
|  76|0x0000000087e00000, 0x0000000087e00000, 0x0000000087f00000|  0%| F|  |TAMS 0x0000000087e00000, 0x0000000087e00000| Untracked 
|  77|0x0000000087f00000, 0x0000000087f00000, 0x0000000088000000|  0%| F|  |TAMS 0x0000000087f00000, 0x0000000087f00000| Untracked 
|  78|0x0000000088000000, 0x0000000088000000, 0x0000000088100000|  0%| F|  |TAMS 0x0000000088000000, 0x0000000088000000| Untracked 
|  79|0x0000000088100000, 0x0000000088100000, 0x0000000088200000|  0%| F|  |TAMS 0x0000000088100000, 0x0000000088100000| Untracked 
|  80|0x0000000088200000, 0x0000000088200000, 0x0000000088300000|  0%| F|  |TAMS 0x0000000088200000, 0x0000000088200000| Untracked 
|  81|0x0000000088300000, 0x0000000088300000, 0x0000000088400000|  0%| F|  |TAMS 0x0000000088300000, 0x0000000088300000| Untracked 
|  82|0x0000000088400000, 0x0000000088400000, 0x0000000088500000|  0%| F|  |TAMS 0x0000000088400000, 0x0000000088400000| Untracked 
|  83|0x0000000088500000, 0x0000000088500000, 0x0000000088600000|  0%| F|  |TAMS 0x0000000088500000, 0x0000000088500000| Untracked 
|  84|0x0000000088600000, 0x0000000088600000, 0x0000000088700000|  0%| F|  |TAMS 0x0000000088600000, 0x0000000088600000| Untracked 
|  85|0x0000000088700000, 0x0000000088700000, 0x0000000088800000|  0%| F|  |TAMS 0x0000000088700000, 0x0000000088700000| Untracked 
|  86|0x0000000088800000, 0x0000000088800000, 0x0000000088900000|  0%| F|  |TAMS 0x0000000088800000, 0x0000000088800000| Untracked 
|  87|0x0000000088900000, 0x0000000088900000, 0x0000000088a00000|  0%| F|  |TAMS 0x0000000088900000, 0x0000000088900000| Untracked 
|  88|0x0000000088a00000, 0x0000000088a00000, 0x0000000088b00000|  0%| F|  |TAMS 0x0000000088a00000, 0x0000000088a00000| Untracked 
|  89|0x0000000088b00000, 0x0000000088b00000, 0x0000000088c00000|  0%| F|  |TAMS 0x0000000088b00000, 0x0000000088b00000| Untracked 
|  90|0x0000000088c00000, 0x0000000088c00000, 0x0000000088d00000|  0%| F|  |TAMS 0x0000000088c00000, 0x0000000088c00000| Untracked 
|  91|0x0000000088d00000, 0x0000000088d00000, 0x0000000088e00000|  0%| F|  |TAMS 0x0000000088d00000, 0x0000000088d00000| Untracked 
|  92|0x0000000088e00000, 0x0000000088e00000, 0x0000000088f00000|  0%| F|  |TAMS 0x0000000088e00000, 0x0000000088e00000| Untracked 
|  93|0x0000000088f00000, 0x0000000088f00000, 0x0000000089000000|  0%| F|  |TAMS 0x0000000088f00000, 0x0000000088f00000| Untracked 
|  94|0x0000000089000000, 0x0000000089000000, 0x0000000089100000|  0%| F|  |TAMS 0x0000000089000000, 0x0000000089000000| Untracked 
|  95|0x0000000089100000, 0x0000000089100000, 0x0000000089200000|  0%| F|  |TAMS 0x0000000089100000, 0x0000000089100000| Untracked 
|  96|0x0000000089200000, 0x0000000089200000, 0x0000000089300000|  0%| F|  |TAMS 0x0000000089200000, 0x0000000089200000| Untracked 
|  97|0x0000000089300000, 0x0000000089300000, 0x0000000089400000|  0%| F|  |TAMS 0x0000000089300000, 0x0000000089300000| Untracked 
|  98|0x0000000089400000, 0x0000000089400000, 0x0000000089500000|  0%| F|  |TAMS 0x0000000089400000, 0x0000000089400000| Untracked 
|  99|0x0000000089500000, 0x0000000089500000, 0x0000000089600000|  0%| F|  |TAMS 0x0000000089500000, 0x0000000089500000| Untracked 
| 100|0x0000000089600000, 0x0000000089600000, 0x0000000089700000|  0%| F|  |TAMS 0x0000000089600000, 0x0000000089600000| Untracked 
| 101|0x0000000089700000, 0x0000000089700000, 0x0000000089800000|  0%| F|  |TAMS 0x0000000089700000, 0x0000000089700000| Untracked 
| 102|0x0000000089800000, 0x0000000089800000, 0x0000000089900000|  0%| F|  |TAMS 0x0000000089800000, 0x0000000089800000| Untracked 
| 103|0x0000000089900000, 0x0000000089900000, 0x0000000089a00000|  0%| F|  |TAMS 0x0000000089900000, 0x0000000089900000| Untracked 
| 104|0x0000000089a00000, 0x0000000089a00000, 0x0000000089b00000|  0%| F|  |TAMS 0x0000000089a00000, 0x0000000089a00000| Untracked 
| 105|0x0000000089b00000, 0x0000000089b00000, 0x0000000089c00000|  0%| F|  |TAMS 0x0000000089b00000, 0x0000000089b00000| Untracked 
| 106|0x0000000089c00000, 0x0000000089c00000, 0x0000000089d00000|  0%| F|  |TAMS 0x0000000089c00000, 0x0000000089c00000| Untracked 
| 107|0x0000000089d00000, 0x0000000089d00000, 0x0000000089e00000|  0%| F|  |TAMS 0x0000000089d00000, 0x0000000089d00000| Untracked 
| 108|0x0000000089e00000, 0x0000000089e00000, 0x0000000089f00000|  0%| F|  |TAMS 0x0000000089e00000, 0x0000000089e00000| Untracked 
| 109|0x0000000089f00000, 0x0000000089f00000, 0x000000008a000000|  0%| F|  |TAMS 0x0000000089f00000, 0x0000000089f00000| Untracked 
| 110|0x000000008a000000, 0x000000008a000000, 0x000000008a100000|  0%| F|  |TAMS 0x000000008a000000, 0x000000008a000000| Untracked 
| 111|0x000000008a100000, 0x000000008a100000, 0x000000008a200000|  0%| F|  |TAMS 0x000000008a100000, 0x000000008a100000| Untracked 
| 112|0x000000008a200000, 0x000000008a200000, 0x000000008a300000|  0%| F|  |TAMS 0x000000008a200000, 0x000000008a200000| Untracked 
| 113|0x000000008a300000, 0x000000008a300000, 0x000000008a400000|  0%| F|  |TAMS 0x000000008a300000, 0x000000008a300000| Untracked 
| 114|0x000000008a400000, 0x000000008a400000, 0x000000008a500000|  0%| F|  |TAMS 0x000000008a400000, 0x000000008a400000| Untracked 
| 115|0x000000008a500000, 0x000000008a500000, 0x000000008a600000|  0%| F|  |TAMS 0x000000008a500000, 0x000000008a500000| Untracked 
| 116|0x000000008a600000, 0x000000008a600000, 0x000000008a700000|  0%| F|  |TAMS 0x000000008a600000, 0x000000008a600000| Untracked 
| 117|0x000000008a700000, 0x000000008a700000, 0x000000008a800000|  0%| F|  |TAMS 0x000000008a700000, 0x000000008a700000| Untracked 
| 118|0x000000008a800000, 0x000000008a800000, 0x000000008a900000|  0%| F|  |TAMS 0x000000008a800000, 0x000000008a800000| Untracked 
| 119|0x000000008a900000, 0x000000008a900000, 0x000000008aa00000|  0%| F|  |TAMS 0x000000008a900000, 0x000000008a900000| Untracked 
| 120|0x000000008aa00000, 0x000000008aa00000, 0x000000008ab00000|  0%| F|  |TAMS 0x000000008aa00000, 0x000000008aa00000| Untracked 
| 121|0x000000008ab00000, 0x000000008ab00000, 0x000000008ac00000|  0%| F|  |TAMS 0x000000008ab00000, 0x000000008ab00000| Untracked 
| 122|0x000000008ac00000, 0x000000008ac00000, 0x000000008ad00000|  0%| F|  |TAMS 0x000000008ac00000, 0x000000008ac00000| Untracked 
| 123|0x000000008ad00000, 0x000000008ad00000, 0x000000008ae00000|  0%| F|  |TAMS 0x000000008ad00000, 0x000000008ad00000| Untracked 
| 124|0x000000008ae00000, 0x000000008ae00000, 0x000000008af00000|  0%| F|  |TAMS 0x000000008ae00000, 0x000000008ae00000| Untracked 
| 125|0x000000008af00000, 0x000000008af00000, 0x000000008b000000|  0%| F|  |TAMS 0x000000008af00000, 0x000000008af00000| Untracked 
| 126|0x000000008b000000, 0x000000008b000000, 0x000000008b100000|  0%| F|  |TAMS 0x000000008b000000, 0x000000008b000000| Untracked 
| 127|0x000000008b100000, 0x000000008b100000, 0x000000008b200000|  0%| F|  |TAMS 0x000000008b100000, 0x000000008b100000| Untracked 
| 128|0x000000008b200000, 0x000000008b200000, 0x000000008b300000|  0%| F|  |TAMS 0x000000008b200000, 0x000000008b200000| Untracked 
| 129|0x000000008b300000, 0x000000008b300000, 0x000000008b400000|  0%| F|  |TAMS 0x000000008b300000, 0x000000008b300000| Untracked 
| 130|0x000000008b400000, 0x000000008b400000, 0x000000008b500000|  0%| F|  |TAMS 0x000000008b400000, 0x000000008b400000| Untracked 
| 131|0x000000008b500000, 0x000000008b500000, 0x000000008b600000|  0%| F|  |TAMS 0x000000008b500000, 0x000000008b500000| Untracked 
| 132|0x000000008b600000, 0x000000008b600000, 0x000000008b700000|  0%| F|  |TAMS 0x000000008b600000, 0x000000008b600000| Untracked 
| 133|0x000000008b700000, 0x000000008b700000, 0x000000008b800000|  0%| F|  |TAMS 0x000000008b700000, 0x000000008b700000| Untracked 
| 134|0x000000008b800000, 0x000000008b800000, 0x000000008b900000|  0%| F|  |TAMS 0x000000008b800000, 0x000000008b800000| Untracked 
| 135|0x000000008b900000, 0x000000008b900000, 0x000000008ba00000|  0%| F|  |TAMS 0x000000008b900000, 0x000000008b900000| Untracked 
| 136|0x000000008ba00000, 0x000000008ba00000, 0x000000008bb00000|  0%| F|  |TAMS 0x000000008ba00000, 0x000000008ba00000| Untracked 
| 137|0x000000008bb00000, 0x000000008bb00000, 0x000000008bc00000|  0%| F|  |TAMS 0x000000008bb00000, 0x000000008bb00000| Untracked 
| 138|0x000000008bc00000, 0x000000008bc00000, 0x000000008bd00000|  0%| F|  |TAMS 0x000000008bc00000, 0x000000008bc00000| Untracked 
| 139|0x000000008bd00000, 0x000000008bd00000, 0x000000008be00000|  0%| F|  |TAMS 0x000000008bd00000, 0x000000008bd00000| Untracked 
| 140|0x000000008be00000, 0x000000008be00000, 0x000000008bf00000|  0%| F|  |TAMS 0x000000008be00000, 0x000000008be00000| Untracked 
| 141|0x000000008bf00000, 0x000000008bf00000, 0x000000008c000000|  0%| F|  |TAMS 0x000000008bf00000, 0x000000008bf00000| Untracked 
| 142|0x000000008c000000, 0x000000008c000000, 0x000000008c100000|  0%| F|  |TAMS 0x000000008c000000, 0x000000008c000000| Untracked 
| 143|0x000000008c100000, 0x000000008c100000, 0x000000008c200000|  0%| F|  |TAMS 0x000000008c100000, 0x000000008c100000| Untracked 
| 144|0x000000008c200000, 0x000000008c200000, 0x000000008c300000|  0%| F|  |TAMS 0x000000008c200000, 0x000000008c200000| Untracked 
| 145|0x000000008c300000, 0x000000008c300000, 0x000000008c400000|  0%| F|  |TAMS 0x000000008c300000, 0x000000008c300000| Untracked 
| 146|0x000000008c400000, 0x000000008c400000, 0x000000008c500000|  0%| F|  |TAMS 0x000000008c400000, 0x000000008c400000| Untracked 
| 147|0x000000008c500000, 0x000000008c500000, 0x000000008c600000|  0%| F|  |TAMS 0x000000008c500000, 0x000000008c500000| Untracked 
| 148|0x000000008c600000, 0x000000008c600000, 0x000000008c700000|  0%| F|  |TAMS 0x000000008c600000, 0x000000008c600000| Untracked 
| 149|0x000000008c700000, 0x000000008c700000, 0x000000008c800000|  0%| F|  |TAMS 0x000000008c700000, 0x000000008c700000| Untracked 
| 150|0x000000008c800000, 0x000000008c800000, 0x000000008c900000|  0%| F|  |TAMS 0x000000008c800000, 0x000000008c800000| Untracked 
| 151|0x000000008c900000, 0x000000008c900000, 0x000000008ca00000|  0%| F|  |TAMS 0x000000008c900000, 0x000000008c900000| Untracked 
| 152|0x000000008ca00000, 0x000000008ca00000, 0x000000008cb00000|  0%| F|  |TAMS 0x000000008ca00000, 0x000000008ca00000| Untracked 
| 153|0x000000008cb00000, 0x000000008cb00000, 0x000000008cc00000|  0%| F|  |TAMS 0x000000008cb00000, 0x000000008cb00000| Untracked 
| 154|0x000000008cc00000, 0x000000008cc00000, 0x000000008cd00000|  0%| F|  |TAMS 0x000000008cc00000, 0x000000008cc00000| Untracked 
| 155|0x000000008cd00000, 0x000000008cd00000, 0x000000008ce00000|  0%| F|  |TAMS 0x000000008cd00000, 0x000000008cd00000| Untracked 
| 156|0x000000008ce00000, 0x000000008ce00000, 0x000000008cf00000|  0%| F|  |TAMS 0x000000008ce00000, 0x000000008ce00000| Untracked 
| 157|0x000000008cf00000, 0x000000008cf00000, 0x000000008d000000|  0%| F|  |TAMS 0x000000008cf00000, 0x000000008cf00000| Untracked 
| 158|0x000000008d000000, 0x000000008d000000, 0x000000008d100000|  0%| F|  |TAMS 0x000000008d000000, 0x000000008d000000| Untracked 
| 159|0x000000008d100000, 0x000000008d100000, 0x000000008d200000|  0%| F|  |TAMS 0x000000008d100000, 0x000000008d100000| Untracked 
| 160|0x000000008d200000, 0x000000008d200000, 0x000000008d300000|  0%| F|  |TAMS 0x000000008d200000, 0x000000008d200000| Untracked 
| 161|0x000000008d300000, 0x000000008d300000, 0x000000008d400000|  0%| F|  |TAMS 0x000000008d300000, 0x000000008d300000| Untracked 
| 162|0x000000008d400000, 0x000000008d400000, 0x000000008d500000|  0%| F|  |TAMS 0x000000008d400000, 0x000000008d400000| Untracked 
| 163|0x000000008d500000, 0x000000008d500000, 0x000000008d600000|  0%| F|  |TAMS 0x000000008d500000, 0x000000008d500000| Untracked 
| 164|0x000000008d600000, 0x000000008d600000, 0x000000008d700000|  0%| F|  |TAMS 0x000000008d600000, 0x000000008d600000| Untracked 
| 165|0x000000008d700000, 0x000000008d700000, 0x000000008d800000|  0%| F|  |TAMS 0x000000008d700000, 0x000000008d700000| Untracked 
| 166|0x000000008d800000, 0x000000008d800000, 0x000000008d900000|  0%| F|  |TAMS 0x000000008d800000, 0x000000008d800000| Untracked 
| 167|0x000000008d900000, 0x000000008d900000, 0x000000008da00000|  0%| F|  |TAMS 0x000000008d900000, 0x000000008d900000| Untracked 
| 168|0x000000008da00000, 0x000000008da00000, 0x000000008db00000|  0%| F|  |TAMS 0x000000008da00000, 0x000000008da00000| Untracked 
| 169|0x000000008db00000, 0x000000008db00000, 0x000000008dc00000|  0%| F|  |TAMS 0x000000008db00000, 0x000000008db00000| Untracked 
| 170|0x000000008dc00000, 0x000000008dc00000, 0x000000008dd00000|  0%| F|  |TAMS 0x000000008dc00000, 0x000000008dc00000| Untracked 
| 171|0x000000008dd00000, 0x000000008dd00000, 0x000000008de00000|  0%| F|  |TAMS 0x000000008dd00000, 0x000000008dd00000| Untracked 
| 172|0x000000008de00000, 0x000000008de00000, 0x000000008df00000|  0%| F|  |TAMS 0x000000008de00000, 0x000000008de00000| Untracked 
| 173|0x000000008df00000, 0x000000008df00000, 0x000000008e000000|  0%| F|  |TAMS 0x000000008df00000, 0x000000008df00000| Untracked 
| 174|0x000000008e000000, 0x000000008e000000, 0x000000008e100000|  0%| F|  |TAMS 0x000000008e000000, 0x000000008e000000| Untracked 
| 175|0x000000008e100000, 0x000000008e100000, 0x000000008e200000|  0%| F|  |TAMS 0x000000008e100000, 0x000000008e100000| Untracked 
| 176|0x000000008e200000, 0x000000008e200000, 0x000000008e300000|  0%| F|  |TAMS 0x000000008e200000, 0x000000008e200000| Untracked 
| 177|0x000000008e300000, 0x000000008e300000, 0x000000008e400000|  0%| F|  |TAMS 0x000000008e300000, 0x000000008e300000| Untracked 
| 178|0x000000008e400000, 0x000000008e400000, 0x000000008e500000|  0%| F|  |TAMS 0x000000008e400000, 0x000000008e400000| Untracked 
| 179|0x000000008e500000, 0x000000008e600000, 0x000000008e600000|100%| E|  |TAMS 0x000000008e500000, 0x000000008e500000| Complete 
| 180|0x000000008e600000, 0x000000008e700000, 0x000000008e700000|100%| E|CS|TAMS 0x000000008e600000, 0x000000008e600000| Complete 

Card table byte_map: [0x0000025be5200000,0x0000025be55f0000] _byte_map_base: 0x0000025be4de7000

Marking Bits (Prev, Next): (CMBitMap*) 0x0000025bce39b0a0, (CMBitMap*) 0x0000025bce39b0e0
 Prev Bits: [0x0000025be59e0000, 0x0000025be7918000)
 Next Bits: [0x0000025be7920000, 0x0000025be9858000)

Polling page: 0x0000025bcc230000

Metaspace:

Usage:
  Non-class:      3.92 MB used.
      Class:    292.26 KB used.
       Both:      4.21 MB used.

Virtual space:
  Non-class space:        8.00 MB reserved,       4.00 MB ( 50%) committed,  1 nodes.
      Class space:        1.00 GB reserved,     384.00 KB ( <1%) committed,  1 nodes.
              Both:        1.01 GB reserved,       4.38 MB ( <1%) committed. 

Chunk freelists:
   Non-Class:  2.56 MB
       Class:  3.63 MB
        Both:  6.19 MB

MaxMetaspaceSize: 17179869184.00 GB
CompressedClassSpaceSize: 1.00 GB
 - commit_granule_bytes: 65536.
 - commit_granule_words: 8192.
 - virtual_space_node_default_size: 1048576.
 - enlarge_chunks_in_place: 1.
 - new_chunks_are_fully_committed: 0.
 - uncommit_free_chunks: 1.
 - use_allocation_guard: 0.
 - handle_deallocations: 1.


Internal statistics:

num_allocs_failed_limit: 0.
num_arena_births: 64.
num_arena_deaths: 0.
num_vsnodes_births: 2.
num_vsnodes_deaths: 0.
num_space_committed: 68.
num_space_uncommitted: 0.
num_chunks_returned_to_freelist: 0.
num_chunks_taken_from_freelist: 125.
num_chunk_merges: 0.
num_chunk_splits: 87.
num_chunks_enlarged: 58.
num_purges: 0.

CodeHeap 'non-profiled nmethods': size=120000Kb used=477Kb max_used=477Kb free=119522Kb
 bounds [0x0000025bdd5b0000, 0x0000025bdd820000, 0x0000025be4ae0000]
CodeHeap 'profiled nmethods': size=120000Kb used=1636Kb max_used=1636Kb free=118363Kb
 bounds [0x0000025bd6080000, 0x0000025bd62f0000, 0x0000025bdd5b0000]
CodeHeap 'non-nmethods': size=5760Kb used=1253Kb max_used=1275Kb free=4506Kb
 bounds [0x0000025bd5ae0000, 0x0000025bd5d50000, 0x0000025bd6080000]
 total_blobs=1472 nmethods=917 adapters=468
 compilation: enabled
              stopped_count=0, restarted_count=0
 full_count=0

Compilation events (20 events):
Event: 1.152 Thread 0x0000025bec260f40 nmethod 909% 0x0000025bdd623d10 code [0x0000025bdd623ea0, 0x0000025bdd6240d8]
Event: 1.153 Thread 0x0000025bec260f40  910       4       de.matthiasmann.twl.utils.PNGDecoder::expand2 (106 bytes)
Event: 1.153 Thread 0x0000025bf377cc10 nmethod 908% 0x0000025bdd624290 code [0x0000025bdd624440, 0x0000025bdd624a78]
Event: 1.153 Thread 0x0000025bf377cc10  911       4       de.matthiasmann.twl.utils.PNGDecoder::copyPALtoRGBA (199 bytes)
Event: 1.156 Thread 0x0000025bec260f40 nmethod 910 0x0000025bdd624e10 code [0x0000025bdd624fa0, 0x0000025bdd6252b8]
Event: 1.156 Thread 0x0000025bf377cc10 nmethod 911 0x0000025bdd625410 code [0x0000025bdd6255a0, 0x0000025bdd625978]
Event: 1.187 Thread 0x0000025bf377cc10  912   !   4       de.matthiasmann.twl.utils.PNGDecoder::readChunkUnzip (144 bytes)
Event: 1.187 Thread 0x0000025bec260f40  913       4       de.matthiasmann.twl.utils.PNGDecoder::unfilter (104 bytes)
Event: 1.190 Thread 0x0000025bf377cc10 nmethod 912 0x0000025bdd625d10 code [0x0000025bdd625ee0, 0x0000025bdd626480]
Event: 1.212 Thread 0x0000025bec260f40 nmethod 913 0x0000025bdd626890 code [0x0000025bdd626a40, 0x0000025bdd627198]
Event: 1.217 Thread 0x0000025bec263d70  914       3       java.lang.StringConcatHelper::initialCoder (14 bytes)
Event: 1.217 Thread 0x0000025bec263d70 nmethod 914 0x0000025bd6214490 code [0x0000025bd6214620, 0x0000025bd6214738]
Event: 1.218 Thread 0x0000025bec263d70  915       3       java.lang.String::concat (15 bytes)
Event: 1.219 Thread 0x0000025bec263d70 nmethod 915 0x0000025bd6214790 code [0x0000025bd6214ac0, 0x0000025bd6215f58]
Event: 1.219 Thread 0x0000025bec263d70  916       3       java.lang.StringConcatHelper::simpleConcat (94 bytes)
Event: 1.219 Thread 0x0000025bec263d70 nmethod 916 0x0000025bd6216690 code [0x0000025bd62169c0, 0x0000025bd6217df8]
Event: 1.219 Thread 0x0000025bec263d70  917       3       java.util.concurrent.ConcurrentHashMap$ValueIterator::next (34 bytes)
Event: 1.219 Thread 0x0000025bec263d70 nmethod 917 0x0000025bd6218510 code [0x0000025bd62186e0, 0x0000025bd6218938]
Event: 1.219 Thread 0x0000025bec263d70  918       3       java.lang.String::indexOf (18 bytes)
Event: 1.219 Thread 0x0000025bec263d70 nmethod 918 0x0000025bd6218a90 code [0x0000025bd6218c60, 0x0000025bd6218f28]

GC Heap History (14 events):
Event: 0.567 GC heap before
{Heap before GC invocations=0 (full 0):
 garbage-first heap   total 129024K, used 60416K [0x0000000083200000, 0x0000000100000000)
  region size 1024K, 19 young (19456K), 0 survivors (0K)
 Metaspace       used 4005K, committed 4160K, reserved 1056768K
  class space    used 276K, committed 320K, reserved 1048576K
}
Event: 0.570 GC heap after
{Heap after GC invocations=1 (full 0):
 garbage-first heap   total 129024K, used 46943K [0x0000000083200000, 0x0000000100000000)
  region size 1024K, 3 young (3072K), 3 survivors (3072K)
 Metaspace       used 4005K, committed 4160K, reserved 1056768K
  class space    used 276K, committed 320K, reserved 1048576K
}
Event: 0.616 GC heap before
{Heap before GC invocations=1 (full 0):
 garbage-first heap   total 129024K, used 99167K [0x0000000083200000, 0x0000000100000000)
  region size 1024K, 30 young (30720K), 3 survivors (3072K)
 Metaspace       used 4031K, committed 4160K, reserved 1056768K
  class space    used 276K, committed 320K, reserved 1048576K
}
Event: 0.618 GC heap after
{Heap after GC invocations=2 (full 0):
 garbage-first heap   total 129024K, used 71527K [0x0000000083200000, 0x0000000100000000)
  region size 1024K, 1 young (1024K), 1 survivors (1024K)
 Metaspace       used 4031K, committed 4160K, reserved 1056768K
  class space    used 276K, committed 320K, reserved 1048576K
}
Event: 0.642 GC heap before
{Heap before GC invocations=2 (full 0):
 garbage-first heap   total 129024K, used 101223K [0x0000000083200000, 0x0000000100000000)
  region size 1024K, 30 young (30720K), 1 survivors (1024K)
 Metaspace       used 4031K, committed 4160K, reserved 1056768K
  class space    used 276K, committed 320K, reserved 1048576K
}
Event: 0.643 GC heap after
{Heap after GC invocations=3 (full 0):
 garbage-first heap   total 129024K, used 71482K [0x0000000083200000, 0x0000000100000000)
  region size 1024K, 1 young (1024K), 1 survivors (1024K)
 Metaspace       used 4031K, committed 4160K, reserved 1056768K
  class space    used 276K, committed 320K, reserved 1048576K
}
Event: 0.674 GC heap before
{Heap before GC invocations=4 (full 0):
 garbage-first heap   total 129024K, used 105274K [0x0000000083200000, 0x0000000100000000)
  region size 1024K, 34 young (34816K), 1 survivors (1024K)
 Metaspace       used 4031K, committed 4160K, reserved 1056768K
  class space    used 276K, committed 320K, reserved 1048576K
}
Event: 0.674 GC heap after
{Heap after GC invocations=5 (full 0):
 garbage-first heap   total 129024K, used 71455K [0x0000000083200000, 0x0000000100000000)
  region size 1024K, 1 young (1024K), 1 survivors (1024K)
 Metaspace       used 4031K, committed 4160K, reserved 1056768K
  class space    used 276K, committed 320K, reserved 1048576K
}
Event: 0.706 GC heap before
{Heap before GC invocations=5 (full 0):
 garbage-first heap   total 129024K, used 107295K [0x0000000083200000, 0x0000000100000000)
  region size 1024K, 36 young (36864K), 1 survivors (1024K)
 Metaspace       used 4031K, committed 4160K, reserved 1056768K
  class space    used 276K, committed 320K, reserved 1048576K
}
Event: 0.706 GC heap after
{Heap after GC invocations=6 (full 0):
 garbage-first heap   total 129024K, used 71444K [0x0000000083200000, 0x0000000100000000)
  region size 1024K, 1 young (1024K), 1 survivors (1024K)
 Metaspace       used 4031K, committed 4160K, reserved 1056768K
  class space    used 276K, committed 320K, reserved 1048576K
}
Event: 0.862 GC heap before
{Heap before GC invocations=7 (full 0):
 garbage-first heap   total 129024K, used 108308K [0x0000000083200000, 0x0000000100000000)
  region size 1024K, 37 young (37888K), 1 survivors (1024K)
 Metaspace       used 4076K, committed 4224K, reserved 1056768K
  class space    used 278K, committed 320K, reserved 1048576K
}
Event: 0.866 GC heap after
{Heap after GC invocations=8 (full 0):
 garbage-first heap   total 185344K, used 12600K [0x0000000083200000, 0x0000000100000000)
  region size 1024K, 2 young (2048K), 2 survivors (2048K)
 Metaspace       used 4076K, committed 4224K, reserved 1056768K
  class space    used 278K, committed 320K, reserved 1048576K
}
Event: 0.953 GC heap before
{Heap before GC invocations=8 (full 0):
 garbage-first heap   total 185344K, used 123192K [0x0000000083200000, 0x0000000100000000)
  region size 1024K, 108 young (110592K), 2 survivors (2048K)
 Metaspace       used 4095K, committed 4224K, reserved 1056768K
  class space    used 278K, committed 320K, reserved 1048576K
}
Event: 0.963 GC heap after
{Heap after GC invocations=9 (full 0):
 garbage-first heap   total 185344K, used 19708K [0x0000000083200000, 0x0000000100000000)
  region size 1024K, 7 young (7168K), 7 survivors (7168K)
 Metaspace       used 4095K, committed 4224K, reserved 1056768K
  class space    used 278K, committed 320K, reserved 1048576K
}

Deoptimization events (20 events):
Event: 1.155 Thread 0x0000025bce358fa0 DEOPT PACKING pc=0x0000025bd6214261 sp=0x000000ea6a7fed20
Event: 1.155 Thread 0x0000025bce358fa0 DEOPT UNPACKING pc=0x0000025bd5b2e77e sp=0x000000ea6a7fe1b0 mode 0
Event: 1.155 Thread 0x0000025bce358fa0 DEOPT PACKING pc=0x0000025bd62137ef sp=0x000000ea6a7fece0
Event: 1.155 Thread 0x0000025bce358fa0 DEOPT UNPACKING pc=0x0000025bd5b2e77e sp=0x000000ea6a7fe190 mode 0
Event: 1.155 Thread 0x0000025bce358fa0 DEOPT PACKING pc=0x0000025bd62137ef sp=0x000000ea6a7fece0
Event: 1.155 Thread 0x0000025bce358fa0 DEOPT UNPACKING pc=0x0000025bd5b2e77e sp=0x000000ea6a7fe190 mode 0
Event: 1.155 Thread 0x0000025bce358fa0 DEOPT PACKING pc=0x0000025bd62137ef sp=0x000000ea6a7fece0
Event: 1.155 Thread 0x0000025bce358fa0 DEOPT UNPACKING pc=0x0000025bd5b2e77e sp=0x000000ea6a7fe190 mode 0
Event: 1.155 Thread 0x0000025bce358fa0 DEOPT PACKING pc=0x0000025bd62137ef sp=0x000000ea6a7fece0
Event: 1.155 Thread 0x0000025bce358fa0 DEOPT UNPACKING pc=0x0000025bd5b2e77e sp=0x000000ea6a7fe190 mode 0
Event: 1.156 Thread 0x0000025bce358fa0 DEOPT PACKING pc=0x0000025bd6214261 sp=0x000000ea6a7fed20
Event: 1.156 Thread 0x0000025bce358fa0 DEOPT UNPACKING pc=0x0000025bd5b2e77e sp=0x000000ea6a7fe1b0 mode 0
Event: 1.156 Thread 0x0000025bce358fa0 DEOPT PACKING pc=0x0000025bd62137ef sp=0x000000ea6a7fece0
Event: 1.156 Thread 0x0000025bce358fa0 DEOPT UNPACKING pc=0x0000025bd5b2e77e sp=0x000000ea6a7fe190 mode 0
Event: 1.156 Thread 0x0000025bce358fa0 DEOPT PACKING pc=0x0000025bd62137ef sp=0x000000ea6a7fece0
Event: 1.156 Thread 0x0000025bce358fa0 DEOPT UNPACKING pc=0x0000025bd5b2e77e sp=0x000000ea6a7fe190 mode 0
Event: 1.156 Thread 0x0000025bce358fa0 DEOPT PACKING pc=0x0000025bd62137ef sp=0x000000ea6a7fece0
Event: 1.156 Thread 0x0000025bce358fa0 DEOPT UNPACKING pc=0x0000025bd5b2e77e sp=0x000000ea6a7fe190 mode 0
Event: 1.156 Thread 0x0000025bce358fa0 DEOPT PACKING pc=0x0000025bd62137ef sp=0x000000ea6a7fece0
Event: 1.156 Thread 0x0000025bce358fa0 DEOPT UNPACKING pc=0x0000025bd5b2e77e sp=0x000000ea6a7fe190 mode 0

Classes unloaded (0 events):
No events

Classes redefined (0 events):
No events

Internal exceptions (6 events):
Event: 0.471 Thread 0x0000025bce358fa0 Exception <a 'java/lang/NoSuchMethodError'{0x000000008a6eb778}: 'void java.lang.invoke.DirectMethodHandle$Holder.invokeSpecial(java.lang.Object, java.lang.Object, java.lang.Object)'> (0x000000008a6eb778) 
thrown [t:\workspace\open\src\hotspot\share\interpreter\linkResolver.cpp, line 790]
Event: 0.476 Thread 0x0000025bce358fa0 Exception <a 'java/lang/ClassNotFoundException'{0x000000008a5020c0}: sun/awt/resources/spi/awtProvider> (0x000000008a5020c0) 
thrown [t:\workspace\open\src\hotspot\share\classfile\systemDictionary.cpp, line 256]
Event: 0.490 Thread 0x0000025bce358fa0 Exception <a 'java/io/FileNotFoundException'{0x000000008a559e28}> (0x000000008a559e28) 
thrown [t:\workspace\open\src\hotspot\share\prims\jni.cpp, line 579]
Event: 0.495 Thread 0x0000025bce358fa0 Exception <a 'java/io/FileNotFoundException'{0x000000008a588928}> (0x000000008a588928) 
thrown [t:\workspace\open\src\hotspot\share\prims\jni.cpp, line 579]
Event: 0.495 Thread 0x0000025bce358fa0 Exception <a 'java/lang/NoSuchMethodError'{0x000000008a589b20}: 'java.lang.Object java.lang.invoke.DirectMethodHandle$Holder.invokeStatic(java.lang.Object)'> (0x000000008a589b20) 
thrown [t:\workspace\open\src\hotspot\share\interpreter\linkResolver.cpp, line 790]
Event: 0.509 Thread 0x0000025bce358fa0 Exception <a 'java/lang/NoSuchMethodError'{0x000000008a5cdfb0}: 'java.lang.Object java.lang.invoke.DirectMethodHandle$Holder.invokeStaticInit(java.lang.Object)'> (0x000000008a5cdfb0) 
thrown [t:\workspace\open\src\hotspot\share\interpreter\linkResolver.cpp, line 790]

Events (20 events):
Event: 0.710 Executing  VM operation: G1Concurrent done
Event: 0.710 Executing  VM operation: G1Concurrent
Event: 0.710 Executing  VM operation: G1Concurrent done
Event: 0.815 loading class java/lang/StrictMath
Event: 0.815 loading class java/lang/StrictMath done
Event: 0.862 Executing  VM operation: G1CollectForAllocation
Event: 0.866 Executing  VM operation: G1CollectForAllocation done
Event: 0.953 Executing  VM operation: G1CollectForAllocation
Event: 0.963 Executing  VM operation: G1CollectForAllocation done
Event: 0.981 Executing  VM operation: HandshakeAllThreads
Event: 0.981 Executing  VM operation: HandshakeAllThreads done
Event: 1.038 loading class java/lang/AssertionError
Event: 1.038 loading class java/lang/AssertionError done
Event: 1.040 loading class java/lang/NoSuchFieldError
Event: 1.040 loading class java/lang/NoSuchFieldError done
Event: 1.116 Thread 0x0000025bf377d550 Thread exited: 0x0000025bf377d550
Event: 1.221 Thread 0x0000025beccaf5c0 Thread added: 0x0000025beccaf5c0
Event: 1.236 Thread 0x0000025beccaf5c0 Thread exited: 0x0000025beccaf5c0
Event: 1.236 Executing  VM operation: Exit
Event: 1.236 Thread 0x0000025bec245e70 Thread exited: 0x0000025bec245e70


Dynamic libraries:
0x00007ff75ba60000 - 0x00007ff75ba70000 	C:\Program Files\Java\jdk-16.0.1\bin\javaw.exe
0x00007fffc79e0000 - 0x00007fffc7be9000 	C:\WINDOWS\SYSTEM32\ntdll.dll
0x00007fffc6e60000 - 0x00007fffc6f1d000 	C:\WINDOWS\System32\KERNEL32.DLL
0x00007fffc52f0000 - 0x00007fffc5664000 	C:\WINDOWS\System32\KERNELBASE.dll
0x00007fffc4ed0000 - 0x00007fffc4fe1000 	C:\WINDOWS\System32\ucrtbase.dll
0x00007fff88fb0000 - 0x00007fff88fc8000 	C:\Program Files\Java\jdk-16.0.1\bin\jli.dll
0x00007fff885b0000 - 0x00007fff885c9000 	C:\Program Files\Java\jdk-16.0.1\bin\VCRUNTIME140.dll
0x00007fffc7190000 - 0x00007fffc723e000 	C:\WINDOWS\System32\ADVAPI32.dll
0x00007fffc75b0000 - 0x00007fffc7653000 	C:\WINDOWS\System32\msvcrt.dll
0x00007fffc6c10000 - 0x00007fffc6cae000 	C:\WINDOWS\System32\sechost.dll
0x00007fffc62e0000 - 0x00007fffc6400000 	C:\WINDOWS\System32\RPCRT4.dll
0x00007fffc5880000 - 0x00007fffc5a2c000 	C:\WINDOWS\System32\USER32.dll
0x00007fffc5670000 - 0x00007fffc5696000 	C:\WINDOWS\System32\win32u.dll
0x00007fffa5110000 - 0x00007fffa53b5000 	C:\WINDOWS\WinSxS\amd64_microsoft.windows.common-controls_6595b64144ccf1df_6.0.22000.120_none_9d947278b86cc467\COMCTL32.dll
0x00007fffc5a90000 - 0x00007fffc5ab9000 	C:\WINDOWS\System32\GDI32.dll
0x00007fffc4ff0000 - 0x00007fffc5102000 	C:\WINDOWS\System32\gdi32full.dll
0x00007fffc5720000 - 0x00007fffc57bd000 	C:\WINDOWS\System32\msvcp_win.dll
0x00007fffb8010000 - 0x00007fffb801a000 	C:\WINDOWS\SYSTEM32\VERSION.dll
0x00007fffc7320000 - 0x00007fffc7351000 	C:\WINDOWS\System32\IMM32.DLL
0x00007fffb6240000 - 0x00007fffb624c000 	C:\Program Files\Java\jdk-16.0.1\bin\vcruntime140_1.dll
0x00007fff5db90000 - 0x00007fff5dc21000 	C:\Program Files\Java\jdk-16.0.1\bin\msvcp140.dll
0x00007fff5cfe0000 - 0x00007fff5db8b000 	C:\Program Files\Java\jdk-16.0.1\bin\server\jvm.dll
0x00007fffc5e60000 - 0x00007fffc5e68000 	C:\WINDOWS\System32\PSAPI.DLL
0x00007fffb89b0000 - 0x00007fffb89e3000 	C:\WINDOWS\SYSTEM32\WINMM.dll
0x00007fffabc20000 - 0x00007fffabc29000 	C:\WINDOWS\SYSTEM32\WSOCK32.dll
0x00007fffc7360000 - 0x00007fffc73cf000 	C:\WINDOWS\System32\WS2_32.dll
0x00007fffc40c0000 - 0x00007fffc40d8000 	C:\WINDOWS\SYSTEM32\kernel.appcore.dll
0x00007fffb3660000 - 0x00007fffb366a000 	C:\Program Files\Java\jdk-16.0.1\bin\jimage.dll
0x00007fffc2830000 - 0x00007fffc2a51000 	C:\WINDOWS\SYSTEM32\DBGHELP.DLL
0x00007fffb2ac0000 - 0x00007fffb2af1000 	C:\WINDOWS\SYSTEM32\dbgcore.DLL
0x00007fffc56a0000 - 0x00007fffc571f000 	C:\WINDOWS\System32\bcryptPrimitives.dll
0x00007fff66070000 - 0x00007fff66095000 	C:\Program Files\Java\jdk-16.0.1\bin\java.dll
0x00007fffc6400000 - 0x00007fffc6baf000 	C:\WINDOWS\System32\SHELL32.dll
0x00007fffc3040000 - 0x00007fffc38a8000 	C:\WINDOWS\SYSTEM32\windows.storage.dll
0x00007fffc5ac0000 - 0x00007fffc5e38000 	C:\WINDOWS\System32\combase.dll
0x00007fffc2ed0000 - 0x00007fffc3036000 	C:\WINDOWS\SYSTEM32\wintypes.dll
0x00007fffc7820000 - 0x00007fffc790a000 	C:\WINDOWS\System32\SHCORE.dll
0x00007fffc76d0000 - 0x00007fffc772d000 	C:\WINDOWS\System32\shlwapi.dll
0x00007fffc4e00000 - 0x00007fffc4e21000 	C:\WINDOWS\SYSTEM32\profapi.dll
0x00007fff878c0000 - 0x00007fff878d9000 	C:\Program Files\Java\jdk-16.0.1\bin\net.dll
0x00007fffbb2a0000 - 0x00007fffbb3ac000 	C:\WINDOWS\SYSTEM32\WINHTTP.dll
0x00007fffc44f0000 - 0x00007fffc4557000 	C:\WINDOWS\system32\mswsock.dll
0x00007fff86380000 - 0x00007fff86393000 	C:\Program Files\Java\jdk-16.0.1\bin\nio.dll
0x00007fff84f30000 - 0x00007fff84f48000 	C:\Program Files\Java\jdk-16.0.1\bin\zip.dll
0x00007fffb27b0000 - 0x00007fffb27c0000 	C:\Program Files\Java\jdk-16.0.1\bin\verify.dll
0x0000000180000000 - 0x0000000180053000 	C:\Users\zivor\eclipse-workspace\graphics\libs\natives\lwjgl64.dll
0x00007fffac260000 - 0x00007fffac361000 	C:\WINDOWS\SYSTEM32\OPENGL32.dll
0x00007fffb3e00000 - 0x00007fffb3e2d000 	C:\WINDOWS\SYSTEM32\GLU32.dll
0x00007fffbe190000 - 0x00007fffbe1c8000 	C:\WINDOWS\SYSTEM32\dxcore.dll
0x00007fffba0b0000 - 0x00007fffba169000 	C:\WINDOWS\SYSTEM32\mscms.dll
0x00007fffc48b0000 - 0x00007fffc48d7000 	C:\WINDOWS\SYSTEM32\bcrypt.dll
0x00007fffc4bd0000 - 0x00007fffc4c1c000 	C:\WINDOWS\SYSTEM32\cfgmgr32.dll
0x00007fffc70e0000 - 0x00007fffc718f000 	C:\WINDOWS\System32\clbcatq.dll
0x00007fffb7e40000 - 0x00007fffb7e8a000 	C:\Windows\System32\Windows.Internal.Graphics.Display.DisplayColorManagement.dll
0x00007fffc7240000 - 0x00007fffc7316000 	C:\WINDOWS\System32\OLEAUT32.dll
0x00007fffbe0b0000 - 0x00007fffbe15c000 	C:\WINDOWS\system32\uxtheme.dll
0x00007fffc7490000 - 0x00007fffc75ae000 	C:\WINDOWS\System32\MSCTF.dll
0x00007fffbc680000 - 0x00007fffbc6c4000 	C:\WINDOWS\SYSTEM32\directxdatabasehelper.dll
0x00007fffbedc0000 - 0x00007fffbedf4000 	C:\WINDOWS\SYSTEM32\ntmarta.dll
0x00007fffb8730000 - 0x00007fffb8864000 	C:\Windows\System32\AppXDeploymentClient.dll
0x00007fffb8540000 - 0x00007fffb872f000 	C:\WINDOWS\SYSTEM32\urlmon.dll
0x00007fffb8130000 - 0x00007fffb8158000 	C:\Windows\System32\srvcli.dll
0x00007fffb8160000 - 0x00007fffb8413000 	C:\Windows\System32\iertutil.dll
0x00007fffc3b60000 - 0x00007fffc3b6c000 	C:\Windows\System32\netutils.dll
0x00007fff6ec30000 - 0x00007fff6fbb8000 	C:\WINDOWS\System32\DriverStore\FileRepository\iigd_dch.inf_amd64_14f1371ba3b66b34\igxelpicd64.dll
0x00007fffc6cc0000 - 0x00007fffc6e5a000 	C:\WINDOWS\System32\ole32.dll
0x00007fffbe310000 - 0x00007fffbe33f000 	C:\WINDOWS\system32\dwmapi.dll
0x00007fffbe1d0000 - 0x00007fffbe2c3000 	C:\WINDOWS\system32\dxgi.dll
0x00007fff76760000 - 0x00007fff76be7000 	C:\WINDOWS\System32\DriverStore\FileRepository\iigd_dch.inf_amd64_14f1371ba3b66b34\igdml64.dll
0x00007fffb5b10000 - 0x00007fffb5ee1000 	C:\WINDOWS\System32\DriverStore\FileRepository\iigd_dch.inf_amd64_14f1371ba3b66b34\igdgmm64.dll
0x00007fffa6330000 - 0x00007fffa645d000 	C:\WINDOWS\SYSTEM32\textinputframework.dll
0x00007fffbdd00000 - 0x00007fffbde32000 	C:\WINDOWS\SYSTEM32\CoreMessaging.dll
0x00007fffbb5a0000 - 0x00007fffbb90d000 	C:\WINDOWS\SYSTEM32\CoreUIComponents.dll
0x00007fffc4750000 - 0x00007fffc475c000 	C:\WINDOWS\SYSTEM32\CRYPTBASE.DLL
0x00007fffb1960000 - 0x00007fffb19a4000 	C:\WINDOWS\SYSTEM32\icm32.dll
0x00007fffae210000 - 0x00007fffb138b000 	C:\WINDOWS\System32\DriverStore\FileRepository\iigd_dch.inf_amd64_14f1371ba3b66b34\igc64.dll
0x00007fffc3fd0000 - 0x00007fffc401d000 	C:\WINDOWS\SYSTEM32\powrprof.dll
0x00007fffc3f60000 - 0x00007fffc3f73000 	C:\WINDOWS\SYSTEM32\UMPDC.dll
0x00007fff8db00000 - 0x00007fff8dc80000 	C:\Program Files\Java\jdk-16.0.1\bin\awt.dll
0x00007fffbdff0000 - 0x00007fffbe081000 	C:\WINDOWS\SYSTEM32\apphelp.dll

dbghelp: loaded successfully - version: 4.0.5 - missing functions: none
symbol engine: initialized successfully - sym options: 0x614 - pdb path: .;C:\Program Files\Java\jdk-16.0.1\bin;C:\WINDOWS\SYSTEM32;C:\WINDOWS\WinSxS\amd64_microsoft.windows.common-controls_6595b64144ccf1df_6.0.22000.120_none_9d947278b86cc467;C:\Program Files\Java\jdk-16.0.1\bin\server;C:\Users\zivor\eclipse-workspace\graphics\libs\natives;C:\WINDOWS\System32\DriverStore\FileRepository\iigd_dch.inf_amd64_14f1371ba3b66b34

VM Arguments:
jvm_args: -Djava.library.path=C:\Users\zivor\eclipse-workspace\graphics\libs\natives;C:\Users\zivor\eclipse-workspace\graphics\libs\natives -Dfile.encoding=Cp1255 -XX:+ShowCodeDetailsInExceptionMessages 
java_command: graphics.MainGameLoop
java_class_path (initial): C:\Users\zivor\eclipse-workspace\graphics\bin;C:\Users\zivor\eclipse-workspace\graphics\libs\jars\lwjgl_util.jar;C:\Users\zivor\eclipse-workspace\graphics\libs\jars\lwjgl.jar;C:\Users\zivor\eclipse-workspace\graphics\libs\jars\slick-util.jar;C:\Users\zivor\eclipse-workspace\graphics\libs\jars\PNGDecoder.jar
Launcher Type: SUN_STANDARD

[Global flags]
     intx CICompilerCount                          = 4                                         {product} {ergonomic}
     uint ConcGCThreads                            = 2                                         {product} {ergonomic}
     uint G1ConcRefinementThreads                  = 8                                         {product} {ergonomic}
   size_t G1HeapRegionSize                         = 1048576                                   {product} {ergonomic}
    uintx GCDrainStackTargetSize                   = 64                                        {product} {ergonomic}
   size_t InitialHeapSize                          = 132120576                                 {product} {ergonomic}
   size_t MarkStackSize                            = 4194304                                   {product} {ergonomic}
   size_t MaxHeapSize                              = 2095054848                                {product} {ergonomic}
   size_t MaxNewSize                               = 1256194048                                {product} {ergonomic}
   size_t MinHeapDeltaBytes                        = 1048576                                   {product} {ergonomic}
   size_t MinHeapSize                              = 8388608                                   {product} {ergonomic}
    uintx NonNMethodCodeHeapSize                   = 5839372                                {pd product} {ergonomic}
    uintx NonProfiledCodeHeapSize                  = 122909434                              {pd product} {ergonomic}
    uintx ProfiledCodeHeapSize                     = 122909434                              {pd product} {ergonomic}
    uintx ReservedCodeCacheSize                    = 251658240                              {pd product} {ergonomic}
     bool SegmentedCodeCache                       = true                                      {product} {ergonomic}
     bool ShowCodeDetailsInExceptionMessages       = true                                   {manageable} {command line}
   size_t SoftMaxHeapSize                          = 2095054848                             {manageable} {ergonomic}
     bool UseCompressedClassPointers               = true                           {product lp64_product} {ergonomic}
     bool UseCompressedOops                        = true                           {product lp64_product} {ergonomic}
     bool UseG1GC                                  = true                                      {product} {ergonomic}
     bool UseLargePagesIndividualAllocation        = false                                  {pd product} {ergonomic}

Logging:
Log output configuration:
 #0: stdout all=off uptime,level,tags
 #1: stderr all=off uptime,level,tags

Environment Variables:
PATH=C:\Program Files\Common Files\Oracle\Java\javapath;C:\Program Files\Python39\Scripts\;C:\Program Files\Python39\;C:\WINDOWS\system32;C:\WINDOWS;C:\WINDOWS\System32\Wbem;C:\WINDOWS\System32\WindowsPowerShell\v1.0\;C:\WINDOWS\System32\OpenSSH\;C:\Program Files\Java\jdk-16.0.1\bin;C:\Program Files\Git\cmd;C:\Users\zivor\AppData\Local\Microsoft\WindowsApps;C:\Program Files\JetBrains\PyCharm Community Edition 2021.1.3\bin;;C:\Program Files\JetBrains\IntelliJ IDEA Community Edition 2021.1.3\bin;;C:\Users\zivor\AppData\Local\GitHubDesktop\bin
USERNAME=zivor
OS=Windows_NT
PROCESSOR_IDENTIFIER=Intel64 Family 6 Model 140 Stepping 1, GenuineIntel



---------------  S Y S T E M  ---------------

OS:
 Windows 10 , 64 bit Build 22000 (10.0.22000.613)
OS uptime: 5 days 4:36 hours

CPU: total 8 (initial active 8) (4 cores per cpu, 2 threads per core) family 6 model 140 stepping 1 microcode 0x78, cx8, cmov, fxsr, ht, mmx, 3dnowpref, sse, sse2, sse3, ssse3, sse4.1, sse4.2, popcnt, lzcnt, tsc, tscinvbit, avx, avx2, aes, erms, clmul, bmi1, bmi2, adx, avx512f, avx512dq, avx512cd, avx512bw, avx512vl, sha, fma, vzeroupper, avx512_vpopcntdq, avx512_vpclmulqdq, avx512_vaes, avx512_vnni, clflush, clflushopt, clwb, avx512_vmbi2, avx512_vmbi

Memory: 4k page, system-wide physical 7991M (1682M free)
TotalPageFile size 11447M (AvailPageFile size 3460M)
current process WorkingSet (physical memory assigned to process): 582M, peak: 592M
current process commit charge ("private bytes"): 567M, peak: 567M

vm_info: Java HotSpot(TM) 64-Bit Server VM (16.0.1+9-24) for windows-amd64 JRE (16.0.1+9-24), built on Mar 26 2021 19:31:42 by "mach5one" with MS VC++ 16.7 (VS2019)

END.
